[2.003s] Invoking command in '/home/hashizume/experiment/src/forward_vs': PYTHONPATH=/home/hashizume/experiment/build/forward_vs/prefix_override:/usr/lib/python3/dist-packages/colcon_core/task/python/colcon_distutils_commands:/home/hashizume/experiment/install/forward_vs/lib/python3.10/site-packages: /usr/bin/python3 -W ignore:setup.py install is deprecated -W ignore:easy_install command is deprecated setup.py egg_info --egg-base ../../build/forward_vs build --build-base /home/hashizume/experiment/build/forward_vs/build install --record /home/hashizume/experiment/build/forward_vs/install.log --single-version-externally-managed install_data
[2.183s] running egg_info
[2.183s] creating ../../build/forward_vs/forward_vs.egg-info
[2.184s] writing ../../build/forward_vs/forward_vs.egg-info/PKG-INFO
[2.184s] writing dependency_links to ../../build/forward_vs/forward_vs.egg-info/dependency_links.txt
[2.184s] writing entry points to ../../build/forward_vs/forward_vs.egg-info/entry_points.txt
[2.184s] writing requirements to ../../build/forward_vs/forward_vs.egg-info/requires.txt
[2.185s] writing top-level names to ../../build/forward_vs/forward_vs.egg-info/top_level.txt
[2.185s] writing manifest file '../../build/forward_vs/forward_vs.egg-info/SOURCES.txt'
[2.186s] reading manifest file '../../build/forward_vs/forward_vs.egg-info/SOURCES.txt'
[2.187s] writing manifest file '../../build/forward_vs/forward_vs.egg-info/SOURCES.txt'
[2.187s] running build
[2.187s] running build_py
[2.187s] creating /home/hashizume/experiment/build/forward_vs/build
[2.187s] creating /home/hashizume/experiment/build/forward_vs/build/lib
[2.188s] creating /home/hashizume/experiment/build/forward_vs/build/lib/forward_vs
[2.188s] copying forward_vs/__init__.py -> /home/hashizume/experiment/build/forward_vs/build/lib/forward_vs
[2.188s] running install
[2.188s] running install_lib
[2.188s] creating /home/hashizume/experiment/install/forward_vs/lib/python3.10/site-packages/forward_vs
[2.188s] copying /home/hashizume/experiment/build/forward_vs/build/lib/forward_vs/__init__.py -> /home/hashizume/experiment/install/forward_vs/lib/python3.10/site-packages/forward_vs
[2.189s] byte-compiling /home/hashizume/experiment/install/forward_vs/lib/python3.10/site-packages/forward_vs/__init__.py to __init__.cpython-310.pyc
[2.189s] running install_data
[2.190s] creating /home/hashizume/experiment/install/forward_vs/share/ament_index
[2.190s] creating /home/hashizume/experiment/install/forward_vs/share/ament_index/resource_index
[2.190s] creating /home/hashizume/experiment/install/forward_vs/share/ament_index/resource_index/packages
[2.190s] copying resource/forward_vs -> /home/hashizume/experiment/install/forward_vs/share/ament_index/resource_index/packages
[2.190s] copying package.xml -> /home/hashizume/experiment/install/forward_vs/share/forward_vs
[2.191s] running install_egg_info
[2.192s] Copying ../../build/forward_vs/forward_vs.egg-info to /home/hashizume/experiment/install/forward_vs/lib/python3.10/site-packages/forward_vs-0.0.0-py3.10.egg-info
[2.193s] running install_scripts
[2.212s] writing list of installed files to '/home/hashizume/experiment/build/forward_vs/install.log'
[2.288s] Invoked command in '/home/hashizume/experiment/src/forward_vs' returned '0': PYTHONPATH=/home/hashizume/experiment/build/forward_vs/prefix_override:/usr/lib/python3/dist-packages/colcon_core/task/python/colcon_distutils_commands:/home/hashizume/experiment/install/forward_vs/lib/python3.10/site-packages: /usr/bin/python3 -W ignore:setup.py install is deprecated -W ignore:easy_install command is deprecated setup.py egg_info --egg-base ../../build/forward_vs build --build-base /home/hashizume/experiment/build/forward_vs/build install --record /home/hashizume/experiment/build/forward_vs/install.log --single-version-externally-managed install_data
