[0.594s] Invoking command in '/home/hashizume/experiment/experiment/src/square_vs': PYTHONPATH=/home/hashizume/experiment/experiment/build/square_vs/prefix_override:/usr/lib/python3/dist-packages/colcon_core/task/python/colcon_distutils_commands:/home/hashizume/experiment/experiment/install/square_vs/lib/python3.10/site-packages:${PYTHONPATH} /usr/bin/python3 -W ignore:setup.py install is deprecated -W ignore:easy_install command is deprecated setup.py egg_info --egg-base ../../build/square_vs build --build-base /home/hashizume/experiment/experiment/build/square_vs/build install --record /home/hashizume/experiment/experiment/build/square_vs/install.log --single-version-externally-managed
[0.789s] running egg_info
[0.790s] writing ../../build/square_vs/square_vs.egg-info/PKG-INFO
[0.790s] writing dependency_links to ../../build/square_vs/square_vs.egg-info/dependency_links.txt
[0.790s] writing entry points to ../../build/square_vs/square_vs.egg-info/entry_points.txt
[0.790s] writing requirements to ../../build/square_vs/square_vs.egg-info/requires.txt
[0.790s] writing top-level names to ../../build/square_vs/square_vs.egg-info/top_level.txt
[0.792s] reading manifest file '../../build/square_vs/square_vs.egg-info/SOURCES.txt'
[0.792s] writing manifest file '../../build/square_vs/square_vs.egg-info/SOURCES.txt'
[0.792s] running build
[0.792s] running build_py
[0.793s] copying square_vs/square_vs.py -> /home/hashizume/experiment/experiment/build/square_vs/build/lib/square_vs
[0.794s] running install
[0.794s] running install_lib
[0.795s] copying /home/hashizume/experiment/experiment/build/square_vs/build/lib/square_vs/square_vs.py -> /home/hashizume/experiment/experiment/install/square_vs/lib/python3.10/site-packages/square_vs
[0.795s] byte-compiling /home/hashizume/experiment/experiment/install/square_vs/lib/python3.10/site-packages/square_vs/square_vs.py to square_vs.cpython-310.pyc
[0.797s] running install_egg_info
[0.798s] removing '/home/hashizume/experiment/experiment/install/square_vs/lib/python3.10/site-packages/square_vs-0.0.0-py3.10.egg-info' (and everything under it)
[0.798s] Copying ../../build/square_vs/square_vs.egg-info to /home/hashizume/experiment/experiment/install/square_vs/lib/python3.10/site-packages/square_vs-0.0.0-py3.10.egg-info
[0.799s] running install_scripts
[0.816s] Installing square_vs script to /home/hashizume/experiment/experiment/install/square_vs/lib/square_vs
[0.816s] writing list of installed files to '/home/hashizume/experiment/experiment/build/square_vs/install.log'
[0.841s] Invoked command in '/home/hashizume/experiment/experiment/src/square_vs' returned '0': PYTHONPATH=/home/hashizume/experiment/experiment/build/square_vs/prefix_override:/usr/lib/python3/dist-packages/colcon_core/task/python/colcon_distutils_commands:/home/hashizume/experiment/experiment/install/square_vs/lib/python3.10/site-packages:${PYTHONPATH} /usr/bin/python3 -W ignore:setup.py install is deprecated -W ignore:easy_install command is deprecated setup.py egg_info --egg-base ../../build/square_vs build --build-base /home/hashizume/experiment/experiment/build/square_vs/build install --record /home/hashizume/experiment/experiment/build/square_vs/install.log --single-version-externally-managed
