[2.247s] Invoking command in '/home/hashizume/experiment/src/square_gradual': PYTHONPATH=/home/hashizume/experiment/build/square_gradual/prefix_override:/usr/lib/python3/dist-packages/colcon_core/task/python/colcon_distutils_commands:/home/hashizume/experiment/install/square_gradual/lib/python3.10/site-packages:${PYTHONPATH} /usr/bin/python3 -W ignore:setup.py install is deprecated -W ignore:easy_install command is deprecated setup.py egg_info --egg-base ../../build/square_gradual build --build-base /home/hashizume/experiment/build/square_gradual/build install --record /home/hashizume/experiment/build/square_gradual/install.log --single-version-externally-managed
[2.460s] running egg_info
[2.461s] writing ../../build/square_gradual/square_gradual.egg-info/PKG-INFO
[2.461s] writing dependency_links to ../../build/square_gradual/square_gradual.egg-info/dependency_links.txt
[2.462s] writing entry points to ../../build/square_gradual/square_gradual.egg-info/entry_points.txt
[2.462s] writing requirements to ../../build/square_gradual/square_gradual.egg-info/requires.txt
[2.462s] writing top-level names to ../../build/square_gradual/square_gradual.egg-info/top_level.txt
[2.463s] reading manifest file '../../build/square_gradual/square_gradual.egg-info/SOURCES.txt'
[2.464s] writing manifest file '../../build/square_gradual/square_gradual.egg-info/SOURCES.txt'
[2.464s] running build
[2.464s] running build_py
[2.464s] running install
[2.465s] running install_lib
[2.467s] running install_egg_info
[2.469s] removing '/home/hashizume/experiment/install/square_gradual/lib/python3.10/site-packages/square_gradual-0.0.0-py3.10.egg-info' (and everything under it)
[2.469s] Copying ../../build/square_gradual/square_gradual.egg-info to /home/hashizume/experiment/install/square_gradual/lib/python3.10/site-packages/square_gradual-0.0.0-py3.10.egg-info
[2.470s] running install_scripts
[2.488s] Installing square_gradual script to /home/hashizume/experiment/install/square_gradual/lib/square_gradual
[2.488s] writing list of installed files to '/home/hashizume/experiment/build/square_gradual/install.log'
[2.557s] Invoked command in '/home/hashizume/experiment/src/square_gradual' returned '0': PYTHONPATH=/home/hashizume/experiment/build/square_gradual/prefix_override:/usr/lib/python3/dist-packages/colcon_core/task/python/colcon_distutils_commands:/home/hashizume/experiment/install/square_gradual/lib/python3.10/site-packages:${PYTHONPATH} /usr/bin/python3 -W ignore:setup.py install is deprecated -W ignore:easy_install command is deprecated setup.py egg_info --egg-base ../../build/square_gradual build --build-base /home/hashizume/experiment/build/square_gradual/build install --record /home/hashizume/experiment/build/square_gradual/install.log --single-version-externally-managed
