/home/hashizume/experiment/install/infra_enhancer/lib/python3.10/site-packages/infra_enhancer/normalize_node.py
/home/hashizume/experiment/install/infra_enhancer/lib/python3.10/site-packages/infra_enhancer/spike_node.py
/home/hashizume/experiment/install/infra_enhancer/lib/python3.10/site-packages/infra_enhancer/denoise_node.py
/home/hashizume/experiment/install/infra_enhancer/lib/python3.10/site-packages/infra_enhancer/ldfe_node.py
/home/hashizume/experiment/install/infra_enhancer/lib/python3.10/site-packages/infra_enhancer/edge_node.py
/home/hashizume/experiment/install/infra_enhancer/lib/python3.10/site-packages/infra_enhancer/unsharp_node.py
/home/hashizume/experiment/install/infra_enhancer/lib/python3.10/site-packages/infra_enhancer/clahe_node.py
/home/hashizume/experiment/install/infra_enhancer/lib/python3.10/site-packages/infra_enhancer/__init__.py
/home/hashizume/experiment/install/infra_enhancer/lib/python3.10/site-packages/infra_enhancer/image_utils.py
/home/hashizume/experiment/install/infra_enhancer/lib/python3.10/site-packages/infra_enhancer/enhancer_node.py
/home/hashizume/experiment/install/infra_enhancer/lib/python3.10/site-packages/infra_enhancer/__pycache__/normalize_node.cpython-310.pyc
/home/hashizume/experiment/install/infra_enhancer/lib/python3.10/site-packages/infra_enhancer/__pycache__/spike_node.cpython-310.pyc
/home/hashizume/experiment/install/infra_enhancer/lib/python3.10/site-packages/infra_enhancer/__pycache__/denoise_node.cpython-310.pyc
/home/hashizume/experiment/install/infra_enhancer/lib/python3.10/site-packages/infra_enhancer/__pycache__/ldfe_node.cpython-310.pyc
/home/hashizume/experiment/install/infra_enhancer/lib/python3.10/site-packages/infra_enhancer/__pycache__/edge_node.cpython-310.pyc
/home/hashizume/experiment/install/infra_enhancer/lib/python3.10/site-packages/infra_enhancer/__pycache__/unsharp_node.cpython-310.pyc
/home/hashizume/experiment/install/infra_enhancer/lib/python3.10/site-packages/infra_enhancer/__pycache__/clahe_node.cpython-310.pyc
/home/hashizume/experiment/install/infra_enhancer/lib/python3.10/site-packages/infra_enhancer/__pycache__/__init__.cpython-310.pyc
/home/hashizume/experiment/install/infra_enhancer/lib/python3.10/site-packages/infra_enhancer/__pycache__/image_utils.cpython-310.pyc
/home/hashizume/experiment/install/infra_enhancer/lib/python3.10/site-packages/infra_enhancer/__pycache__/enhancer_node.cpython-310.pyc
/home/hashizume/experiment/install/infra_enhancer/share/ament_index/resource_index/packages/infra_enhancer
/home/hashizume/experiment/install/infra_enhancer/share/infra_enhancer/package.xml
/home/hashizume/experiment/install/infra_enhancer/share/infra_enhancer/launch/ldfe_pipeline_launch.py
/home/hashizume/experiment/install/infra_enhancer/share/infra_enhancer/launch/bilateral_ldfe_launch.py
/home/hashizume/experiment/install/infra_enhancer/share/infra_enhancer/launch/spike_pipeline_launch.py
/home/hashizume/experiment/install/infra_enhancer/share/infra_enhancer/launch/edge_pipeline_launch.py
/home/hashizume/experiment/install/infra_enhancer/share/infra_enhancer/launch/bilateral_ldfe_unsharp_launch.py
/home/hashizume/experiment/install/infra_enhancer/share/infra_enhancer/launch/infra_pipeline_launch.py
/home/hashizume/experiment/install/infra_enhancer/share/infra_enhancer/launch/bilateral_ldfe_sobel_launch.py
/home/hashizume/experiment/install/infra_enhancer/lib/infra_enhancer/infra_enhancer_node
/home/hashizume/experiment/install/infra_enhancer/lib/python3.10/site-packages/infra_enhancer-0.1.0-py3.10.egg-info/SOURCES.txt
/home/hashizume/experiment/install/infra_enhancer/lib/python3.10/site-packages/infra_enhancer-0.1.0-py3.10.egg-info/PKG-INFO
/home/hashizume/experiment/install/infra_enhancer/lib/python3.10/site-packages/infra_enhancer-0.1.0-py3.10.egg-info/entry_points.txt
/home/hashizume/experiment/install/infra_enhancer/lib/python3.10/site-packages/infra_enhancer-0.1.0-py3.10.egg-info/zip-safe
/home/hashizume/experiment/install/infra_enhancer/lib/python3.10/site-packages/infra_enhancer-0.1.0-py3.10.egg-info/requires.txt
/home/hashizume/experiment/install/infra_enhancer/lib/python3.10/site-packages/infra_enhancer-0.1.0-py3.10.egg-info/dependency_links.txt
/home/hashizume/experiment/install/infra_enhancer/lib/python3.10/site-packages/infra_enhancer-0.1.0-py3.10.egg-info/top_level.txt
/home/hashizume/experiment/install/infra_enhancer/lib/infra_enhancer/clahe_node
/home/hashizume/experiment/install/infra_enhancer/lib/infra_enhancer/denoise_node
/home/hashizume/experiment/install/infra_enhancer/lib/infra_enhancer/edge_node
/home/hashizume/experiment/install/infra_enhancer/lib/infra_enhancer/ldfe_node
/home/hashizume/experiment/install/infra_enhancer/lib/infra_enhancer/normalize_node
/home/hashizume/experiment/install/infra_enhancer/lib/infra_enhancer/spike_node
/home/hashizume/experiment/install/infra_enhancer/lib/infra_enhancer/unsharp_node
