running egg_info
writing ../../build/forward_vs/forward_vs.egg-info/PKG-INFO
writing dependency_links to ../../build/forward_vs/forward_vs.egg-info/dependency_links.txt
writing entry points to ../../build/forward_vs/forward_vs.egg-info/entry_points.txt
writing requirements to ../../build/forward_vs/forward_vs.egg-info/requires.txt
writing top-level names to ../../build/forward_vs/forward_vs.egg-info/top_level.txt
reading manifest file '../../build/forward_vs/forward_vs.egg-info/SOURCES.txt'
writing manifest file '../../build/forward_vs/forward_vs.egg-info/SOURCES.txt'
running build
running build_py
copying forward_vs/forward_vs.py -> /home/hashizume/experiment/build/forward_vs/build/lib/forward_vs
running install
running install_lib
copying /home/hashizume/experiment/build/forward_vs/build/lib/forward_vs/forward_vs.py -> /home/hashizume/experiment/install/forward_vs/lib/python3.10/site-packages/forward_vs
byte-compiling /home/hashizume/experiment/install/forward_vs/lib/python3.10/site-packages/forward_vs/forward_vs.py to forward_vs.cpython-310.pyc
running install_egg_info
removing '/home/hashizume/experiment/install/forward_vs/lib/python3.10/site-packages/forward_vs-0.0.0-py3.10.egg-info' (and everything under it)
Copying ../../build/forward_vs/forward_vs.egg-info to /home/hashizume/experiment/install/forward_vs/lib/python3.10/site-packages/forward_vs-0.0.0-py3.10.egg-info
running install_scripts
Installing forward_vs script to /home/hashizume/experiment/install/forward_vs/lib/forward_vs
writing list of installed files to '/home/hashizume/experiment/build/forward_vs/install.log'
