[0.581s] Invoking command in '/home/hashizume/experiment/experiment/src/infra_enhancer': PYTHONPATH=/home/hashizume/experiment/experiment/build/infra_enhancer/prefix_override:/usr/lib/python3/dist-packages/colcon_core/task/python/colcon_distutils_commands:/home/hashizume/experiment/experiment/install/infra_enhancer/lib/python3.10/site-packages:${PYTHONPATH} /usr/bin/python3 -W ignore:setup.py install is deprecated -W ignore:easy_install command is deprecated setup.py egg_info --egg-base ../../build/infra_enhancer build --build-base /home/hashizume/experiment/experiment/build/infra_enhancer/build install --record /home/hashizume/experiment/experiment/build/infra_enhancer/install.log --single-version-externally-managed install_data
[0.827s] running egg_info
[0.827s] creating ../../build/infra_enhancer/infra_enhancer.egg-info
[0.828s] writing ../../build/infra_enhancer/infra_enhancer.egg-info/PKG-INFO
[0.828s] writing dependency_links to ../../build/infra_enhancer/infra_enhancer.egg-info/dependency_links.txt
[0.828s] writing entry points to ../../build/infra_enhancer/infra_enhancer.egg-info/entry_points.txt
[0.828s] writing requirements to ../../build/infra_enhancer/infra_enhancer.egg-info/requires.txt
[0.828s] writing top-level names to ../../build/infra_enhancer/infra_enhancer.egg-info/top_level.txt
[0.829s] writing manifest file '../../build/infra_enhancer/infra_enhancer.egg-info/SOURCES.txt'
[0.830s] reading manifest file '../../build/infra_enhancer/infra_enhancer.egg-info/SOURCES.txt'
[0.831s] writing manifest file '../../build/infra_enhancer/infra_enhancer.egg-info/SOURCES.txt'
[0.831s] running build
[0.831s] running build_py
[0.832s] creating /home/hashizume/experiment/experiment/build/infra_enhancer/build
[0.832s] creating /home/hashizume/experiment/experiment/build/infra_enhancer/build/lib
[0.832s] creating /home/hashizume/experiment/experiment/build/infra_enhancer/build/lib/infra_enhancer
[0.832s] copying infra_enhancer/enhancer_node.py -> /home/hashizume/experiment/experiment/build/infra_enhancer/build/lib/infra_enhancer
[0.832s] copying infra_enhancer/__init__.py -> /home/hashizume/experiment/experiment/build/infra_enhancer/build/lib/infra_enhancer
[0.832s] running install
[0.832s] running install_lib
[0.833s] creating /home/hashizume/experiment/experiment/install/infra_enhancer/lib/python3.10/site-packages/infra_enhancer
[0.833s] copying /home/hashizume/experiment/experiment/build/infra_enhancer/build/lib/infra_enhancer/enhancer_node.py -> /home/hashizume/experiment/experiment/install/infra_enhancer/lib/python3.10/site-packages/infra_enhancer
[0.833s] copying /home/hashizume/experiment/experiment/build/infra_enhancer/build/lib/infra_enhancer/__init__.py -> /home/hashizume/experiment/experiment/install/infra_enhancer/lib/python3.10/site-packages/infra_enhancer
[0.834s] byte-compiling /home/hashizume/experiment/experiment/install/infra_enhancer/lib/python3.10/site-packages/infra_enhancer/enhancer_node.py to enhancer_node.cpython-310.pyc
[0.836s] byte-compiling /home/hashizume/experiment/experiment/install/infra_enhancer/lib/python3.10/site-packages/infra_enhancer/__init__.py to __init__.cpython-310.pyc
[0.836s] running install_data
[0.836s] creating /home/hashizume/experiment/experiment/install/infra_enhancer/share/ament_index
[0.836s] creating /home/hashizume/experiment/experiment/install/infra_enhancer/share/ament_index/resource_index
[0.836s] creating /home/hashizume/experiment/experiment/install/infra_enhancer/share/ament_index/resource_index/packages
[0.836s] copying resource/infra_enhancer -> /home/hashizume/experiment/experiment/install/infra_enhancer/share/ament_index/resource_index/packages
[0.836s] copying package.xml -> /home/hashizume/experiment/experiment/install/infra_enhancer/share/infra_enhancer
[0.836s] creating /home/hashizume/experiment/experiment/install/infra_enhancer/lib/infra_enhancer
[0.837s] copying scripts/infra_enhancer_node -> /home/hashizume/experiment/experiment/install/infra_enhancer/lib/infra_enhancer
[0.837s] running install_egg_info
[0.839s] Copying ../../build/infra_enhancer/infra_enhancer.egg-info to /home/hashizume/experiment/experiment/install/infra_enhancer/lib/python3.10/site-packages/infra_enhancer-0.0.1-py3.10.egg-info
[0.840s] running install_scripts
[0.865s] Installing infra_enhancer_node script to /home/hashizume/experiment/experiment/install/infra_enhancer/bin
[0.865s] writing list of installed files to '/home/hashizume/experiment/experiment/build/infra_enhancer/install.log'
[0.899s] Invoked command in '/home/hashizume/experiment/experiment/src/infra_enhancer' returned '0': PYTHONPATH=/home/hashizume/experiment/experiment/build/infra_enhancer/prefix_override:/usr/lib/python3/dist-packages/colcon_core/task/python/colcon_distutils_commands:/home/hashizume/experiment/experiment/install/infra_enhancer/lib/python3.10/site-packages:${PYTHONPATH} /usr/bin/python3 -W ignore:setup.py install is deprecated -W ignore:easy_install command is deprecated setup.py egg_info --egg-base ../../build/infra_enhancer build --build-base /home/hashizume/experiment/experiment/build/infra_enhancer/build install --record /home/hashizume/experiment/experiment/build/infra_enhancer/install.log --single-version-externally-managed install_data
