running egg_info
writing ../../build/infra_enhancer/infra_enhancer.egg-info/PKG-INFO
writing dependency_links to ../../build/infra_enhancer/infra_enhancer.egg-info/dependency_links.txt
writing entry points to ../../build/infra_enhancer/infra_enhancer.egg-info/entry_points.txt
writing requirements to ../../build/infra_enhancer/infra_enhancer.egg-info/requires.txt
writing top-level names to ../../build/infra_enhancer/infra_enhancer.egg-info/top_level.txt
reading manifest file '../../build/infra_enhancer/infra_enhancer.egg-info/SOURCES.txt'
writing manifest file '../../build/infra_enhancer/infra_enhancer.egg-info/SOURCES.txt'
running build
running build_py
copying infra_enhancer/enhancer_node.py -> /home/hashizume/experiment/build/infra_enhancer/build/lib/infra_enhancer
running install
running install_lib
copying /home/hashizume/experiment/build/infra_enhancer/build/lib/infra_enhancer/enhancer_node.py -> /home/hashizume/experiment/install/infra_enhancer/lib/python3.10/site-packages/infra_enhancer
byte-compiling /home/hashizume/experiment/install/infra_enhancer/lib/python3.10/site-packages/infra_enhancer/enhancer_node.py to enhancer_node.cpython-310.pyc
running install_data
running install_egg_info
removing '/home/hashizume/experiment/install/infra_enhancer/lib/python3.10/site-packages/infra_enhancer-0.0.1-py3.10.egg-info' (and everything under it)
Copying ../../build/infra_enhancer/infra_enhancer.egg-info to /home/hashizume/experiment/install/infra_enhancer/lib/python3.10/site-packages/infra_enhancer-0.0.1-py3.10.egg-info
running install_scripts
Installing infra_enhancer_node script to /home/hashizume/experiment/install/infra_enhancer/bin
writing list of installed files to '/home/hashizume/experiment/build/infra_enhancer/install.log'
