running egg_info
writing ../../build/forward_odom/forward_odom.egg-info/PKG-INFO
writing dependency_links to ../../build/forward_odom/forward_odom.egg-info/dependency_links.txt
writing entry points to ../../build/forward_odom/forward_odom.egg-info/entry_points.txt
writing requirements to ../../build/forward_odom/forward_odom.egg-info/requires.txt
writing top-level names to ../../build/forward_odom/forward_odom.egg-info/top_level.txt
reading manifest file '../../build/forward_odom/forward_odom.egg-info/SOURCES.txt'
writing manifest file '../../build/forward_odom/forward_odom.egg-info/SOURCES.txt'
running build
running build_py
copying forward_odom/forward_odom.py -> /home/hashizume/experiment/build/forward_odom/build/lib/forward_odom
running install
running install_lib
copying /home/hashizume/experiment/build/forward_odom/build/lib/forward_odom/forward_odom.py -> /home/hashizume/experiment/install/forward_odom/lib/python3.10/site-packages/forward_odom
byte-compiling /home/hashizume/experiment/install/forward_odom/lib/python3.10/site-packages/forward_odom/forward_odom.py to forward_odom.cpython-310.pyc
running install_data
running install_egg_info
removing '/home/hashizume/experiment/install/forward_odom/lib/python3.10/site-packages/forward_odom-0.0.0-py3.10.egg-info' (and everything under it)
Copying ../../build/forward_odom/forward_odom.egg-info to /home/hashizume/experiment/install/forward_odom/lib/python3.10/site-packages/forward_odom-0.0.0-py3.10.egg-info
running install_scripts
writing list of installed files to '/home/hashizume/experiment/build/forward_odom/install.log'
