[1.880s] Invoking command in '/home/hashizume/experiment/src/forward_odom': PYTHONPATH=/home/hashizume/experiment/build/forward_odom/prefix_override:/usr/lib/python3/dist-packages/colcon_core/task/python/colcon_distutils_commands:/home/hashizume/experiment/install/forward_odom/lib/python3.10/site-packages:${PYTHONPATH} /usr/bin/python3 -W ignore:setup.py install is deprecated -W ignore:easy_install command is deprecated setup.py egg_info --egg-base ../../build/forward_odom build --build-base /home/hashizume/experiment/build/forward_odom/build install --record /home/hashizume/experiment/build/forward_odom/install.log --single-version-externally-managed install_data
[2.120s] running egg_info
[2.121s] writing ../../build/forward_odom/forward_odom.egg-info/PKG-INFO
[2.121s] writing dependency_links to ../../build/forward_odom/forward_odom.egg-info/dependency_links.txt
[2.121s] writing entry points to ../../build/forward_odom/forward_odom.egg-info/entry_points.txt
[2.122s] writing requirements to ../../build/forward_odom/forward_odom.egg-info/requires.txt
[2.122s] writing top-level names to ../../build/forward_odom/forward_odom.egg-info/top_level.txt
[2.127s] reading manifest file '../../build/forward_odom/forward_odom.egg-info/SOURCES.txt'
[2.128s] writing manifest file '../../build/forward_odom/forward_odom.egg-info/SOURCES.txt'
[2.128s] running build
[2.128s] running build_py
[2.128s] copying forward_odom/forward_odom.py -> /home/hashizume/experiment/build/forward_odom/build/lib/forward_odom
[2.128s] running install
[2.129s] running install_lib
[2.130s] copying /home/hashizume/experiment/build/forward_odom/build/lib/forward_odom/forward_odom.py -> /home/hashizume/experiment/install/forward_odom/lib/python3.10/site-packages/forward_odom
[2.130s] byte-compiling /home/hashizume/experiment/install/forward_odom/lib/python3.10/site-packages/forward_odom/forward_odom.py to forward_odom.cpython-310.pyc
[2.132s] running install_data
[2.132s] running install_egg_info
[2.135s] removing '/home/hashizume/experiment/install/forward_odom/lib/python3.10/site-packages/forward_odom-0.0.0-py3.10.egg-info' (and everything under it)
[2.135s] Copying ../../build/forward_odom/forward_odom.egg-info to /home/hashizume/experiment/install/forward_odom/lib/python3.10/site-packages/forward_odom-0.0.0-py3.10.egg-info
[2.136s] running install_scripts
[2.157s] writing list of installed files to '/home/hashizume/experiment/build/forward_odom/install.log'
[2.205s] Invoked command in '/home/hashizume/experiment/src/forward_odom' returned '0': PYTHONPATH=/home/hashizume/experiment/build/forward_odom/prefix_override:/usr/lib/python3/dist-packages/colcon_core/task/python/colcon_distutils_commands:/home/hashizume/experiment/install/forward_odom/lib/python3.10/site-packages:${PYTHONPATH} /usr/bin/python3 -W ignore:setup.py install is deprecated -W ignore:easy_install command is deprecated setup.py egg_info --egg-base ../../build/forward_odom build --build-base /home/hashizume/experiment/build/forward_odom/build install --record /home/hashizume/experiment/build/forward_odom/install.log --single-version-externally-managed install_data
