[1.815s] Invoking command in '/home/hashizume/experiment/src/square_vs': PYTHONPATH=/home/hashizume/experiment/build/square_vs/prefix_override:/usr/lib/python3/dist-packages/colcon_core/task/python/colcon_distutils_commands:/home/hashizume/experiment/install/square_vs/lib/python3.10/site-packages:${PYTHONPATH} /usr/bin/python3 -W ignore:setup.py install is deprecated -W ignore:easy_install command is deprecated setup.py egg_info --egg-base ../../build/square_vs build --build-base /home/hashizume/experiment/build/square_vs/build install --record /home/hashizume/experiment/build/square_vs/install.log --single-version-externally-managed install_data
[2.084s] running egg_info
[2.085s] writing ../../build/square_vs/square_vs.egg-info/PKG-INFO
[2.085s] writing dependency_links to ../../build/square_vs/square_vs.egg-info/dependency_links.txt
[2.085s] writing entry points to ../../build/square_vs/square_vs.egg-info/entry_points.txt
[2.085s] writing requirements to ../../build/square_vs/square_vs.egg-info/requires.txt
[2.085s] writing top-level names to ../../build/square_vs/square_vs.egg-info/top_level.txt
[2.088s] reading manifest file '../../build/square_vs/square_vs.egg-info/SOURCES.txt'
[2.089s] writing manifest file '../../build/square_vs/square_vs.egg-info/SOURCES.txt'
[2.089s] running build
[2.089s] running build_py
[2.089s] running install
[2.089s] running install_lib
[2.091s] running install_data
[2.091s] running install_egg_info
[2.093s] removing '/home/hashizume/experiment/install/square_vs/lib/python3.10/site-packages/square_vs-0.0.0-py3.10.egg-info' (and everything under it)
[2.093s] Copying ../../build/square_vs/square_vs.egg-info to /home/hashizume/experiment/install/square_vs/lib/python3.10/site-packages/square_vs-0.0.0-py3.10.egg-info
[2.094s] running install_scripts
[2.114s] writing list of installed files to '/home/hashizume/experiment/build/square_vs/install.log'
[2.158s] Invoked command in '/home/hashizume/experiment/src/square_vs' returned '0': PYTHONPATH=/home/hashizume/experiment/build/square_vs/prefix_override:/usr/lib/python3/dist-packages/colcon_core/task/python/colcon_distutils_commands:/home/hashizume/experiment/install/square_vs/lib/python3.10/site-packages:${PYTHONPATH} /usr/bin/python3 -W ignore:setup.py install is deprecated -W ignore:easy_install command is deprecated setup.py egg_info --egg-base ../../build/square_vs build --build-base /home/hashizume/experiment/build/square_vs/build install --record /home/hashizume/experiment/build/square_vs/install.log --single-version-externally-managed install_data
