[0.641s] Invoking command in '/home/hashizume/experiment/experiment/src/infra_enhancer': PYTHONPATH=/home/hashizume/experiment/experiment/build/infra_enhancer/prefix_override:/usr/lib/python3/dist-packages/colcon_core/task/python/colcon_distutils_commands:/home/hashizume/experiment/experiment/install/infra_enhancer/lib/python3.10/site-packages:${PYTHONPATH} /usr/bin/python3 -W ignore:setup.py install is deprecated -W ignore:easy_install command is deprecated setup.py egg_info --egg-base ../../build/infra_enhancer build --build-base /home/hashizume/experiment/experiment/build/infra_enhancer/build install --record /home/hashizume/experiment/experiment/build/infra_enhancer/install.log --single-version-externally-managed install_data
[0.825s] running egg_info
[0.825s] creating ../../build/infra_enhancer/infra_enhancer.egg-info
[0.825s] writing ../../build/infra_enhancer/infra_enhancer.egg-info/PKG-INFO
[0.825s] writing dependency_links to ../../build/infra_enhancer/infra_enhancer.egg-info/dependency_links.txt
[0.825s] writing entry points to ../../build/infra_enhancer/infra_enhancer.egg-info/entry_points.txt
[0.826s] writing requirements to ../../build/infra_enhancer/infra_enhancer.egg-info/requires.txt
[0.826s] writing top-level names to ../../build/infra_enhancer/infra_enhancer.egg-info/top_level.txt
[0.826s] writing manifest file '../../build/infra_enhancer/infra_enhancer.egg-info/SOURCES.txt'
[0.827s] reading manifest file '../../build/infra_enhancer/infra_enhancer.egg-info/SOURCES.txt'
[0.827s] writing manifest file '../../build/infra_enhancer/infra_enhancer.egg-info/SOURCES.txt'
[0.828s] running build
[0.828s] running build_py
[0.828s] creating /home/hashizume/experiment/experiment/build/infra_enhancer/build
[0.828s] creating /home/hashizume/experiment/experiment/build/infra_enhancer/build/lib
[0.828s] creating /home/hashizume/experiment/experiment/build/infra_enhancer/build/lib/infra_enhancer
[0.828s] copying infra_enhancer/enhancer_node.py -> /home/hashizume/experiment/experiment/build/infra_enhancer/build/lib/infra_enhancer
[0.828s] copying infra_enhancer/__init__.py -> /home/hashizume/experiment/experiment/build/infra_enhancer/build/lib/infra_enhancer
[0.828s] running install
[0.828s] running install_lib
[0.829s] creating /home/hashizume/experiment/experiment/install/infra_enhancer/lib/python3.10/site-packages/infra_enhancer
[0.829s] copying /home/hashizume/experiment/experiment/build/infra_enhancer/build/lib/infra_enhancer/enhancer_node.py -> /home/hashizume/experiment/experiment/install/infra_enhancer/lib/python3.10/site-packages/infra_enhancer
[0.829s] copying /home/hashizume/experiment/experiment/build/infra_enhancer/build/lib/infra_enhancer/__init__.py -> /home/hashizume/experiment/experiment/install/infra_enhancer/lib/python3.10/site-packages/infra_enhancer
[0.829s] byte-compiling /home/hashizume/experiment/experiment/install/infra_enhancer/lib/python3.10/site-packages/infra_enhancer/enhancer_node.py to enhancer_node.cpython-310.pyc
[0.830s] byte-compiling /home/hashizume/experiment/experiment/install/infra_enhancer/lib/python3.10/site-packages/infra_enhancer/__init__.py to __init__.cpython-310.pyc
[0.830s] running install_data
[0.830s] copying package.xml -> /home/hashizume/experiment/experiment/install/infra_enhancer/share/infra_enhancer
[0.830s] running install_egg_info
[0.832s] Copying ../../build/infra_enhancer/infra_enhancer.egg-info to /home/hashizume/experiment/experiment/install/infra_enhancer/lib/python3.10/site-packages/infra_enhancer-0.0.1-py3.10.egg-info
[0.832s] running install_scripts
[0.848s] Installing infra_enhancer_node script to /home/hashizume/experiment/experiment/install/infra_enhancer/bin
[0.848s] writing list of installed files to '/home/hashizume/experiment/experiment/build/infra_enhancer/install.log'
[0.866s] Invoked command in '/home/hashizume/experiment/experiment/src/infra_enhancer' returned '0': PYTHONPATH=/home/hashizume/experiment/experiment/build/infra_enhancer/prefix_override:/usr/lib/python3/dist-packages/colcon_core/task/python/colcon_distutils_commands:/home/hashizume/experiment/experiment/install/infra_enhancer/lib/python3.10/site-packages:${PYTHONPATH} /usr/bin/python3 -W ignore:setup.py install is deprecated -W ignore:easy_install command is deprecated setup.py egg_info --egg-base ../../build/infra_enhancer build --build-base /home/hashizume/experiment/experiment/build/infra_enhancer/build install --record /home/hashizume/experiment/experiment/build/infra_enhancer/install.log --single-version-externally-managed install_data
