[2.218s] Invoking command in '/home/hashizume/experiment/src/rotate_odom': PYTHONPATH=/home/hashizume/experiment/build/rotate_odom/prefix_override:/usr/lib/python3/dist-packages/colcon_core/task/python/colcon_distutils_commands:/home/hashizume/experiment/install/rotate_odom/lib/python3.10/site-packages:${PYTHONPATH} /usr/bin/python3 -W ignore:setup.py install is deprecated -W ignore:easy_install command is deprecated setup.py egg_info --egg-base ../../build/rotate_odom build --build-base /home/hashizume/experiment/build/rotate_odom/build install --record /home/hashizume/experiment/build/rotate_odom/install.log --single-version-externally-managed
[2.435s] running egg_info
[2.435s] writing ../../build/rotate_odom/rotate_odom.egg-info/PKG-INFO
[2.435s] writing dependency_links to ../../build/rotate_odom/rotate_odom.egg-info/dependency_links.txt
[2.436s] writing entry points to ../../build/rotate_odom/rotate_odom.egg-info/entry_points.txt
[2.436s] writing requirements to ../../build/rotate_odom/rotate_odom.egg-info/requires.txt
[2.436s] writing top-level names to ../../build/rotate_odom/rotate_odom.egg-info/top_level.txt
[2.437s] reading manifest file '../../build/rotate_odom/rotate_odom.egg-info/SOURCES.txt'
[2.438s] writing manifest file '../../build/rotate_odom/rotate_odom.egg-info/SOURCES.txt'
[2.438s] running build
[2.438s] running build_py
[2.439s] running install
[2.439s] running install_lib
[2.441s] running install_egg_info
[2.443s] removing '/home/hashizume/experiment/install/rotate_odom/lib/python3.10/site-packages/rotate_odom-0.0.0-py3.10.egg-info' (and everything under it)
[2.443s] Copying ../../build/rotate_odom/rotate_odom.egg-info to /home/hashizume/experiment/install/rotate_odom/lib/python3.10/site-packages/rotate_odom-0.0.0-py3.10.egg-info
[2.444s] running install_scripts
[2.466s] Installing rotate_odom script to /home/hashizume/experiment/install/rotate_odom/lib/rotate_odom
[2.466s] writing list of installed files to '/home/hashizume/experiment/build/rotate_odom/install.log'
[2.546s] Invoked command in '/home/hashizume/experiment/src/rotate_odom' returned '0': PYTHONPATH=/home/hashizume/experiment/build/rotate_odom/prefix_override:/usr/lib/python3/dist-packages/colcon_core/task/python/colcon_distutils_commands:/home/hashizume/experiment/install/rotate_odom/lib/python3.10/site-packages:${PYTHONPATH} /usr/bin/python3 -W ignore:setup.py install is deprecated -W ignore:easy_install command is deprecated setup.py egg_info --egg-base ../../build/rotate_odom build --build-base /home/hashizume/experiment/build/rotate_odom/build install --record /home/hashizume/experiment/build/rotate_odom/install.log --single-version-externally-managed
