[1.998s] Invoking command in '/home/hashizume/experiment/src/rotate_odom': PYTHONPATH=/home/hashizume/experiment/build/rotate_odom/prefix_override:/usr/lib/python3/dist-packages/colcon_core/task/python/colcon_distutils_commands:/home/hashizume/experiment/install/rotate_odom/lib/python3.10/site-packages:${PYTHONPATH} /usr/bin/python3 -W ignore:setup.py install is deprecated -W ignore:easy_install command is deprecated setup.py egg_info --egg-base ../../build/rotate_odom build --build-base /home/hashizume/experiment/build/rotate_odom/build install --record /home/hashizume/experiment/build/rotate_odom/install.log --single-version-externally-managed
[2.297s] running egg_info
[2.298s] writing ../../build/rotate_odom/rotate_odom.egg-info/PKG-INFO
[2.298s] writing dependency_links to ../../build/rotate_odom/rotate_odom.egg-info/dependency_links.txt
[2.298s] writing entry points to ../../build/rotate_odom/rotate_odom.egg-info/entry_points.txt
[2.299s] writing requirements to ../../build/rotate_odom/rotate_odom.egg-info/requires.txt
[2.299s] writing top-level names to ../../build/rotate_odom/rotate_odom.egg-info/top_level.txt
[2.302s] reading manifest file '../../build/rotate_odom/rotate_odom.egg-info/SOURCES.txt'
[2.307s] writing manifest file '../../build/rotate_odom/rotate_odom.egg-info/SOURCES.txt'
[2.307s] running build
[2.307s] running build_py
[2.307s] running install
[2.308s] running install_lib
[2.310s] running install_egg_info
[2.313s] removing '/home/hashizume/experiment/install/rotate_odom/lib/python3.10/site-packages/rotate_odom-0.0.0-py3.10.egg-info' (and everything under it)
[2.313s] Copying ../../build/rotate_odom/rotate_odom.egg-info to /home/hashizume/experiment/install/rotate_odom/lib/python3.10/site-packages/rotate_odom-0.0.0-py3.10.egg-info
[2.314s] running install_scripts
[2.342s] Installing rotate_odom script to /home/hashizume/experiment/install/rotate_odom/lib/rotate_odom
[2.342s] writing list of installed files to '/home/hashizume/experiment/build/rotate_odom/install.log'
[2.403s] Invoked command in '/home/hashizume/experiment/src/rotate_odom' returned '0': PYTHONPATH=/home/hashizume/experiment/build/rotate_odom/prefix_override:/usr/lib/python3/dist-packages/colcon_core/task/python/colcon_distutils_commands:/home/hashizume/experiment/install/rotate_odom/lib/python3.10/site-packages:${PYTHONPATH} /usr/bin/python3 -W ignore:setup.py install is deprecated -W ignore:easy_install command is deprecated setup.py egg_info --egg-base ../../build/rotate_odom build --build-base /home/hashizume/experiment/build/rotate_odom/build install --record /home/hashizume/experiment/build/rotate_odom/install.log --single-version-externally-managed
