[0.084s] DEBUG:colcon:Command line arguments: ['/usr/bin/colcon', 'build', '--packages-select', 'infra_enhancer']
[0.084s] DEBUG:colcon:Parsed command line arguments: Namespace(log_base=None, log_level=None, verb_name='build', build_base='build', install_base='install', merge_install=False, symlink_install=False, test_result_base=None, continue_on_error=False, executor='parallel', parallel_workers=16, event_handlers=None, ignore_user_meta=False, metas=['./colcon.meta'], base_paths=['.'], packages_ignore=None, packages_ignore_regex=None, paths=None, packages_up_to=None, packages_up_to_regex=None, packages_above=None, packages_above_and_dependencies=None, packages_above_depth=None, packages_select_by_dep=None, packages_skip_by_dep=None, packages_skip_up_to=None, packages_select_build_failed=False, packages_skip_build_finished=False, packages_select_test_failures=False, packages_skip_test_passed=False, packages_select=['infra_enhancer'], packages_skip=None, packages_select_regex=None, packages_skip_regex=None, packages_start=None, packages_end=None, allow_overriding=[], cmake_args=None, cmake_target=None, cmake_target_skip_unavailable=False, cmake_clean_cache=False, cmake_clean_first=False, cmake_force_configure=False, ament_cmake_args=None, catkin_cmake_args=None, catkin_skip_building_tests=False, verb_parser=<colcon_defaults.argument_parser.defaults.DefaultArgumentsDecorator object at 0x7c821594e110>, verb_extension=<colcon_core.verb.build.BuildVerb object at 0x7c8215acb730>, main=<bound method BuildVerb.main of <colcon_core.verb.build.BuildVerb object at 0x7c8215acb730>>)
[0.212s] Level 1:colcon.colcon_core.package_discovery:discover_packages(colcon_meta) check parameters
[0.213s] Level 1:colcon.colcon_core.package_discovery:discover_packages(recursive) check parameters
[0.213s] Level 1:colcon.colcon_core.package_discovery:discover_packages(ignore) check parameters
[0.213s] Level 1:colcon.colcon_core.package_discovery:discover_packages(path) check parameters
[0.213s] Level 1:colcon.colcon_core.package_discovery:discover_packages(colcon_meta) discover
[0.213s] Level 1:colcon.colcon_core.package_discovery:discover_packages(recursive) discover
[0.213s] INFO:colcon.colcon_core.package_discovery:Crawling recursively for packages in '/home/hashizume/experiment/experiment'
[0.214s] Level 1:colcon.colcon_core.package_identification:_identify(.) by extensions ['ignore', 'ignore_ament_install']
[0.214s] Level 1:colcon.colcon_core.package_identification:_identify(.) by extension 'ignore'
[0.214s] Level 1:colcon.colcon_core.package_identification:_identify(.) by extension 'ignore_ament_install'
[0.214s] Level 1:colcon.colcon_core.package_identification:_identify(.) by extensions ['colcon_pkg']
[0.214s] Level 1:colcon.colcon_core.package_identification:_identify(.) by extension 'colcon_pkg'
[0.214s] Level 1:colcon.colcon_core.package_identification:_identify(.) by extensions ['colcon_meta']
[0.214s] Level 1:colcon.colcon_core.package_identification:_identify(.) by extension 'colcon_meta'
[0.214s] Level 1:colcon.colcon_core.package_identification:_identify(.) by extensions ['ros']
[0.214s] Level 1:colcon.colcon_core.package_identification:_identify(.) by extension 'ros'
[0.222s] Level 1:colcon.colcon_core.package_identification:_identify(.) by extensions ['cmake', 'python']
[0.222s] Level 1:colcon.colcon_core.package_identification:_identify(.) by extension 'cmake'
[0.222s] Level 1:colcon.colcon_core.package_identification:_identify(.) by extension 'python'
[0.222s] Level 1:colcon.colcon_core.package_identification:_identify(.) by extensions ['python_setup_py']
[0.222s] Level 1:colcon.colcon_core.package_identification:_identify(.) by extension 'python_setup_py'
[0.222s] Level 1:colcon.colcon_core.package_identification:_identify(build) by extensions ['ignore', 'ignore_ament_install']
[0.222s] Level 1:colcon.colcon_core.package_identification:_identify(build) by extension 'ignore'
[0.222s] Level 1:colcon.colcon_core.package_identification:_identify(build) ignored
[0.222s] Level 1:colcon.colcon_core.package_identification:_identify(install) by extensions ['ignore', 'ignore_ament_install']
[0.223s] Level 1:colcon.colcon_core.package_identification:_identify(install) by extension 'ignore'
[0.223s] Level 1:colcon.colcon_core.package_identification:_identify(install) ignored
[0.223s] Level 1:colcon.colcon_core.package_identification:_identify(log) by extensions ['ignore', 'ignore_ament_install']
[0.223s] Level 1:colcon.colcon_core.package_identification:_identify(log) by extension 'ignore'
[0.223s] Level 1:colcon.colcon_core.package_identification:_identify(log) ignored
[0.223s] Level 1:colcon.colcon_core.package_identification:_identify(src) by extensions ['ignore', 'ignore_ament_install']
[0.223s] Level 1:colcon.colcon_core.package_identification:_identify(src) by extension 'ignore'
[0.223s] Level 1:colcon.colcon_core.package_identification:_identify(src) by extension 'ignore_ament_install'
[0.223s] Level 1:colcon.colcon_core.package_identification:_identify(src) by extensions ['colcon_pkg']
[0.223s] Level 1:colcon.colcon_core.package_identification:_identify(src) by extension 'colcon_pkg'
[0.223s] Level 1:colcon.colcon_core.package_identification:_identify(src) by extensions ['colcon_meta']
[0.223s] Level 1:colcon.colcon_core.package_identification:_identify(src) by extension 'colcon_meta'
[0.223s] Level 1:colcon.colcon_core.package_identification:_identify(src) by extensions ['ros']
[0.223s] Level 1:colcon.colcon_core.package_identification:_identify(src) by extension 'ros'
[0.223s] Level 1:colcon.colcon_core.package_identification:_identify(src) by extensions ['cmake', 'python']
[0.223s] Level 1:colcon.colcon_core.package_identification:_identify(src) by extension 'cmake'
[0.223s] Level 1:colcon.colcon_core.package_identification:_identify(src) by extension 'python'
[0.223s] Level 1:colcon.colcon_core.package_identification:_identify(src) by extensions ['python_setup_py']
[0.223s] Level 1:colcon.colcon_core.package_identification:_identify(src) by extension 'python_setup_py'
[0.223s] Level 1:colcon.colcon_core.package_identification:_identify(src/forward_odom) by extensions ['ignore', 'ignore_ament_install']
[0.223s] Level 1:colcon.colcon_core.package_identification:_identify(src/forward_odom) by extension 'ignore'
[0.223s] Level 1:colcon.colcon_core.package_identification:_identify(src/forward_odom) by extension 'ignore_ament_install'
[0.223s] Level 1:colcon.colcon_core.package_identification:_identify(src/forward_odom) by extensions ['colcon_pkg']
[0.223s] Level 1:colcon.colcon_core.package_identification:_identify(src/forward_odom) by extension 'colcon_pkg'
[0.223s] Level 1:colcon.colcon_core.package_identification:_identify(src/forward_odom) by extensions ['colcon_meta']
[0.224s] Level 1:colcon.colcon_core.package_identification:_identify(src/forward_odom) by extension 'colcon_meta'
[0.224s] Level 1:colcon.colcon_core.package_identification:_identify(src/forward_odom) by extensions ['ros']
[0.224s] Level 1:colcon.colcon_core.package_identification:_identify(src/forward_odom) by extension 'ros'
[0.226s] DEBUG:colcon.colcon_core.package_identification:Package 'src/forward_odom' with type 'ros.ament_python' and name 'forward_odom'
[0.226s] Level 1:colcon.colcon_core.package_identification:_identify(src/forward_vs) by extensions ['ignore', 'ignore_ament_install']
[0.226s] Level 1:colcon.colcon_core.package_identification:_identify(src/forward_vs) by extension 'ignore'
[0.226s] Level 1:colcon.colcon_core.package_identification:_identify(src/forward_vs) by extension 'ignore_ament_install'
[0.226s] Level 1:colcon.colcon_core.package_identification:_identify(src/forward_vs) by extensions ['colcon_pkg']
[0.226s] Level 1:colcon.colcon_core.package_identification:_identify(src/forward_vs) by extension 'colcon_pkg'
[0.226s] Level 1:colcon.colcon_core.package_identification:_identify(src/forward_vs) by extensions ['colcon_meta']
[0.226s] Level 1:colcon.colcon_core.package_identification:_identify(src/forward_vs) by extension 'colcon_meta'
[0.226s] Level 1:colcon.colcon_core.package_identification:_identify(src/forward_vs) by extensions ['ros']
[0.226s] Level 1:colcon.colcon_core.package_identification:_identify(src/forward_vs) by extension 'ros'
[0.227s] DEBUG:colcon.colcon_core.package_identification:Package 'src/forward_vs' with type 'ros.ament_python' and name 'forward_vs'
[0.227s] Level 1:colcon.colcon_core.package_identification:_identify(src/infra_enhancer) by extensions ['ignore', 'ignore_ament_install']
[0.227s] Level 1:colcon.colcon_core.package_identification:_identify(src/infra_enhancer) by extension 'ignore'
[0.227s] Level 1:colcon.colcon_core.package_identification:_identify(src/infra_enhancer) by extension 'ignore_ament_install'
[0.227s] Level 1:colcon.colcon_core.package_identification:_identify(src/infra_enhancer) by extensions ['colcon_pkg']
[0.227s] Level 1:colcon.colcon_core.package_identification:_identify(src/infra_enhancer) by extension 'colcon_pkg'
[0.227s] Level 1:colcon.colcon_core.package_identification:_identify(src/infra_enhancer) by extensions ['colcon_meta']
[0.227s] Level 1:colcon.colcon_core.package_identification:_identify(src/infra_enhancer) by extension 'colcon_meta'
[0.227s] Level 1:colcon.colcon_core.package_identification:_identify(src/infra_enhancer) by extensions ['ros']
[0.227s] Level 1:colcon.colcon_core.package_identification:_identify(src/infra_enhancer) by extension 'ros'
[0.228s] DEBUG:colcon.colcon_core.package_identification:Package 'src/infra_enhancer' with type 'ros.ament_python' and name 'infra_enhancer'
[0.228s] Level 1:colcon.colcon_core.package_identification:_identify(src/rotate_odom) by extensions ['ignore', 'ignore_ament_install']
[0.228s] Level 1:colcon.colcon_core.package_identification:_identify(src/rotate_odom) by extension 'ignore'
[0.228s] Level 1:colcon.colcon_core.package_identification:_identify(src/rotate_odom) by extension 'ignore_ament_install'
[0.228s] Level 1:colcon.colcon_core.package_identification:_identify(src/rotate_odom) by extensions ['colcon_pkg']
[0.228s] Level 1:colcon.colcon_core.package_identification:_identify(src/rotate_odom) by extension 'colcon_pkg'
[0.228s] Level 1:colcon.colcon_core.package_identification:_identify(src/rotate_odom) by extensions ['colcon_meta']
[0.228s] Level 1:colcon.colcon_core.package_identification:_identify(src/rotate_odom) by extension 'colcon_meta'
[0.228s] Level 1:colcon.colcon_core.package_identification:_identify(src/rotate_odom) by extensions ['ros']
[0.228s] Level 1:colcon.colcon_core.package_identification:_identify(src/rotate_odom) by extension 'ros'
[0.229s] DEBUG:colcon.colcon_core.package_identification:Package 'src/rotate_odom' with type 'ros.ament_python' and name 'rotate_odom'
[0.229s] Level 1:colcon.colcon_core.package_identification:_identify(src/rotate_vs) by extensions ['ignore', 'ignore_ament_install']
[0.229s] Level 1:colcon.colcon_core.package_identification:_identify(src/rotate_vs) by extension 'ignore'
[0.229s] Level 1:colcon.colcon_core.package_identification:_identify(src/rotate_vs) by extension 'ignore_ament_install'
[0.229s] Level 1:colcon.colcon_core.package_identification:_identify(src/rotate_vs) by extensions ['colcon_pkg']
[0.229s] Level 1:colcon.colcon_core.package_identification:_identify(src/rotate_vs) by extension 'colcon_pkg'
[0.229s] Level 1:colcon.colcon_core.package_identification:_identify(src/rotate_vs) by extensions ['colcon_meta']
[0.229s] Level 1:colcon.colcon_core.package_identification:_identify(src/rotate_vs) by extension 'colcon_meta'
[0.229s] Level 1:colcon.colcon_core.package_identification:_identify(src/rotate_vs) by extensions ['ros']
[0.229s] Level 1:colcon.colcon_core.package_identification:_identify(src/rotate_vs) by extension 'ros'
[0.229s] DEBUG:colcon.colcon_core.package_identification:Package 'src/rotate_vs' with type 'ros.ament_python' and name 'rotate_vs'
[0.229s] Level 1:colcon.colcon_core.package_identification:_identify(src/square_odom) by extensions ['ignore', 'ignore_ament_install']
[0.229s] Level 1:colcon.colcon_core.package_identification:_identify(src/square_odom) by extension 'ignore'
[0.230s] Level 1:colcon.colcon_core.package_identification:_identify(src/square_odom) by extension 'ignore_ament_install'
[0.230s] Level 1:colcon.colcon_core.package_identification:_identify(src/square_odom) by extensions ['colcon_pkg']
[0.230s] Level 1:colcon.colcon_core.package_identification:_identify(src/square_odom) by extension 'colcon_pkg'
[0.230s] Level 1:colcon.colcon_core.package_identification:_identify(src/square_odom) by extensions ['colcon_meta']
[0.230s] Level 1:colcon.colcon_core.package_identification:_identify(src/square_odom) by extension 'colcon_meta'
[0.230s] Level 1:colcon.colcon_core.package_identification:_identify(src/square_odom) by extensions ['ros']
[0.230s] Level 1:colcon.colcon_core.package_identification:_identify(src/square_odom) by extension 'ros'
[0.230s] DEBUG:colcon.colcon_core.package_identification:Package 'src/square_odom' with type 'ros.ament_python' and name 'square_odom'
[0.230s] Level 1:colcon.colcon_core.package_identification:_identify(src/square_vs) by extensions ['ignore', 'ignore_ament_install']
[0.230s] Level 1:colcon.colcon_core.package_identification:_identify(src/square_vs) by extension 'ignore'
[0.230s] Level 1:colcon.colcon_core.package_identification:_identify(src/square_vs) by extension 'ignore_ament_install'
[0.230s] Level 1:colcon.colcon_core.package_identification:_identify(src/square_vs) by extensions ['colcon_pkg']
[0.230s] Level 1:colcon.colcon_core.package_identification:_identify(src/square_vs) by extension 'colcon_pkg'
[0.230s] Level 1:colcon.colcon_core.package_identification:_identify(src/square_vs) by extensions ['colcon_meta']
[0.230s] Level 1:colcon.colcon_core.package_identification:_identify(src/square_vs) by extension 'colcon_meta'
[0.231s] Level 1:colcon.colcon_core.package_identification:_identify(src/square_vs) by extensions ['ros']
[0.231s] Level 1:colcon.colcon_core.package_identification:_identify(src/square_vs) by extension 'ros'
[0.231s] DEBUG:colcon.colcon_core.package_identification:Package 'src/square_vs' with type 'ros.ament_python' and name 'square_vs'
[0.231s] Level 1:colcon.colcon_core.package_discovery:discover_packages(recursive) using defaults
[0.231s] Level 1:colcon.colcon_core.package_discovery:discover_packages(ignore) discover
[0.231s] Level 1:colcon.colcon_core.package_discovery:discover_packages(ignore) using defaults
[0.231s] Level 1:colcon.colcon_core.package_discovery:discover_packages(path) discover
[0.231s] Level 1:colcon.colcon_core.package_discovery:discover_packages(path) using defaults
[0.258s] INFO:colcon.colcon_core.package_selection:Skipping not selected package 'forward_odom' in 'src/forward_odom'
[0.258s] INFO:colcon.colcon_core.package_selection:Skipping not selected package 'forward_vs' in 'src/forward_vs'
[0.258s] INFO:colcon.colcon_core.package_selection:Skipping not selected package 'rotate_odom' in 'src/rotate_odom'
[0.258s] INFO:colcon.colcon_core.package_selection:Skipping not selected package 'rotate_vs' in 'src/rotate_vs'
[0.258s] INFO:colcon.colcon_core.package_selection:Skipping not selected package 'square_odom' in 'src/square_odom'
[0.258s] INFO:colcon.colcon_core.package_selection:Skipping not selected package 'square_vs' in 'src/square_vs'
[0.258s] Level 1:colcon.colcon_core.package_discovery:discover_packages(prefix_path) check parameters
[0.258s] Level 1:colcon.colcon_core.package_discovery:discover_packages(prefix_path) discover
[0.260s] DEBUG:colcon.colcon_installed_package_information.package_discovery:Found 6 installed packages in /home/hashizume/experiment/install
[0.261s] DEBUG:colcon.colcon_installed_package_information.package_discovery:Found 334 installed packages in /opt/ros/humble
[0.262s] Level 1:colcon.colcon_core.package_discovery:discover_packages(prefix_path) using defaults
[0.292s] Level 5:colcon.colcon_core.verb:set package 'infra_enhancer' build argument 'cmake_args' from command line to 'None'
[0.292s] Level 5:colcon.colcon_core.verb:set package 'infra_enhancer' build argument 'cmake_target' from command line to 'None'
[0.292s] Level 5:colcon.colcon_core.verb:set package 'infra_enhancer' build argument 'cmake_target_skip_unavailable' from command line to 'False'
[0.292s] Level 5:colcon.colcon_core.verb:set package 'infra_enhancer' build argument 'cmake_clean_cache' from command line to 'False'
[0.292s] Level 5:colcon.colcon_core.verb:set package 'infra_enhancer' build argument 'cmake_clean_first' from command line to 'False'
[0.292s] Level 5:colcon.colcon_core.verb:set package 'infra_enhancer' build argument 'cmake_force_configure' from command line to 'False'
[0.292s] Level 5:colcon.colcon_core.verb:set package 'infra_enhancer' build argument 'ament_cmake_args' from command line to 'None'
[0.292s] Level 5:colcon.colcon_core.verb:set package 'infra_enhancer' build argument 'catkin_cmake_args' from command line to 'None'
[0.292s] Level 5:colcon.colcon_core.verb:set package 'infra_enhancer' build argument 'catkin_skip_building_tests' from command line to 'False'
[0.292s] DEBUG:colcon.colcon_core.verb:Building package 'infra_enhancer' with the following arguments: {'ament_cmake_args': None, 'build_base': '/home/hashizume/experiment/experiment/build/infra_enhancer', 'catkin_cmake_args': None, 'catkin_skip_building_tests': False, 'cmake_args': None, 'cmake_clean_cache': False, 'cmake_clean_first': False, 'cmake_force_configure': False, 'cmake_target': None, 'cmake_target_skip_unavailable': False, 'install_base': '/home/hashizume/experiment/experiment/install/infra_enhancer', 'merge_install': False, 'path': '/home/hashizume/experiment/experiment/src/infra_enhancer', 'symlink_install': False, 'test_result_base': None}
[0.292s] INFO:colcon.colcon_core.executor:Executing jobs using 'parallel' executor
[0.293s] DEBUG:colcon.colcon_parallel_executor.executor.parallel:run_until_complete
[0.294s] INFO:colcon.colcon_ros.task.ament_python.build:Building ROS package in '/home/hashizume/experiment/experiment/src/infra_enhancer' with build type 'ament_python'
[0.294s] Level 1:colcon.colcon_core.shell:create_environment_hook('infra_enhancer', 'ament_prefix_path')
[0.295s] INFO:colcon.colcon_core.plugin_system:Skipping extension 'colcon_core.shell.bat': Not used on non-Windows systems
[0.295s] INFO:colcon.colcon_core.shell:Creating environment hook '/home/hashizume/experiment/experiment/install/infra_enhancer/share/infra_enhancer/hook/ament_prefix_path.ps1'
[0.296s] INFO:colcon.colcon_core.shell:Creating environment descriptor '/home/hashizume/experiment/experiment/install/infra_enhancer/share/infra_enhancer/hook/ament_prefix_path.dsv'
[0.296s] INFO:colcon.colcon_core.shell:Creating environment hook '/home/hashizume/experiment/experiment/install/infra_enhancer/share/infra_enhancer/hook/ament_prefix_path.sh'
[0.297s] INFO:colcon.colcon_core.shell:Skip shell extension 'powershell' for command environment: Not usable outside of PowerShell
[0.297s] DEBUG:colcon.colcon_core.shell:Skip shell extension 'dsv' for command environment
[0.496s] INFO:colcon.colcon_core.task.python.build:Building Python package in '/home/hashizume/experiment/experiment/src/infra_enhancer'
[0.496s] INFO:colcon.colcon_core.shell:Skip shell extension 'powershell' for command environment: Not usable outside of PowerShell
[0.496s] DEBUG:colcon.colcon_core.shell:Skip shell extension 'dsv' for command environment
[0.875s] DEBUG:colcon.colcon_core.event_handler.log_command:Invoking command in '/home/hashizume/experiment/experiment/src/infra_enhancer': PYTHONPATH=/home/hashizume/experiment/experiment/build/infra_enhancer/prefix_override:/usr/lib/python3/dist-packages/colcon_core/task/python/colcon_distutils_commands:/home/hashizume/experiment/experiment/install/infra_enhancer/lib/python3.10/site-packages:${PYTHONPATH} /usr/bin/python3 -W ignore:setup.py install is deprecated -W ignore:easy_install command is deprecated setup.py egg_info --egg-base ../../build/infra_enhancer build --build-base /home/hashizume/experiment/experiment/build/infra_enhancer/build install --record /home/hashizume/experiment/experiment/build/infra_enhancer/install.log --single-version-externally-managed install_data
[1.193s] DEBUG:colcon.colcon_core.event_handler.log_command:Invoked command in '/home/hashizume/experiment/experiment/src/infra_enhancer' returned '0': PYTHONPATH=/home/hashizume/experiment/experiment/build/infra_enhancer/prefix_override:/usr/lib/python3/dist-packages/colcon_core/task/python/colcon_distutils_commands:/home/hashizume/experiment/experiment/install/infra_enhancer/lib/python3.10/site-packages:${PYTHONPATH} /usr/bin/python3 -W ignore:setup.py install is deprecated -W ignore:easy_install command is deprecated setup.py egg_info --egg-base ../../build/infra_enhancer build --build-base /home/hashizume/experiment/experiment/build/infra_enhancer/build install --record /home/hashizume/experiment/experiment/build/infra_enhancer/install.log --single-version-externally-managed install_data
[1.196s] Level 1:colcon.colcon_core.environment:checking '/home/hashizume/experiment/experiment/install/infra_enhancer' for CMake module files
[1.197s] Level 1:colcon.colcon_core.environment:checking '/home/hashizume/experiment/experiment/install/infra_enhancer' for CMake config files
[1.198s] Level 1:colcon.colcon_core.environment:checking '/home/hashizume/experiment/experiment/install/infra_enhancer/lib'
[1.198s] Level 1:colcon.colcon_core.environment:checking '/home/hashizume/experiment/experiment/install/infra_enhancer/bin'
[1.199s] Level 1:colcon.colcon_core.shell:create_environment_hook('infra_enhancer', 'path')
[1.199s] INFO:colcon.colcon_core.shell:Creating environment hook '/home/hashizume/experiment/experiment/install/infra_enhancer/share/infra_enhancer/hook/path.ps1'
[1.200s] INFO:colcon.colcon_core.shell:Creating environment descriptor '/home/hashizume/experiment/experiment/install/infra_enhancer/share/infra_enhancer/hook/path.dsv'
[1.200s] INFO:colcon.colcon_core.shell:Creating environment hook '/home/hashizume/experiment/experiment/install/infra_enhancer/share/infra_enhancer/hook/path.sh'
[1.201s] Level 1:colcon.colcon_core.environment:checking '/home/hashizume/experiment/experiment/install/infra_enhancer/lib/pkgconfig/infra_enhancer.pc'
[1.201s] Level 1:colcon.colcon_core.environment:checking '/home/hashizume/experiment/experiment/install/infra_enhancer/lib/python3.10/site-packages'
[1.201s] Level 1:colcon.colcon_core.shell:create_environment_hook('infra_enhancer', 'pythonpath')
[1.201s] INFO:colcon.colcon_core.shell:Creating environment hook '/home/hashizume/experiment/experiment/install/infra_enhancer/share/infra_enhancer/hook/pythonpath.ps1'
[1.202s] INFO:colcon.colcon_core.shell:Creating environment descriptor '/home/hashizume/experiment/experiment/install/infra_enhancer/share/infra_enhancer/hook/pythonpath.dsv'
[1.202s] INFO:colcon.colcon_core.shell:Creating environment hook '/home/hashizume/experiment/experiment/install/infra_enhancer/share/infra_enhancer/hook/pythonpath.sh'
[1.202s] Level 1:colcon.colcon_core.environment:checking '/home/hashizume/experiment/experiment/install/infra_enhancer/bin'
[1.202s] Level 1:colcon.colcon_core.shell:create_environment_hook('infra_enhancer', 'pythonscriptspath')
[1.203s] INFO:colcon.colcon_core.shell:Creating environment hook '/home/hashizume/experiment/experiment/install/infra_enhancer/share/infra_enhancer/hook/pythonscriptspath.ps1'
[1.203s] INFO:colcon.colcon_core.shell:Creating environment descriptor '/home/hashizume/experiment/experiment/install/infra_enhancer/share/infra_enhancer/hook/pythonscriptspath.dsv'
[1.203s] INFO:colcon.colcon_core.shell:Creating environment hook '/home/hashizume/experiment/experiment/install/infra_enhancer/share/infra_enhancer/hook/pythonscriptspath.sh'
[1.204s] Level 1:colcon.colcon_core.environment:create_environment_scripts_only(infra_enhancer)
[1.204s] INFO:colcon.colcon_core.shell:Creating package script '/home/hashizume/experiment/experiment/install/infra_enhancer/share/infra_enhancer/package.ps1'
[1.205s] INFO:colcon.colcon_core.shell:Creating package descriptor '/home/hashizume/experiment/experiment/install/infra_enhancer/share/infra_enhancer/package.dsv'
[1.205s] INFO:colcon.colcon_core.shell:Creating package script '/home/hashizume/experiment/experiment/install/infra_enhancer/share/infra_enhancer/package.sh'
[1.205s] INFO:colcon.colcon_core.shell:Creating package script '/home/hashizume/experiment/experiment/install/infra_enhancer/share/infra_enhancer/package.bash'
[1.206s] INFO:colcon.colcon_core.shell:Creating package script '/home/hashizume/experiment/experiment/install/infra_enhancer/share/infra_enhancer/package.zsh'
[1.206s] Level 1:colcon.colcon_core.environment:create_file_with_runtime_dependencies(/home/hashizume/experiment/experiment/install/infra_enhancer/share/colcon-core/packages/infra_enhancer)
[1.207s] DEBUG:colcon.colcon_parallel_executor.executor.parallel:closing loop
[1.207s] DEBUG:colcon.colcon_parallel_executor.executor.parallel:loop closed
[1.207s] DEBUG:colcon.colcon_parallel_executor.executor.parallel:run_until_complete finished with '0'
[1.207s] DEBUG:colcon.colcon_core.event_reactor:joining thread
[1.212s] INFO:colcon.colcon_core.plugin_system:Skipping extension 'colcon_notification.desktop_notification.terminal_notifier': Not used on non-Darwin systems
[1.212s] INFO:colcon.colcon_core.plugin_system:Skipping extension 'colcon_notification.desktop_notification.win32': Not used on non-Windows systems
[1.212s] INFO:colcon.colcon_notification.desktop_notification:Sending desktop notification using 'notify2'
[1.219s] DEBUG:colcon.colcon_core.event_reactor:joined thread
[1.219s] INFO:colcon.colcon_core.shell:Creating prefix script '/home/hashizume/experiment/experiment/install/local_setup.ps1'
[1.220s] INFO:colcon.colcon_core.shell:Creating prefix util module '/home/hashizume/experiment/experiment/install/_local_setup_util_ps1.py'
[1.221s] INFO:colcon.colcon_core.shell:Creating prefix chain script '/home/hashizume/experiment/experiment/install/setup.ps1'
[1.222s] INFO:colcon.colcon_core.shell:Creating prefix script '/home/hashizume/experiment/experiment/install/local_setup.sh'
[1.222s] INFO:colcon.colcon_core.shell:Creating prefix util module '/home/hashizume/experiment/experiment/install/_local_setup_util_sh.py'
[1.222s] INFO:colcon.colcon_core.shell:Creating prefix chain script '/home/hashizume/experiment/experiment/install/setup.sh'
[1.223s] INFO:colcon.colcon_core.shell:Creating prefix script '/home/hashizume/experiment/experiment/install/local_setup.bash'
[1.224s] INFO:colcon.colcon_core.shell:Creating prefix chain script '/home/hashizume/experiment/experiment/install/setup.bash'
[1.224s] INFO:colcon.colcon_core.shell:Creating prefix script '/home/hashizume/experiment/experiment/install/local_setup.zsh'
[1.225s] INFO:colcon.colcon_core.shell:Creating prefix chain script '/home/hashizume/experiment/experiment/install/setup.zsh'
