running egg_info
writing ../../build/rotate_odom/rotate_odom.egg-info/PKG-INFO
writing dependency_links to ../../build/rotate_odom/rotate_odom.egg-info/dependency_links.txt
writing entry points to ../../build/rotate_odom/rotate_odom.egg-info/entry_points.txt
writing requirements to ../../build/rotate_odom/rotate_odom.egg-info/requires.txt
writing top-level names to ../../build/rotate_odom/rotate_odom.egg-info/top_level.txt
reading manifest file '../../build/rotate_odom/rotate_odom.egg-info/SOURCES.txt'
writing manifest file '../../build/rotate_odom/rotate_odom.egg-info/SOURCES.txt'
running build
running build_py
copying rotate_odom/rotate_odom.py -> /home/hashizume/experiment/build/rotate_odom/build/lib/rotate_odom
running install
running install_lib
copying /home/hashizume/experiment/build/rotate_odom/build/lib/rotate_odom/rotate_odom.py -> /home/hashizume/experiment/install/rotate_odom/lib/python3.10/site-packages/rotate_odom
byte-compiling /home/hashizume/experiment/install/rotate_odom/lib/python3.10/site-packages/rotate_odom/rotate_odom.py to rotate_odom.cpython-310.pyc
running install_egg_info
removing '/home/hashizume/experiment/install/rotate_odom/lib/python3.10/site-packages/rotate_odom-0.0.0-py3.10.egg-info' (and everything under it)
Copying ../../build/rotate_odom/rotate_odom.egg-info to /home/hashizume/experiment/install/rotate_odom/lib/python3.10/site-packages/rotate_odom-0.0.0-py3.10.egg-info
running install_scripts
Installing rotate_vs script to /home/hashizume/experiment/install/rotate_odom/lib/rotate_odom
writing list of installed files to '/home/hashizume/experiment/build/rotate_odom/install.log'
