[1.886s] Invoking command in '/home/hashizume/experiment/src/rotate_odom': PYTHONPATH=/home/hashizume/experiment/build/rotate_odom/prefix_override:/usr/lib/python3/dist-packages/colcon_core/task/python/colcon_distutils_commands:/home/hashizume/experiment/install/rotate_odom/lib/python3.10/site-packages:${PYTHONPATH} /usr/bin/python3 -W ignore:setup.py install is deprecated -W ignore:easy_install command is deprecated setup.py egg_info --egg-base ../../build/rotate_odom build --build-base /home/hashizume/experiment/build/rotate_odom/build install --record /home/hashizume/experiment/build/rotate_odom/install.log --single-version-externally-managed
[2.192s] running egg_info
[2.192s] writing ../../build/rotate_odom/rotate_odom.egg-info/PKG-INFO
[2.193s] writing dependency_links to ../../build/rotate_odom/rotate_odom.egg-info/dependency_links.txt
[2.193s] writing entry points to ../../build/rotate_odom/rotate_odom.egg-info/entry_points.txt
[2.193s] writing requirements to ../../build/rotate_odom/rotate_odom.egg-info/requires.txt
[2.193s] writing top-level names to ../../build/rotate_odom/rotate_odom.egg-info/top_level.txt
[2.194s] reading manifest file '../../build/rotate_odom/rotate_odom.egg-info/SOURCES.txt'
[2.196s] writing manifest file '../../build/rotate_odom/rotate_odom.egg-info/SOURCES.txt'
[2.196s] running build
[2.196s] running build_py
[2.197s] copying rotate_odom/rotate_odom.py -> /home/hashizume/experiment/build/rotate_odom/build/lib/rotate_odom
[2.197s] running install
[2.197s] running install_lib
[2.198s] copying /home/hashizume/experiment/build/rotate_odom/build/lib/rotate_odom/rotate_odom.py -> /home/hashizume/experiment/install/rotate_odom/lib/python3.10/site-packages/rotate_odom
[2.198s] byte-compiling /home/hashizume/experiment/install/rotate_odom/lib/python3.10/site-packages/rotate_odom/rotate_odom.py to rotate_odom.cpython-310.pyc
[2.199s] running install_egg_info
[2.201s] removing '/home/hashizume/experiment/install/rotate_odom/lib/python3.10/site-packages/rotate_odom-0.0.0-py3.10.egg-info' (and everything under it)
[2.201s] Copying ../../build/rotate_odom/rotate_odom.egg-info to /home/hashizume/experiment/install/rotate_odom/lib/python3.10/site-packages/rotate_odom-0.0.0-py3.10.egg-info
[2.202s] running install_scripts
[2.224s] Installing rotate_vs script to /home/hashizume/experiment/install/rotate_odom/lib/rotate_odom
[2.225s] writing list of installed files to '/home/hashizume/experiment/build/rotate_odom/install.log'
[2.289s] Invoked command in '/home/hashizume/experiment/src/rotate_odom' returned '0': PYTHONPATH=/home/hashizume/experiment/build/rotate_odom/prefix_override:/usr/lib/python3/dist-packages/colcon_core/task/python/colcon_distutils_commands:/home/hashizume/experiment/install/rotate_odom/lib/python3.10/site-packages:${PYTHONPATH} /usr/bin/python3 -W ignore:setup.py install is deprecated -W ignore:easy_install command is deprecated setup.py egg_info --egg-base ../../build/rotate_odom build --build-base /home/hashizume/experiment/build/rotate_odom/build install --record /home/hashizume/experiment/build/rotate_odom/install.log --single-version-externally-managed
