[1.832s] Invoking command in '/home/hashizume/experiment/src/square_odom': PYTHONPATH=/home/hashizume/experiment/build/square_odom/prefix_override:/usr/lib/python3/dist-packages/colcon_core/task/python/colcon_distutils_commands:/home/hashizume/experiment/install/square_odom/lib/python3.10/site-packages:${PYTHONPATH} /usr/bin/python3 -W ignore:setup.py install is deprecated -W ignore:easy_install command is deprecated setup.py egg_info --egg-base ../../build/square_odom build --build-base /home/hashizume/experiment/build/square_odom/build install --record /home/hashizume/experiment/build/square_odom/install.log --single-version-externally-managed install_data
[2.093s] running egg_info
[2.094s] writing ../../build/square_odom/square_odom.egg-info/PKG-INFO
[2.094s] writing dependency_links to ../../build/square_odom/square_odom.egg-info/dependency_links.txt
[2.095s] writing entry points to ../../build/square_odom/square_odom.egg-info/entry_points.txt
[2.095s] writing requirements to ../../build/square_odom/square_odom.egg-info/requires.txt
[2.095s] writing top-level names to ../../build/square_odom/square_odom.egg-info/top_level.txt
[2.099s] reading manifest file '../../build/square_odom/square_odom.egg-info/SOURCES.txt'
[2.100s] writing manifest file '../../build/square_odom/square_odom.egg-info/SOURCES.txt'
[2.100s] running build
[2.100s] running build_py
[2.100s] running install
[2.101s] running install_lib
[2.102s] running install_data
[2.102s] running install_egg_info
[2.104s] removing '/home/hashizume/experiment/install/square_odom/lib/python3.10/site-packages/square_odom-0.0.0-py3.10.egg-info' (and everything under it)
[2.105s] Copying ../../build/square_odom/square_odom.egg-info to /home/hashizume/experiment/install/square_odom/lib/python3.10/site-packages/square_odom-0.0.0-py3.10.egg-info
[2.106s] running install_scripts
[2.127s] writing list of installed files to '/home/hashizume/experiment/build/square_odom/install.log'
[2.184s] Invoked command in '/home/hashizume/experiment/src/square_odom' returned '0': PYTHONPATH=/home/hashizume/experiment/build/square_odom/prefix_override:/usr/lib/python3/dist-packages/colcon_core/task/python/colcon_distutils_commands:/home/hashizume/experiment/install/square_odom/lib/python3.10/site-packages:${PYTHONPATH} /usr/bin/python3 -W ignore:setup.py install is deprecated -W ignore:easy_install command is deprecated setup.py egg_info --egg-base ../../build/square_odom build --build-base /home/hashizume/experiment/build/square_odom/build install --record /home/hashizume/experiment/build/square_odom/install.log --single-version-externally-managed install_data
