running egg_info
creating ../../build/square_vs/square_vs.egg-info
writing ../../build/square_vs/square_vs.egg-info/PKG-INFO
writing dependency_links to ../../build/square_vs/square_vs.egg-info/dependency_links.txt
writing entry points to ../../build/square_vs/square_vs.egg-info/entry_points.txt
writing requirements to ../../build/square_vs/square_vs.egg-info/requires.txt
writing top-level names to ../../build/square_vs/square_vs.egg-info/top_level.txt
writing manifest file '../../build/square_vs/square_vs.egg-info/SOURCES.txt'
reading manifest file '../../build/square_vs/square_vs.egg-info/SOURCES.txt'
writing manifest file '../../build/square_vs/square_vs.egg-info/SOURCES.txt'
running build
running build_py
creating /home/hashizume/experiment/build/square_vs/build
creating /home/hashizume/experiment/build/square_vs/build/lib
creating /home/hashizume/experiment/build/square_vs/build/lib/square_vs
copying square_vs/__init__.py -> /home/hashizume/experiment/build/square_vs/build/lib/square_vs
running install
running install_lib
creating /home/hashizume/experiment/install/square_vs/lib/python3.10/site-packages/square_vs
copying /home/hashizume/experiment/build/square_vs/build/lib/square_vs/__init__.py -> /home/hashizume/experiment/install/square_vs/lib/python3.10/site-packages/square_vs
byte-compiling /home/hashizume/experiment/install/square_vs/lib/python3.10/site-packages/square_vs/__init__.py to __init__.cpython-310.pyc
running install_data
creating /home/hashizume/experiment/install/square_vs/share/ament_index
creating /home/hashizume/experiment/install/square_vs/share/ament_index/resource_index
creating /home/hashizume/experiment/install/square_vs/share/ament_index/resource_index/packages
copying resource/square_vs -> /home/hashizume/experiment/install/square_vs/share/ament_index/resource_index/packages
copying package.xml -> /home/hashizume/experiment/install/square_vs/share/square_vs
running install_egg_info
Copying ../../build/square_vs/square_vs.egg-info to /home/hashizume/experiment/install/square_vs/lib/python3.10/site-packages/square_vs-0.0.0-py3.10.egg-info
running install_scripts
writing list of installed files to '/home/hashizume/experiment/build/square_vs/install.log'
