[2.366s] Invoking command in '/home/hashizume/experiment/src/rotate_vs': PYTHONPATH=/home/hashizume/experiment/build/rotate_vs/prefix_override:/usr/lib/python3/dist-packages/colcon_core/task/python/colcon_distutils_commands:/home/hashizume/experiment/install/rotate_vs/lib/python3.10/site-packages:${PYTHONPATH} /usr/bin/python3 -W ignore:setup.py install is deprecated -W ignore:easy_install command is deprecated setup.py egg_info --egg-base ../../build/rotate_vs build --build-base /home/hashizume/experiment/build/rotate_vs/build install --record /home/hashizume/experiment/build/rotate_vs/install.log --single-version-externally-managed
[2.590s] running egg_info
[2.591s] writing ../../build/rotate_vs/rotate_vs.egg-info/PKG-INFO
[2.591s] writing dependency_links to ../../build/rotate_vs/rotate_vs.egg-info/dependency_links.txt
[2.591s] writing entry points to ../../build/rotate_vs/rotate_vs.egg-info/entry_points.txt
[2.592s] writing requirements to ../../build/rotate_vs/rotate_vs.egg-info/requires.txt
[2.592s] writing top-level names to ../../build/rotate_vs/rotate_vs.egg-info/top_level.txt
[2.594s] reading manifest file '../../build/rotate_vs/rotate_vs.egg-info/SOURCES.txt'
[2.595s] writing manifest file '../../build/rotate_vs/rotate_vs.egg-info/SOURCES.txt'
[2.596s] running build
[2.596s] running build_py
[2.596s] copying rotate_vs/rotate_vs.py -> /home/hashizume/experiment/build/rotate_vs/build/lib/rotate_vs
[2.597s] running install
[2.598s] running install_lib
[2.599s] copying /home/hashizume/experiment/build/rotate_vs/build/lib/rotate_vs/rotate_vs.py -> /home/hashizume/experiment/install/rotate_vs/lib/python3.10/site-packages/rotate_vs
[2.599s] byte-compiling /home/hashizume/experiment/install/rotate_vs/lib/python3.10/site-packages/rotate_vs/rotate_vs.py to rotate_vs.cpython-310.pyc
[2.601s] running install_egg_info
[2.602s] removing '/home/hashizume/experiment/install/rotate_vs/lib/python3.10/site-packages/rotate_vs-0.0.0-py3.10.egg-info' (and everything under it)
[2.603s] Copying ../../build/rotate_vs/rotate_vs.egg-info to /home/hashizume/experiment/install/rotate_vs/lib/python3.10/site-packages/rotate_vs-0.0.0-py3.10.egg-info
[2.604s] running install_scripts
[2.624s] Installing rotate_vs script to /home/hashizume/experiment/install/rotate_vs/lib/rotate_vs
[2.625s] writing list of installed files to '/home/hashizume/experiment/build/rotate_vs/install.log'
[2.689s] Invoked command in '/home/hashizume/experiment/src/rotate_vs' returned '0': PYTHONPATH=/home/hashizume/experiment/build/rotate_vs/prefix_override:/usr/lib/python3/dist-packages/colcon_core/task/python/colcon_distutils_commands:/home/hashizume/experiment/install/rotate_vs/lib/python3.10/site-packages:${PYTHONPATH} /usr/bin/python3 -W ignore:setup.py install is deprecated -W ignore:easy_install command is deprecated setup.py egg_info --egg-base ../../build/rotate_vs build --build-base /home/hashizume/experiment/build/rotate_vs/build install --record /home/hashizume/experiment/build/rotate_vs/install.log --single-version-externally-managed
