running egg_info
creating ../../build/square_odom/square_odom.egg-info
writing ../../build/square_odom/square_odom.egg-info/PKG-INFO
writing dependency_links to ../../build/square_odom/square_odom.egg-info/dependency_links.txt
writing entry points to ../../build/square_odom/square_odom.egg-info/entry_points.txt
writing requirements to ../../build/square_odom/square_odom.egg-info/requires.txt
writing top-level names to ../../build/square_odom/square_odom.egg-info/top_level.txt
writing manifest file '../../build/square_odom/square_odom.egg-info/SOURCES.txt'
reading manifest file '../../build/square_odom/square_odom.egg-info/SOURCES.txt'
writing manifest file '../../build/square_odom/square_odom.egg-info/SOURCES.txt'
running build
running build_py
creating /home/hashizume/experiment/build/square_odom/build
creating /home/hashizume/experiment/build/square_odom/build/lib
creating /home/hashizume/experiment/build/square_odom/build/lib/square_odom
copying square_odom/__init__.py -> /home/hashizume/experiment/build/square_odom/build/lib/square_odom
running install
running install_lib
creating /home/hashizume/experiment/install/square_odom/lib/python3.10/site-packages/square_odom
copying /home/hashizume/experiment/build/square_odom/build/lib/square_odom/__init__.py -> /home/hashizume/experiment/install/square_odom/lib/python3.10/site-packages/square_odom
byte-compiling /home/hashizume/experiment/install/square_odom/lib/python3.10/site-packages/square_odom/__init__.py to __init__.cpython-310.pyc
running install_data
creating /home/hashizume/experiment/install/square_odom/share/ament_index
creating /home/hashizume/experiment/install/square_odom/share/ament_index/resource_index
creating /home/hashizume/experiment/install/square_odom/share/ament_index/resource_index/packages
copying resource/square_odom -> /home/hashizume/experiment/install/square_odom/share/ament_index/resource_index/packages
copying package.xml -> /home/hashizume/experiment/install/square_odom/share/square_odom
running install_egg_info
Copying ../../build/square_odom/square_odom.egg-info to /home/hashizume/experiment/install/square_odom/lib/python3.10/site-packages/square_odom-0.0.0-py3.10.egg-info
running install_scripts
writing list of installed files to '/home/hashizume/experiment/build/square_odom/install.log'
