running egg_info
creating ../../build/infra_enhancer/infra_enhancer.egg-info
writing ../../build/infra_enhancer/infra_enhancer.egg-info/PKG-INFO
writing dependency_links to ../../build/infra_enhancer/infra_enhancer.egg-info/dependency_links.txt
writing entry points to ../../build/infra_enhancer/infra_enhancer.egg-info/entry_points.txt
writing requirements to ../../build/infra_enhancer/infra_enhancer.egg-info/requires.txt
writing top-level names to ../../build/infra_enhancer/infra_enhancer.egg-info/top_level.txt
writing manifest file '../../build/infra_enhancer/infra_enhancer.egg-info/SOURCES.txt'
reading manifest file '../../build/infra_enhancer/infra_enhancer.egg-info/SOURCES.txt'
writing manifest file '../../build/infra_enhancer/infra_enhancer.egg-info/SOURCES.txt'
running build
running build_py
creating /home/hashizume/experiment/experiment/build/infra_enhancer/build
creating /home/hashizume/experiment/experiment/build/infra_enhancer/build/lib
creating /home/hashizume/experiment/experiment/build/infra_enhancer/build/lib/infra_enhancer
copying infra_enhancer/enhancer_node.py -> /home/hashizume/experiment/experiment/build/infra_enhancer/build/lib/infra_enhancer
copying infra_enhancer/__init__.py -> /home/hashizume/experiment/experiment/build/infra_enhancer/build/lib/infra_enhancer
running install
running install_lib
creating /home/hashizume/experiment/experiment/install/infra_enhancer/lib/python3.10/site-packages/infra_enhancer
copying /home/hashizume/experiment/experiment/build/infra_enhancer/build/lib/infra_enhancer/enhancer_node.py -> /home/hashizume/experiment/experiment/install/infra_enhancer/lib/python3.10/site-packages/infra_enhancer
copying /home/hashizume/experiment/experiment/build/infra_enhancer/build/lib/infra_enhancer/__init__.py -> /home/hashizume/experiment/experiment/install/infra_enhancer/lib/python3.10/site-packages/infra_enhancer
byte-compiling /home/hashizume/experiment/experiment/install/infra_enhancer/lib/python3.10/site-packages/infra_enhancer/enhancer_node.py to enhancer_node.cpython-310.pyc
byte-compiling /home/hashizume/experiment/experiment/install/infra_enhancer/lib/python3.10/site-packages/infra_enhancer/__init__.py to __init__.cpython-310.pyc
running install_data
creating /home/hashizume/experiment/experiment/install/infra_enhancer/share/ament_index
creating /home/hashizume/experiment/experiment/install/infra_enhancer/share/ament_index/resource_index
creating /home/hashizume/experiment/experiment/install/infra_enhancer/share/ament_index/resource_index/packages
copying resource/infra_enhancer -> /home/hashizume/experiment/experiment/install/infra_enhancer/share/ament_index/resource_index/packages
copying package.xml -> /home/hashizume/experiment/experiment/install/infra_enhancer/share/infra_enhancer
running install_egg_info
Copying ../../build/infra_enhancer/infra_enhancer.egg-info to /home/hashizume/experiment/experiment/install/infra_enhancer/lib/python3.10/site-packages/infra_enhancer-0.0.1-py3.10.egg-info
running install_scripts
Installing infra_enhancer_node script to /home/hashizume/experiment/experiment/install/infra_enhancer/bin
writing list of installed files to '/home/hashizume/experiment/experiment/build/infra_enhancer/install.log'
