[0.558s] Invoking command in '/home/hashizume/experiment/experiment/src/infra_enhancer': PYTHONPATH=/home/hashizume/experiment/experiment/build/infra_enhancer/prefix_override:/usr/lib/python3/dist-packages/colcon_core/task/python/colcon_distutils_commands:/home/hashizume/experiment/experiment/install/infra_enhancer/lib/python3.10/site-packages:${PYTHONPATH} /usr/bin/python3 -W ignore:setup.py install is deprecated -W ignore:easy_install command is deprecated setup.py egg_info --egg-base ../../build/infra_enhancer build --build-base /home/hashizume/experiment/experiment/build/infra_enhancer/build install --record /home/hashizume/experiment/experiment/build/infra_enhancer/install.log --single-version-externally-managed install_data
[0.780s] running egg_info
[0.780s] creating ../../build/infra_enhancer/infra_enhancer.egg-info
[0.780s] writing ../../build/infra_enhancer/infra_enhancer.egg-info/PKG-INFO
[0.780s] writing dependency_links to ../../build/infra_enhancer/infra_enhancer.egg-info/dependency_links.txt
[0.781s] writing entry points to ../../build/infra_enhancer/infra_enhancer.egg-info/entry_points.txt
[0.781s] writing requirements to ../../build/infra_enhancer/infra_enhancer.egg-info/requires.txt
[0.781s] writing top-level names to ../../build/infra_enhancer/infra_enhancer.egg-info/top_level.txt
[0.781s] writing manifest file '../../build/infra_enhancer/infra_enhancer.egg-info/SOURCES.txt'
[0.782s] reading manifest file '../../build/infra_enhancer/infra_enhancer.egg-info/SOURCES.txt'
[0.782s] writing manifest file '../../build/infra_enhancer/infra_enhancer.egg-info/SOURCES.txt'
[0.782s] running build
[0.782s] running build_py
[0.783s] creating /home/hashizume/experiment/experiment/build/infra_enhancer/build
[0.783s] creating /home/hashizume/experiment/experiment/build/infra_enhancer/build/lib
[0.783s] creating /home/hashizume/experiment/experiment/build/infra_enhancer/build/lib/infra_enhancer
[0.783s] copying infra_enhancer/enhancer_node.py -> /home/hashizume/experiment/experiment/build/infra_enhancer/build/lib/infra_enhancer
[0.783s] copying infra_enhancer/__init__.py -> /home/hashizume/experiment/experiment/build/infra_enhancer/build/lib/infra_enhancer
[0.783s] running install
[0.783s] running install_lib
[0.784s] creating /home/hashizume/experiment/experiment/install/infra_enhancer/lib/python3.10/site-packages/infra_enhancer
[0.784s] copying /home/hashizume/experiment/experiment/build/infra_enhancer/build/lib/infra_enhancer/enhancer_node.py -> /home/hashizume/experiment/experiment/install/infra_enhancer/lib/python3.10/site-packages/infra_enhancer
[0.784s] copying /home/hashizume/experiment/experiment/build/infra_enhancer/build/lib/infra_enhancer/__init__.py -> /home/hashizume/experiment/experiment/install/infra_enhancer/lib/python3.10/site-packages/infra_enhancer
[0.784s] byte-compiling /home/hashizume/experiment/experiment/install/infra_enhancer/lib/python3.10/site-packages/infra_enhancer/enhancer_node.py to enhancer_node.cpython-310.pyc
[0.785s] byte-compiling /home/hashizume/experiment/experiment/install/infra_enhancer/lib/python3.10/site-packages/infra_enhancer/__init__.py to __init__.cpython-310.pyc
[0.785s] running install_data
[0.785s] creating /home/hashizume/experiment/experiment/install/infra_enhancer/share/ament_index
[0.785s] creating /home/hashizume/experiment/experiment/install/infra_enhancer/share/ament_index/resource_index
[0.785s] creating /home/hashizume/experiment/experiment/install/infra_enhancer/share/ament_index/resource_index/packages
[0.785s] copying resource/infra_enhancer -> /home/hashizume/experiment/experiment/install/infra_enhancer/share/ament_index/resource_index/packages
[0.786s] copying package.xml -> /home/hashizume/experiment/experiment/install/infra_enhancer/share/infra_enhancer
[0.786s] running install_egg_info
[0.787s] Copying ../../build/infra_enhancer/infra_enhancer.egg-info to /home/hashizume/experiment/experiment/install/infra_enhancer/lib/python3.10/site-packages/infra_enhancer-0.0.1-py3.10.egg-info
[0.788s] running install_scripts
[0.803s] Installing infra_enhancer_node script to /home/hashizume/experiment/experiment/install/infra_enhancer/bin
[0.804s] writing list of installed files to '/home/hashizume/experiment/experiment/build/infra_enhancer/install.log'
[0.837s] Invoked command in '/home/hashizume/experiment/experiment/src/infra_enhancer' returned '0': PYTHONPATH=/home/hashizume/experiment/experiment/build/infra_enhancer/prefix_override:/usr/lib/python3/dist-packages/colcon_core/task/python/colcon_distutils_commands:/home/hashizume/experiment/experiment/install/infra_enhancer/lib/python3.10/site-packages:${PYTHONPATH} /usr/bin/python3 -W ignore:setup.py install is deprecated -W ignore:easy_install command is deprecated setup.py egg_info --egg-base ../../build/infra_enhancer build --build-base /home/hashizume/experiment/experiment/build/infra_enhancer/build install --record /home/hashizume/experiment/experiment/build/infra_enhancer/install.log --single-version-externally-managed install_data
