[0.124s] DEBUG:colcon:Command line arguments: ['/usr/bin/colcon', 'build']
[0.124s] DEBUG:colcon:Parsed command line arguments: Namespace(log_base=None, log_level=None, verb_name='build', build_base='build', install_base='install', merge_install=False, symlink_install=False, test_result_base=None, continue_on_error=False, executor='parallel', parallel_workers=16, event_handlers=None, ignore_user_meta=False, metas=['./colcon.meta'], base_paths=['.'], packages_ignore=None, packages_ignore_regex=None, paths=None, packages_up_to=None, packages_up_to_regex=None, packages_above=None, packages_above_and_dependencies=None, packages_above_depth=None, packages_select_by_dep=None, packages_skip_by_dep=None, packages_skip_up_to=None, packages_select_build_failed=False, packages_skip_build_finished=False, packages_select_test_failures=False, packages_skip_test_passed=False, packages_select=None, packages_skip=None, packages_select_regex=None, packages_skip_regex=None, packages_start=None, packages_end=None, allow_overriding=[], cmake_args=None, cmake_target=None, cmake_target_skip_unavailable=False, cmake_clean_cache=False, cmake_clean_first=False, cmake_force_configure=False, ament_cmake_args=None, catkin_cmake_args=None, catkin_skip_building_tests=False, verb_parser=<colcon_defaults.argument_parser.defaults.DefaultArgumentsDecorator object at 0x79e1a7e02ef0>, verb_extension=<colcon_core.verb.build.BuildVerb object at 0x79e1a7f88310>, main=<bound method BuildVerb.main of <colcon_core.verb.build.BuildVerb object at 0x79e1a7f88310>>)
[0.306s] Level 1:colcon.colcon_core.package_discovery:discover_packages(colcon_meta) check parameters
[0.306s] Level 1:colcon.colcon_core.package_discovery:discover_packages(recursive) check parameters
[0.306s] Level 1:colcon.colcon_core.package_discovery:discover_packages(ignore) check parameters
[0.306s] Level 1:colcon.colcon_core.package_discovery:discover_packages(path) check parameters
[0.306s] Level 1:colcon.colcon_core.package_discovery:discover_packages(colcon_meta) discover
[0.306s] Level 1:colcon.colcon_core.package_discovery:discover_packages(recursive) discover
[0.306s] INFO:colcon.colcon_core.package_discovery:Crawling recursively for packages in '/home/hashizume/experiment/experiment'
[0.306s] Level 1:colcon.colcon_core.package_identification:_identify(.) by extensions ['ignore', 'ignore_ament_install']
[0.306s] Level 1:colcon.colcon_core.package_identification:_identify(.) by extension 'ignore'
[0.306s] Level 1:colcon.colcon_core.package_identification:_identify(.) by extension 'ignore_ament_install'
[0.307s] Level 1:colcon.colcon_core.package_identification:_identify(.) by extensions ['colcon_pkg']
[0.307s] Level 1:colcon.colcon_core.package_identification:_identify(.) by extension 'colcon_pkg'
[0.307s] Level 1:colcon.colcon_core.package_identification:_identify(.) by extensions ['colcon_meta']
[0.307s] Level 1:colcon.colcon_core.package_identification:_identify(.) by extension 'colcon_meta'
[0.307s] Level 1:colcon.colcon_core.package_identification:_identify(.) by extensions ['ros']
[0.307s] Level 1:colcon.colcon_core.package_identification:_identify(.) by extension 'ros'
[0.315s] Level 1:colcon.colcon_core.package_identification:_identify(.) by extensions ['cmake', 'python']
[0.315s] Level 1:colcon.colcon_core.package_identification:_identify(.) by extension 'cmake'
[0.315s] Level 1:colcon.colcon_core.package_identification:_identify(.) by extension 'python'
[0.315s] Level 1:colcon.colcon_core.package_identification:_identify(.) by extensions ['python_setup_py']
[0.315s] Level 1:colcon.colcon_core.package_identification:_identify(.) by extension 'python_setup_py'
[0.315s] Level 1:colcon.colcon_core.package_identification:_identify(build) by extensions ['ignore', 'ignore_ament_install']
[0.315s] Level 1:colcon.colcon_core.package_identification:_identify(build) by extension 'ignore'
[0.316s] Level 1:colcon.colcon_core.package_identification:_identify(build) ignored
[0.316s] Level 1:colcon.colcon_core.package_identification:_identify(install) by extensions ['ignore', 'ignore_ament_install']
[0.316s] Level 1:colcon.colcon_core.package_identification:_identify(install) by extension 'ignore'
[0.316s] Level 1:colcon.colcon_core.package_identification:_identify(install) ignored
[0.316s] Level 1:colcon.colcon_core.package_identification:_identify(log) by extensions ['ignore', 'ignore_ament_install']
[0.316s] Level 1:colcon.colcon_core.package_identification:_identify(log) by extension 'ignore'
[0.316s] Level 1:colcon.colcon_core.package_identification:_identify(log) ignored
[0.316s] Level 1:colcon.colcon_core.package_identification:_identify(src) by extensions ['ignore', 'ignore_ament_install']
[0.316s] Level 1:colcon.colcon_core.package_identification:_identify(src) by extension 'ignore'
[0.316s] Level 1:colcon.colcon_core.package_identification:_identify(src) by extension 'ignore_ament_install'
[0.316s] Level 1:colcon.colcon_core.package_identification:_identify(src) by extensions ['colcon_pkg']
[0.316s] Level 1:colcon.colcon_core.package_identification:_identify(src) by extension 'colcon_pkg'
[0.316s] Level 1:colcon.colcon_core.package_identification:_identify(src) by extensions ['colcon_meta']
[0.316s] Level 1:colcon.colcon_core.package_identification:_identify(src) by extension 'colcon_meta'
[0.316s] Level 1:colcon.colcon_core.package_identification:_identify(src) by extensions ['ros']
[0.316s] Level 1:colcon.colcon_core.package_identification:_identify(src) by extension 'ros'
[0.316s] Level 1:colcon.colcon_core.package_identification:_identify(src) by extensions ['cmake', 'python']
[0.316s] Level 1:colcon.colcon_core.package_identification:_identify(src) by extension 'cmake'
[0.316s] Level 1:colcon.colcon_core.package_identification:_identify(src) by extension 'python'
[0.316s] Level 1:colcon.colcon_core.package_identification:_identify(src) by extensions ['python_setup_py']
[0.316s] Level 1:colcon.colcon_core.package_identification:_identify(src) by extension 'python_setup_py'
[0.316s] Level 1:colcon.colcon_core.package_identification:_identify(src/forward_odom) by extensions ['ignore', 'ignore_ament_install']
[0.316s] Level 1:colcon.colcon_core.package_identification:_identify(src/forward_odom) by extension 'ignore'
[0.317s] Level 1:colcon.colcon_core.package_identification:_identify(src/forward_odom) by extension 'ignore_ament_install'
[0.317s] Level 1:colcon.colcon_core.package_identification:_identify(src/forward_odom) by extensions ['colcon_pkg']
[0.317s] Level 1:colcon.colcon_core.package_identification:_identify(src/forward_odom) by extension 'colcon_pkg'
[0.317s] Level 1:colcon.colcon_core.package_identification:_identify(src/forward_odom) by extensions ['colcon_meta']
[0.317s] Level 1:colcon.colcon_core.package_identification:_identify(src/forward_odom) by extension 'colcon_meta'
[0.317s] Level 1:colcon.colcon_core.package_identification:_identify(src/forward_odom) by extensions ['ros']
[0.317s] Level 1:colcon.colcon_core.package_identification:_identify(src/forward_odom) by extension 'ros'
[0.319s] DEBUG:colcon.colcon_core.package_identification:Package 'src/forward_odom' with type 'ros.ament_python' and name 'forward_odom'
[0.319s] Level 1:colcon.colcon_core.package_identification:_identify(src/forward_vs) by extensions ['ignore', 'ignore_ament_install']
[0.319s] Level 1:colcon.colcon_core.package_identification:_identify(src/forward_vs) by extension 'ignore'
[0.319s] Level 1:colcon.colcon_core.package_identification:_identify(src/forward_vs) by extension 'ignore_ament_install'
[0.319s] Level 1:colcon.colcon_core.package_identification:_identify(src/forward_vs) by extensions ['colcon_pkg']
[0.319s] Level 1:colcon.colcon_core.package_identification:_identify(src/forward_vs) by extension 'colcon_pkg'
[0.319s] Level 1:colcon.colcon_core.package_identification:_identify(src/forward_vs) by extensions ['colcon_meta']
[0.319s] Level 1:colcon.colcon_core.package_identification:_identify(src/forward_vs) by extension 'colcon_meta'
[0.319s] Level 1:colcon.colcon_core.package_identification:_identify(src/forward_vs) by extensions ['ros']
[0.319s] Level 1:colcon.colcon_core.package_identification:_identify(src/forward_vs) by extension 'ros'
[0.320s] DEBUG:colcon.colcon_core.package_identification:Package 'src/forward_vs' with type 'ros.ament_python' and name 'forward_vs'
[0.320s] Level 1:colcon.colcon_core.package_identification:_identify(src/infra_enhancer) by extensions ['ignore', 'ignore_ament_install']
[0.320s] Level 1:colcon.colcon_core.package_identification:_identify(src/infra_enhancer) by extension 'ignore'
[0.320s] Level 1:colcon.colcon_core.package_identification:_identify(src/infra_enhancer) by extension 'ignore_ament_install'
[0.320s] Level 1:colcon.colcon_core.package_identification:_identify(src/infra_enhancer) by extensions ['colcon_pkg']
[0.320s] Level 1:colcon.colcon_core.package_identification:_identify(src/infra_enhancer) by extension 'colcon_pkg'
[0.320s] Level 1:colcon.colcon_core.package_identification:_identify(src/infra_enhancer) by extensions ['colcon_meta']
[0.320s] Level 1:colcon.colcon_core.package_identification:_identify(src/infra_enhancer) by extension 'colcon_meta'
[0.320s] Level 1:colcon.colcon_core.package_identification:_identify(src/infra_enhancer) by extensions ['ros']
[0.320s] Level 1:colcon.colcon_core.package_identification:_identify(src/infra_enhancer) by extension 'ros'
[0.321s] DEBUG:colcon.colcon_core.package_identification:Package 'src/infra_enhancer' with type 'ros.catkin' and name 'infra_enhancer'
[0.321s] Level 1:colcon.colcon_core.package_identification:_identify(src/rotate_odom) by extensions ['ignore', 'ignore_ament_install']
[0.321s] Level 1:colcon.colcon_core.package_identification:_identify(src/rotate_odom) by extension 'ignore'
[0.321s] Level 1:colcon.colcon_core.package_identification:_identify(src/rotate_odom) by extension 'ignore_ament_install'
[0.321s] Level 1:colcon.colcon_core.package_identification:_identify(src/rotate_odom) by extensions ['colcon_pkg']
[0.321s] Level 1:colcon.colcon_core.package_identification:_identify(src/rotate_odom) by extension 'colcon_pkg'
[0.321s] Level 1:colcon.colcon_core.package_identification:_identify(src/rotate_odom) by extensions ['colcon_meta']
[0.321s] Level 1:colcon.colcon_core.package_identification:_identify(src/rotate_odom) by extension 'colcon_meta'
[0.321s] Level 1:colcon.colcon_core.package_identification:_identify(src/rotate_odom) by extensions ['ros']
[0.321s] Level 1:colcon.colcon_core.package_identification:_identify(src/rotate_odom) by extension 'ros'
[0.322s] DEBUG:colcon.colcon_core.package_identification:Package 'src/rotate_odom' with type 'ros.ament_python' and name 'rotate_odom'
[0.322s] Level 1:colcon.colcon_core.package_identification:_identify(src/rotate_vs) by extensions ['ignore', 'ignore_ament_install']
[0.322s] Level 1:colcon.colcon_core.package_identification:_identify(src/rotate_vs) by extension 'ignore'
[0.322s] Level 1:colcon.colcon_core.package_identification:_identify(src/rotate_vs) by extension 'ignore_ament_install'
[0.322s] Level 1:colcon.colcon_core.package_identification:_identify(src/rotate_vs) by extensions ['colcon_pkg']
[0.322s] Level 1:colcon.colcon_core.package_identification:_identify(src/rotate_vs) by extension 'colcon_pkg'
[0.322s] Level 1:colcon.colcon_core.package_identification:_identify(src/rotate_vs) by extensions ['colcon_meta']
[0.322s] Level 1:colcon.colcon_core.package_identification:_identify(src/rotate_vs) by extension 'colcon_meta'
[0.323s] Level 1:colcon.colcon_core.package_identification:_identify(src/rotate_vs) by extensions ['ros']
[0.323s] Level 1:colcon.colcon_core.package_identification:_identify(src/rotate_vs) by extension 'ros'
[0.323s] DEBUG:colcon.colcon_core.package_identification:Package 'src/rotate_vs' with type 'ros.ament_python' and name 'rotate_vs'
[0.323s] Level 1:colcon.colcon_core.package_identification:_identify(src/square_odom) by extensions ['ignore', 'ignore_ament_install']
[0.323s] Level 1:colcon.colcon_core.package_identification:_identify(src/square_odom) by extension 'ignore'
[0.323s] Level 1:colcon.colcon_core.package_identification:_identify(src/square_odom) by extension 'ignore_ament_install'
[0.323s] Level 1:colcon.colcon_core.package_identification:_identify(src/square_odom) by extensions ['colcon_pkg']
[0.323s] Level 1:colcon.colcon_core.package_identification:_identify(src/square_odom) by extension 'colcon_pkg'
[0.323s] Level 1:colcon.colcon_core.package_identification:_identify(src/square_odom) by extensions ['colcon_meta']
[0.323s] Level 1:colcon.colcon_core.package_identification:_identify(src/square_odom) by extension 'colcon_meta'
[0.323s] Level 1:colcon.colcon_core.package_identification:_identify(src/square_odom) by extensions ['ros']
[0.323s] Level 1:colcon.colcon_core.package_identification:_identify(src/square_odom) by extension 'ros'
[0.324s] DEBUG:colcon.colcon_core.package_identification:Package 'src/square_odom' with type 'ros.ament_python' and name 'square_odom'
[0.324s] Level 1:colcon.colcon_core.package_identification:_identify(src/square_vs) by extensions ['ignore', 'ignore_ament_install']
[0.324s] Level 1:colcon.colcon_core.package_identification:_identify(src/square_vs) by extension 'ignore'
[0.324s] Level 1:colcon.colcon_core.package_identification:_identify(src/square_vs) by extension 'ignore_ament_install'
[0.324s] Level 1:colcon.colcon_core.package_identification:_identify(src/square_vs) by extensions ['colcon_pkg']
[0.324s] Level 1:colcon.colcon_core.package_identification:_identify(src/square_vs) by extension 'colcon_pkg'
[0.324s] Level 1:colcon.colcon_core.package_identification:_identify(src/square_vs) by extensions ['colcon_meta']
[0.324s] Level 1:colcon.colcon_core.package_identification:_identify(src/square_vs) by extension 'colcon_meta'
[0.324s] Level 1:colcon.colcon_core.package_identification:_identify(src/square_vs) by extensions ['ros']
[0.324s] Level 1:colcon.colcon_core.package_identification:_identify(src/square_vs) by extension 'ros'
[0.325s] DEBUG:colcon.colcon_core.package_identification:Package 'src/square_vs' with type 'ros.ament_python' and name 'square_vs'
[0.325s] Level 1:colcon.colcon_core.package_discovery:discover_packages(recursive) using defaults
[0.325s] Level 1:colcon.colcon_core.package_discovery:discover_packages(ignore) discover
[0.325s] Level 1:colcon.colcon_core.package_discovery:discover_packages(ignore) using defaults
[0.325s] Level 1:colcon.colcon_core.package_discovery:discover_packages(path) discover
[0.325s] Level 1:colcon.colcon_core.package_discovery:discover_packages(path) using defaults
[0.356s] Level 1:colcon.colcon_core.package_discovery:discover_packages(prefix_path) check parameters
[0.356s] Level 1:colcon.colcon_core.package_discovery:discover_packages(prefix_path) discover
[0.358s] DEBUG:colcon.colcon_installed_package_information.package_discovery:Found 6 installed packages in /home/hashizume/experiment/experiment/install
[0.358s] DEBUG:colcon.colcon_installed_package_information.package_discovery:Found 6 installed packages in /home/hashizume/experiment/install
[0.360s] DEBUG:colcon.colcon_installed_package_information.package_discovery:Found 334 installed packages in /opt/ros/humble
[0.361s] Level 1:colcon.colcon_core.package_discovery:discover_packages(prefix_path) using defaults
[0.394s] Level 5:colcon.colcon_core.verb:set package 'forward_odom' build argument 'cmake_args' from command line to 'None'
[0.394s] Level 5:colcon.colcon_core.verb:set package 'forward_odom' build argument 'cmake_target' from command line to 'None'
[0.394s] Level 5:colcon.colcon_core.verb:set package 'forward_odom' build argument 'cmake_target_skip_unavailable' from command line to 'False'
[0.394s] Level 5:colcon.colcon_core.verb:set package 'forward_odom' build argument 'cmake_clean_cache' from command line to 'False'
[0.394s] Level 5:colcon.colcon_core.verb:set package 'forward_odom' build argument 'cmake_clean_first' from command line to 'False'
[0.394s] Level 5:colcon.colcon_core.verb:set package 'forward_odom' build argument 'cmake_force_configure' from command line to 'False'
[0.394s] Level 5:colcon.colcon_core.verb:set package 'forward_odom' build argument 'ament_cmake_args' from command line to 'None'
[0.394s] Level 5:colcon.colcon_core.verb:set package 'forward_odom' build argument 'catkin_cmake_args' from command line to 'None'
[0.395s] Level 5:colcon.colcon_core.verb:set package 'forward_odom' build argument 'catkin_skip_building_tests' from command line to 'False'
[0.395s] DEBUG:colcon.colcon_core.verb:Building package 'forward_odom' with the following arguments: {'ament_cmake_args': None, 'build_base': '/home/hashizume/experiment/experiment/build/forward_odom', 'catkin_cmake_args': None, 'catkin_skip_building_tests': False, 'cmake_args': None, 'cmake_clean_cache': False, 'cmake_clean_first': False, 'cmake_force_configure': False, 'cmake_target': None, 'cmake_target_skip_unavailable': False, 'install_base': '/home/hashizume/experiment/experiment/install/forward_odom', 'merge_install': False, 'path': '/home/hashizume/experiment/experiment/src/forward_odom', 'symlink_install': False, 'test_result_base': None}
[0.395s] Level 5:colcon.colcon_core.verb:set package 'forward_vs' build argument 'cmake_args' from command line to 'None'
[0.395s] Level 5:colcon.colcon_core.verb:set package 'forward_vs' build argument 'cmake_target' from command line to 'None'
[0.395s] Level 5:colcon.colcon_core.verb:set package 'forward_vs' build argument 'cmake_target_skip_unavailable' from command line to 'False'
[0.395s] Level 5:colcon.colcon_core.verb:set package 'forward_vs' build argument 'cmake_clean_cache' from command line to 'False'
[0.395s] Level 5:colcon.colcon_core.verb:set package 'forward_vs' build argument 'cmake_clean_first' from command line to 'False'
[0.395s] Level 5:colcon.colcon_core.verb:set package 'forward_vs' build argument 'cmake_force_configure' from command line to 'False'
[0.395s] Level 5:colcon.colcon_core.verb:set package 'forward_vs' build argument 'ament_cmake_args' from command line to 'None'
[0.395s] Level 5:colcon.colcon_core.verb:set package 'forward_vs' build argument 'catkin_cmake_args' from command line to 'None'
[0.395s] Level 5:colcon.colcon_core.verb:set package 'forward_vs' build argument 'catkin_skip_building_tests' from command line to 'False'
[0.395s] DEBUG:colcon.colcon_core.verb:Building package 'forward_vs' with the following arguments: {'ament_cmake_args': None, 'build_base': '/home/hashizume/experiment/experiment/build/forward_vs', 'catkin_cmake_args': None, 'catkin_skip_building_tests': False, 'cmake_args': None, 'cmake_clean_cache': False, 'cmake_clean_first': False, 'cmake_force_configure': False, 'cmake_target': None, 'cmake_target_skip_unavailable': False, 'install_base': '/home/hashizume/experiment/experiment/install/forward_vs', 'merge_install': False, 'path': '/home/hashizume/experiment/experiment/src/forward_vs', 'symlink_install': False, 'test_result_base': None}
[0.395s] Level 5:colcon.colcon_core.verb:set package 'infra_enhancer' build argument 'cmake_args' from command line to 'None'
[0.395s] Level 5:colcon.colcon_core.verb:set package 'infra_enhancer' build argument 'cmake_target' from command line to 'None'
[0.395s] Level 5:colcon.colcon_core.verb:set package 'infra_enhancer' build argument 'cmake_target_skip_unavailable' from command line to 'False'
[0.395s] Level 5:colcon.colcon_core.verb:set package 'infra_enhancer' build argument 'cmake_clean_cache' from command line to 'False'
[0.395s] Level 5:colcon.colcon_core.verb:set package 'infra_enhancer' build argument 'cmake_clean_first' from command line to 'False'
[0.395s] Level 5:colcon.colcon_core.verb:set package 'infra_enhancer' build argument 'cmake_force_configure' from command line to 'False'
[0.395s] Level 5:colcon.colcon_core.verb:set package 'infra_enhancer' build argument 'ament_cmake_args' from command line to 'None'
[0.395s] Level 5:colcon.colcon_core.verb:set package 'infra_enhancer' build argument 'catkin_cmake_args' from command line to 'None'
[0.395s] Level 5:colcon.colcon_core.verb:set package 'infra_enhancer' build argument 'catkin_skip_building_tests' from command line to 'False'
[0.395s] DEBUG:colcon.colcon_core.verb:Building package 'infra_enhancer' with the following arguments: {'ament_cmake_args': None, 'build_base': '/home/hashizume/experiment/experiment/build/infra_enhancer', 'catkin_cmake_args': None, 'catkin_skip_building_tests': False, 'cmake_args': None, 'cmake_clean_cache': False, 'cmake_clean_first': False, 'cmake_force_configure': False, 'cmake_target': None, 'cmake_target_skip_unavailable': False, 'install_base': '/home/hashizume/experiment/experiment/install/infra_enhancer', 'merge_install': False, 'path': '/home/hashizume/experiment/experiment/src/infra_enhancer', 'symlink_install': False, 'test_result_base': None}
[0.396s] Level 5:colcon.colcon_core.verb:set package 'rotate_odom' build argument 'cmake_args' from command line to 'None'
[0.396s] Level 5:colcon.colcon_core.verb:set package 'rotate_odom' build argument 'cmake_target' from command line to 'None'
[0.396s] Level 5:colcon.colcon_core.verb:set package 'rotate_odom' build argument 'cmake_target_skip_unavailable' from command line to 'False'
[0.396s] Level 5:colcon.colcon_core.verb:set package 'rotate_odom' build argument 'cmake_clean_cache' from command line to 'False'
[0.396s] Level 5:colcon.colcon_core.verb:set package 'rotate_odom' build argument 'cmake_clean_first' from command line to 'False'
[0.396s] Level 5:colcon.colcon_core.verb:set package 'rotate_odom' build argument 'cmake_force_configure' from command line to 'False'
[0.396s] Level 5:colcon.colcon_core.verb:set package 'rotate_odom' build argument 'ament_cmake_args' from command line to 'None'
[0.396s] Level 5:colcon.colcon_core.verb:set package 'rotate_odom' build argument 'catkin_cmake_args' from command line to 'None'
[0.396s] Level 5:colcon.colcon_core.verb:set package 'rotate_odom' build argument 'catkin_skip_building_tests' from command line to 'False'
[0.396s] DEBUG:colcon.colcon_core.verb:Building package 'rotate_odom' with the following arguments: {'ament_cmake_args': None, 'build_base': '/home/hashizume/experiment/experiment/build/rotate_odom', 'catkin_cmake_args': None, 'catkin_skip_building_tests': False, 'cmake_args': None, 'cmake_clean_cache': False, 'cmake_clean_first': False, 'cmake_force_configure': False, 'cmake_target': None, 'cmake_target_skip_unavailable': False, 'install_base': '/home/hashizume/experiment/experiment/install/rotate_odom', 'merge_install': False, 'path': '/home/hashizume/experiment/experiment/src/rotate_odom', 'symlink_install': False, 'test_result_base': None}
[0.396s] Level 5:colcon.colcon_core.verb:set package 'rotate_vs' build argument 'cmake_args' from command line to 'None'
[0.396s] Level 5:colcon.colcon_core.verb:set package 'rotate_vs' build argument 'cmake_target' from command line to 'None'
[0.396s] Level 5:colcon.colcon_core.verb:set package 'rotate_vs' build argument 'cmake_target_skip_unavailable' from command line to 'False'
[0.396s] Level 5:colcon.colcon_core.verb:set package 'rotate_vs' build argument 'cmake_clean_cache' from command line to 'False'
[0.396s] Level 5:colcon.colcon_core.verb:set package 'rotate_vs' build argument 'cmake_clean_first' from command line to 'False'
[0.396s] Level 5:colcon.colcon_core.verb:set package 'rotate_vs' build argument 'cmake_force_configure' from command line to 'False'
[0.396s] Level 5:colcon.colcon_core.verb:set package 'rotate_vs' build argument 'ament_cmake_args' from command line to 'None'
[0.396s] Level 5:colcon.colcon_core.verb:set package 'rotate_vs' build argument 'catkin_cmake_args' from command line to 'None'
[0.396s] Level 5:colcon.colcon_core.verb:set package 'rotate_vs' build argument 'catkin_skip_building_tests' from command line to 'False'
[0.396s] DEBUG:colcon.colcon_core.verb:Building package 'rotate_vs' with the following arguments: {'ament_cmake_args': None, 'build_base': '/home/hashizume/experiment/experiment/build/rotate_vs', 'catkin_cmake_args': None, 'catkin_skip_building_tests': False, 'cmake_args': None, 'cmake_clean_cache': False, 'cmake_clean_first': False, 'cmake_force_configure': False, 'cmake_target': None, 'cmake_target_skip_unavailable': False, 'install_base': '/home/hashizume/experiment/experiment/install/rotate_vs', 'merge_install': False, 'path': '/home/hashizume/experiment/experiment/src/rotate_vs', 'symlink_install': False, 'test_result_base': None}
[0.396s] Level 5:colcon.colcon_core.verb:set package 'square_odom' build argument 'cmake_args' from command line to 'None'
[0.396s] Level 5:colcon.colcon_core.verb:set package 'square_odom' build argument 'cmake_target' from command line to 'None'
[0.396s] Level 5:colcon.colcon_core.verb:set package 'square_odom' build argument 'cmake_target_skip_unavailable' from command line to 'False'
[0.396s] Level 5:colcon.colcon_core.verb:set package 'square_odom' build argument 'cmake_clean_cache' from command line to 'False'
[0.396s] Level 5:colcon.colcon_core.verb:set package 'square_odom' build argument 'cmake_clean_first' from command line to 'False'
[0.396s] Level 5:colcon.colcon_core.verb:set package 'square_odom' build argument 'cmake_force_configure' from command line to 'False'
[0.396s] Level 5:colcon.colcon_core.verb:set package 'square_odom' build argument 'ament_cmake_args' from command line to 'None'
[0.396s] Level 5:colcon.colcon_core.verb:set package 'square_odom' build argument 'catkin_cmake_args' from command line to 'None'
[0.396s] Level 5:colcon.colcon_core.verb:set package 'square_odom' build argument 'catkin_skip_building_tests' from command line to 'False'
[0.396s] DEBUG:colcon.colcon_core.verb:Building package 'square_odom' with the following arguments: {'ament_cmake_args': None, 'build_base': '/home/hashizume/experiment/experiment/build/square_odom', 'catkin_cmake_args': None, 'catkin_skip_building_tests': False, 'cmake_args': None, 'cmake_clean_cache': False, 'cmake_clean_first': False, 'cmake_force_configure': False, 'cmake_target': None, 'cmake_target_skip_unavailable': False, 'install_base': '/home/hashizume/experiment/experiment/install/square_odom', 'merge_install': False, 'path': '/home/hashizume/experiment/experiment/src/square_odom', 'symlink_install': False, 'test_result_base': None}
[0.397s] Level 5:colcon.colcon_core.verb:set package 'square_vs' build argument 'cmake_args' from command line to 'None'
[0.397s] Level 5:colcon.colcon_core.verb:set package 'square_vs' build argument 'cmake_target' from command line to 'None'
[0.397s] Level 5:colcon.colcon_core.verb:set package 'square_vs' build argument 'cmake_target_skip_unavailable' from command line to 'False'
[0.397s] Level 5:colcon.colcon_core.verb:set package 'square_vs' build argument 'cmake_clean_cache' from command line to 'False'
[0.397s] Level 5:colcon.colcon_core.verb:set package 'square_vs' build argument 'cmake_clean_first' from command line to 'False'
[0.397s] Level 5:colcon.colcon_core.verb:set package 'square_vs' build argument 'cmake_force_configure' from command line to 'False'
[0.397s] Level 5:colcon.colcon_core.verb:set package 'square_vs' build argument 'ament_cmake_args' from command line to 'None'
[0.397s] Level 5:colcon.colcon_core.verb:set package 'square_vs' build argument 'catkin_cmake_args' from command line to 'None'
[0.397s] Level 5:colcon.colcon_core.verb:set package 'square_vs' build argument 'catkin_skip_building_tests' from command line to 'False'
[0.397s] DEBUG:colcon.colcon_core.verb:Building package 'square_vs' with the following arguments: {'ament_cmake_args': None, 'build_base': '/home/hashizume/experiment/experiment/build/square_vs', 'catkin_cmake_args': None, 'catkin_skip_building_tests': False, 'cmake_args': None, 'cmake_clean_cache': False, 'cmake_clean_first': False, 'cmake_force_configure': False, 'cmake_target': None, 'cmake_target_skip_unavailable': False, 'install_base': '/home/hashizume/experiment/experiment/install/square_vs', 'merge_install': False, 'path': '/home/hashizume/experiment/experiment/src/square_vs', 'symlink_install': False, 'test_result_base': None}
[0.397s] INFO:colcon.colcon_core.executor:Executing jobs using 'parallel' executor
[0.398s] DEBUG:colcon.colcon_parallel_executor.executor.parallel:run_until_complete
[0.398s] INFO:colcon.colcon_ros.task.ament_python.build:Building ROS package in '/home/hashizume/experiment/experiment/src/forward_odom' with build type 'ament_python'
[0.398s] Level 1:colcon.colcon_core.shell:create_environment_hook('forward_odom', 'ament_prefix_path')
[0.401s] INFO:colcon.colcon_core.plugin_system:Skipping extension 'colcon_core.shell.bat': Not used on non-Windows systems
[0.401s] INFO:colcon.colcon_core.shell:Creating environment hook '/home/hashizume/experiment/experiment/install/forward_odom/share/forward_odom/hook/ament_prefix_path.ps1'
[0.401s] INFO:colcon.colcon_core.shell:Creating environment descriptor '/home/hashizume/experiment/experiment/install/forward_odom/share/forward_odom/hook/ament_prefix_path.dsv'
[0.402s] INFO:colcon.colcon_core.shell:Creating environment hook '/home/hashizume/experiment/experiment/install/forward_odom/share/forward_odom/hook/ament_prefix_path.sh'
[0.402s] INFO:colcon.colcon_core.shell:Skip shell extension 'powershell' for command environment: Not usable outside of PowerShell
[0.402s] DEBUG:colcon.colcon_core.shell:Skip shell extension 'dsv' for command environment
[0.406s] INFO:colcon.colcon_ros.task.ament_python.build:Building ROS package in '/home/hashizume/experiment/experiment/src/forward_vs' with build type 'ament_python'
[0.407s] Level 1:colcon.colcon_core.shell:create_environment_hook('forward_vs', 'ament_prefix_path')
[0.407s] INFO:colcon.colcon_core.shell:Creating environment hook '/home/hashizume/experiment/experiment/install/forward_vs/share/forward_vs/hook/ament_prefix_path.ps1'
[0.407s] INFO:colcon.colcon_core.shell:Creating environment descriptor '/home/hashizume/experiment/experiment/install/forward_vs/share/forward_vs/hook/ament_prefix_path.dsv'
[0.407s] INFO:colcon.colcon_core.shell:Creating environment hook '/home/hashizume/experiment/experiment/install/forward_vs/share/forward_vs/hook/ament_prefix_path.sh'
[0.408s] INFO:colcon.colcon_core.shell:Skip shell extension 'powershell' for command environment: Not usable outside of PowerShell
[0.408s] DEBUG:colcon.colcon_core.shell:Skip shell extension 'dsv' for command environment
[0.411s] INFO:colcon.colcon_ros.task.catkin.build:Building ROS package in '/home/hashizume/experiment/experiment/src/infra_enhancer' with build type 'catkin'
[0.412s] INFO:colcon.colcon_cmake.task.cmake.build:Building CMake package in '/home/hashizume/experiment/experiment/src/infra_enhancer'
[0.412s] INFO:colcon.colcon_core.shell:Skip shell extension 'powershell' for command environment: Not usable outside of PowerShell
[0.412s] DEBUG:colcon.colcon_core.shell:Skip shell extension 'dsv' for command environment
[0.415s] INFO:colcon.colcon_ros.task.ament_python.build:Building ROS package in '/home/hashizume/experiment/experiment/src/rotate_odom' with build type 'ament_python'
[0.415s] Level 1:colcon.colcon_core.shell:create_environment_hook('rotate_odom', 'ament_prefix_path')
[0.416s] INFO:colcon.colcon_core.shell:Creating environment hook '/home/hashizume/experiment/experiment/install/rotate_odom/share/rotate_odom/hook/ament_prefix_path.ps1'
[0.416s] INFO:colcon.colcon_core.shell:Creating environment descriptor '/home/hashizume/experiment/experiment/install/rotate_odom/share/rotate_odom/hook/ament_prefix_path.dsv'
[0.416s] INFO:colcon.colcon_core.shell:Creating environment hook '/home/hashizume/experiment/experiment/install/rotate_odom/share/rotate_odom/hook/ament_prefix_path.sh'
[0.417s] INFO:colcon.colcon_core.shell:Skip shell extension 'powershell' for command environment: Not usable outside of PowerShell
[0.417s] DEBUG:colcon.colcon_core.shell:Skip shell extension 'dsv' for command environment
[0.420s] INFO:colcon.colcon_ros.task.ament_python.build:Building ROS package in '/home/hashizume/experiment/experiment/src/rotate_vs' with build type 'ament_python'
[0.420s] Level 1:colcon.colcon_core.shell:create_environment_hook('rotate_vs', 'ament_prefix_path')
[0.420s] INFO:colcon.colcon_core.shell:Creating environment hook '/home/hashizume/experiment/experiment/install/rotate_vs/share/rotate_vs/hook/ament_prefix_path.ps1'
[0.420s] INFO:colcon.colcon_core.shell:Creating environment descriptor '/home/hashizume/experiment/experiment/install/rotate_vs/share/rotate_vs/hook/ament_prefix_path.dsv'
[0.421s] INFO:colcon.colcon_core.shell:Creating environment hook '/home/hashizume/experiment/experiment/install/rotate_vs/share/rotate_vs/hook/ament_prefix_path.sh'
[0.421s] INFO:colcon.colcon_core.shell:Skip shell extension 'powershell' for command environment: Not usable outside of PowerShell
[0.421s] DEBUG:colcon.colcon_core.shell:Skip shell extension 'dsv' for command environment
[0.425s] INFO:colcon.colcon_ros.task.ament_python.build:Building ROS package in '/home/hashizume/experiment/experiment/src/square_odom' with build type 'ament_python'
[0.425s] Level 1:colcon.colcon_core.shell:create_environment_hook('square_odom', 'ament_prefix_path')
[0.425s] INFO:colcon.colcon_core.shell:Creating environment hook '/home/hashizume/experiment/experiment/install/square_odom/share/square_odom/hook/ament_prefix_path.ps1'
[0.426s] INFO:colcon.colcon_core.shell:Creating environment descriptor '/home/hashizume/experiment/experiment/install/square_odom/share/square_odom/hook/ament_prefix_path.dsv'
[0.426s] INFO:colcon.colcon_core.shell:Creating environment hook '/home/hashizume/experiment/experiment/install/square_odom/share/square_odom/hook/ament_prefix_path.sh'
[0.426s] INFO:colcon.colcon_core.shell:Skip shell extension 'powershell' for command environment: Not usable outside of PowerShell
[0.426s] DEBUG:colcon.colcon_core.shell:Skip shell extension 'dsv' for command environment
[0.430s] INFO:colcon.colcon_ros.task.ament_python.build:Building ROS package in '/home/hashizume/experiment/experiment/src/square_vs' with build type 'ament_python'
[0.430s] Level 1:colcon.colcon_core.shell:create_environment_hook('square_vs', 'ament_prefix_path')
[0.431s] INFO:colcon.colcon_core.shell:Creating environment hook '/home/hashizume/experiment/experiment/install/square_vs/share/square_vs/hook/ament_prefix_path.ps1'
[0.431s] INFO:colcon.colcon_core.shell:Creating environment descriptor '/home/hashizume/experiment/experiment/install/square_vs/share/square_vs/hook/ament_prefix_path.dsv'
[0.431s] INFO:colcon.colcon_core.shell:Creating environment hook '/home/hashizume/experiment/experiment/install/square_vs/share/square_vs/hook/ament_prefix_path.sh'
[0.432s] INFO:colcon.colcon_core.shell:Skip shell extension 'powershell' for command environment: Not usable outside of PowerShell
[0.432s] DEBUG:colcon.colcon_core.shell:Skip shell extension 'dsv' for command environment
[0.643s] WARNING:colcon.colcon_ros.task.ament_python.build:Package 'forward_odom' doesn't explicitly install a marker in the package index (colcon-ros currently does it implicitly but that fallback will be removed in the future)
[0.643s] WARNING:colcon.colcon_ros.task.ament_python.build:Package 'forward_odom' doesn't explicitly install the 'package.xml' file (colcon-ros currently does it implicitly but that fallback will be removed in the future)
[0.643s] INFO:colcon.colcon_core.task.python.build:Building Python package in '/home/hashizume/experiment/experiment/src/forward_odom'
[0.643s] INFO:colcon.colcon_core.shell:Skip shell extension 'powershell' for command environment: Not usable outside of PowerShell
[0.643s] DEBUG:colcon.colcon_core.shell:Skip shell extension 'dsv' for command environment
[0.860s] WARNING:colcon.colcon_ros.task.ament_python.build:Package 'forward_vs' doesn't explicitly install a marker in the package index (colcon-ros currently does it implicitly but that fallback will be removed in the future)
[0.860s] WARNING:colcon.colcon_ros.task.ament_python.build:Package 'forward_vs' doesn't explicitly install the 'package.xml' file (colcon-ros currently does it implicitly but that fallback will be removed in the future)
[0.860s] INFO:colcon.colcon_core.task.python.build:Building Python package in '/home/hashizume/experiment/experiment/src/forward_vs'
[0.861s] INFO:colcon.colcon_core.shell:Skip shell extension 'powershell' for command environment: Not usable outside of PowerShell
[0.861s] DEBUG:colcon.colcon_core.shell:Skip shell extension 'dsv' for command environment
[0.867s] DEBUG:colcon.colcon_core.event_handler.log_command:Invoking command in '/home/hashizume/experiment/experiment/build/infra_enhancer': /usr/bin/cmake /home/hashizume/experiment/experiment/src/infra_enhancer -DCATKIN_INSTALL_INTO_PREFIX_ROOT=0 -DCMAKE_INSTALL_PREFIX=/home/hashizume/experiment/experiment/install/infra_enhancer
[1.092s] WARNING:colcon.colcon_ros.task.ament_python.build:Package 'rotate_odom' doesn't explicitly install a marker in the package index (colcon-ros currently does it implicitly but that fallback will be removed in the future)
[1.092s] WARNING:colcon.colcon_ros.task.ament_python.build:Package 'rotate_odom' doesn't explicitly install the 'package.xml' file (colcon-ros currently does it implicitly but that fallback will be removed in the future)
[1.092s] INFO:colcon.colcon_core.task.python.build:Building Python package in '/home/hashizume/experiment/experiment/src/rotate_odom'
[1.093s] INFO:colcon.colcon_core.shell:Skip shell extension 'powershell' for command environment: Not usable outside of PowerShell
[1.093s] DEBUG:colcon.colcon_core.shell:Skip shell extension 'dsv' for command environment
[1.302s] WARNING:colcon.colcon_ros.task.ament_python.build:Package 'rotate_vs' doesn't explicitly install a marker in the package index (colcon-ros currently does it implicitly but that fallback will be removed in the future)
[1.302s] WARNING:colcon.colcon_ros.task.ament_python.build:Package 'rotate_vs' doesn't explicitly install the 'package.xml' file (colcon-ros currently does it implicitly but that fallback will be removed in the future)
[1.303s] INFO:colcon.colcon_core.task.python.build:Building Python package in '/home/hashizume/experiment/experiment/src/rotate_vs'
[1.303s] INFO:colcon.colcon_core.shell:Skip shell extension 'powershell' for command environment: Not usable outside of PowerShell
[1.303s] DEBUG:colcon.colcon_core.shell:Skip shell extension 'dsv' for command environment
[1.515s] WARNING:colcon.colcon_ros.task.ament_python.build:Package 'square_odom' doesn't explicitly install a marker in the package index (colcon-ros currently does it implicitly but that fallback will be removed in the future)
[1.516s] WARNING:colcon.colcon_ros.task.ament_python.build:Package 'square_odom' doesn't explicitly install the 'package.xml' file (colcon-ros currently does it implicitly but that fallback will be removed in the future)
[1.516s] INFO:colcon.colcon_core.task.python.build:Building Python package in '/home/hashizume/experiment/experiment/src/square_odom'
[1.516s] INFO:colcon.colcon_core.shell:Skip shell extension 'powershell' for command environment: Not usable outside of PowerShell
[1.516s] DEBUG:colcon.colcon_core.shell:Skip shell extension 'dsv' for command environment
[1.735s] WARNING:colcon.colcon_ros.task.ament_python.build:Package 'square_vs' doesn't explicitly install a marker in the package index (colcon-ros currently does it implicitly but that fallback will be removed in the future)
[1.735s] WARNING:colcon.colcon_ros.task.ament_python.build:Package 'square_vs' doesn't explicitly install the 'package.xml' file (colcon-ros currently does it implicitly but that fallback will be removed in the future)
[1.735s] INFO:colcon.colcon_core.task.python.build:Building Python package in '/home/hashizume/experiment/experiment/src/square_vs'
[1.735s] INFO:colcon.colcon_core.shell:Skip shell extension 'powershell' for command environment: Not usable outside of PowerShell
[1.736s] DEBUG:colcon.colcon_core.shell:Skip shell extension 'dsv' for command environment
[1.741s] Level 1:colcon.colcon_core.environment:create_environment_scripts_only(infra_enhancer)
[1.741s] DEBUG:colcon.colcon_core.event_handler.log_command:Invoked command in '/home/hashizume/experiment/experiment/build/infra_enhancer' returned '1': /usr/bin/cmake /home/hashizume/experiment/experiment/src/infra_enhancer -DCATKIN_INSTALL_INTO_PREFIX_ROOT=0 -DCMAKE_INSTALL_PREFIX=/home/hashizume/experiment/experiment/install/infra_enhancer
[1.748s] Level 1:colcon.colcon_core.environment:checking '/home/hashizume/experiment/experiment/install/infra_enhancer' for CMake module files
[1.748s] Level 1:colcon.colcon_core.environment:checking '/home/hashizume/experiment/experiment/install/infra_enhancer' for CMake config files
[1.749s] Level 1:colcon.colcon_core.environment:checking '/home/hashizume/experiment/experiment/install/infra_enhancer/bin'
[1.749s] Level 1:colcon.colcon_core.environment:checking '/home/hashizume/experiment/experiment/install/infra_enhancer/lib/pkgconfig/infra_enhancer.pc'
[1.749s] Level 1:colcon.colcon_core.environment:checking '/home/hashizume/experiment/experiment/install/infra_enhancer/lib/python3.10/site-packages'
[1.749s] Level 1:colcon.colcon_core.environment:checking '/home/hashizume/experiment/experiment/install/infra_enhancer/bin'
[1.749s] INFO:colcon.colcon_core.shell:Creating package script '/home/hashizume/experiment/experiment/install/infra_enhancer/share/infra_enhancer/package.ps1'
[1.750s] INFO:colcon.colcon_core.shell:Creating package descriptor '/home/hashizume/experiment/experiment/install/infra_enhancer/share/infra_enhancer/package.dsv'
[1.751s] INFO:colcon.colcon_core.shell:Creating package script '/home/hashizume/experiment/experiment/install/infra_enhancer/share/infra_enhancer/package.sh'
[1.751s] INFO:colcon.colcon_core.shell:Creating package script '/home/hashizume/experiment/experiment/install/infra_enhancer/share/infra_enhancer/package.bash'
[1.752s] INFO:colcon.colcon_core.shell:Creating package script '/home/hashizume/experiment/experiment/install/infra_enhancer/share/infra_enhancer/package.zsh'
[1.752s] Level 1:colcon.colcon_core.environment:create_file_with_runtime_dependencies(/home/hashizume/experiment/experiment/install/infra_enhancer/share/colcon-core/packages/infra_enhancer)
[1.764s] DEBUG:colcon.colcon_parallel_executor.executor.parallel:closing loop
[1.764s] DEBUG:colcon.colcon_parallel_executor.executor.parallel:loop closed
[1.764s] DEBUG:colcon.colcon_parallel_executor.executor.parallel:run_until_complete finished with '1'
[1.764s] DEBUG:colcon.colcon_core.event_reactor:joining thread
[1.769s] INFO:colcon.colcon_core.plugin_system:Skipping extension 'colcon_notification.desktop_notification.terminal_notifier': Not used on non-Darwin systems
[1.769s] INFO:colcon.colcon_core.plugin_system:Skipping extension 'colcon_notification.desktop_notification.win32': Not used on non-Windows systems
[1.769s] INFO:colcon.colcon_notification.desktop_notification:Sending desktop notification using 'notify2'
[1.786s] DEBUG:colcon.colcon_core.event_reactor:joined thread
[1.786s] INFO:colcon.colcon_core.shell:Creating prefix script '/home/hashizume/experiment/experiment/install/local_setup.ps1'
[1.788s] INFO:colcon.colcon_core.shell:Creating prefix util module '/home/hashizume/experiment/experiment/install/_local_setup_util_ps1.py'
[1.789s] INFO:colcon.colcon_core.shell:Creating prefix chain script '/home/hashizume/experiment/experiment/install/setup.ps1'
[1.791s] INFO:colcon.colcon_core.shell:Creating prefix script '/home/hashizume/experiment/experiment/install/local_setup.sh'
[1.791s] INFO:colcon.colcon_core.shell:Creating prefix util module '/home/hashizume/experiment/experiment/install/_local_setup_util_sh.py'
[1.792s] INFO:colcon.colcon_core.shell:Creating prefix chain script '/home/hashizume/experiment/experiment/install/setup.sh'
[1.793s] INFO:colcon.colcon_core.shell:Creating prefix script '/home/hashizume/experiment/experiment/install/local_setup.bash'
[1.794s] INFO:colcon.colcon_core.shell:Creating prefix chain script '/home/hashizume/experiment/experiment/install/setup.bash'
[1.795s] INFO:colcon.colcon_core.shell:Creating prefix script '/home/hashizume/experiment/experiment/install/local_setup.zsh'
[1.795s] INFO:colcon.colcon_core.shell:Creating prefix chain script '/home/hashizume/experiment/experiment/install/setup.zsh'
