[2.254s] Invoking command in '/home/hashizume/experiment/src/infra_enhancer': PYTHONPATH=/home/hashizume/experiment/build/infra_enhancer/prefix_override:/usr/lib/python3/dist-packages/colcon_core/task/python/colcon_distutils_commands:/home/hashizume/experiment/install/infra_enhancer/lib/python3.10/site-packages:${PYTHONPATH} /usr/bin/python3 -W ignore:setup.py install is deprecated -W ignore:easy_install command is deprecated setup.py egg_info --egg-base ../../build/infra_enhancer build --build-base /home/hashizume/experiment/build/infra_enhancer/build install --record /home/hashizume/experiment/build/infra_enhancer/install.log --single-version-externally-managed install_data
[2.478s] running egg_info
[2.478s] writing ../../build/infra_enhancer/infra_enhancer.egg-info/PKG-INFO
[2.478s] writing dependency_links to ../../build/infra_enhancer/infra_enhancer.egg-info/dependency_links.txt
[2.478s] writing entry points to ../../build/infra_enhancer/infra_enhancer.egg-info/entry_points.txt
[2.479s] writing requirements to ../../build/infra_enhancer/infra_enhancer.egg-info/requires.txt
[2.479s] writing top-level names to ../../build/infra_enhancer/infra_enhancer.egg-info/top_level.txt
[2.480s] reading manifest file '../../build/infra_enhancer/infra_enhancer.egg-info/SOURCES.txt'
[2.481s] writing manifest file '../../build/infra_enhancer/infra_enhancer.egg-info/SOURCES.txt'
[2.481s] running build
[2.481s] running build_py
[2.481s] copying infra_enhancer/normalize_node.py -> /home/hashizume/experiment/build/infra_enhancer/build/lib/infra_enhancer
[2.481s] copying infra_enhancer/enhancer_node.py -> /home/hashizume/experiment/build/infra_enhancer/build/lib/infra_enhancer
[2.482s] copying infra_enhancer/clahe_node.py -> /home/hashizume/experiment/build/infra_enhancer/build/lib/infra_enhancer
[2.482s] copying infra_enhancer/image_utils.py -> /home/hashizume/experiment/build/infra_enhancer/build/lib/infra_enhancer
[2.482s] copying infra_enhancer/__init__.py -> /home/hashizume/experiment/build/infra_enhancer/build/lib/infra_enhancer
[2.482s] copying infra_enhancer/denoise_node.py -> /home/hashizume/experiment/build/infra_enhancer/build/lib/infra_enhancer
[2.482s] running install
[2.482s] running install_lib
[2.483s] copying /home/hashizume/experiment/build/infra_enhancer/build/lib/infra_enhancer/normalize_node.py -> /home/hashizume/experiment/install/infra_enhancer/lib/python3.10/site-packages/infra_enhancer
[2.483s] copying /home/hashizume/experiment/build/infra_enhancer/build/lib/infra_enhancer/enhancer_node.py -> /home/hashizume/experiment/install/infra_enhancer/lib/python3.10/site-packages/infra_enhancer
[2.483s] copying /home/hashizume/experiment/build/infra_enhancer/build/lib/infra_enhancer/clahe_node.py -> /home/hashizume/experiment/install/infra_enhancer/lib/python3.10/site-packages/infra_enhancer
[2.483s] copying /home/hashizume/experiment/build/infra_enhancer/build/lib/infra_enhancer/image_utils.py -> /home/hashizume/experiment/install/infra_enhancer/lib/python3.10/site-packages/infra_enhancer
[2.484s] copying /home/hashizume/experiment/build/infra_enhancer/build/lib/infra_enhancer/__init__.py -> /home/hashizume/experiment/install/infra_enhancer/lib/python3.10/site-packages/infra_enhancer
[2.484s] copying /home/hashizume/experiment/build/infra_enhancer/build/lib/infra_enhancer/denoise_node.py -> /home/hashizume/experiment/install/infra_enhancer/lib/python3.10/site-packages/infra_enhancer
[2.484s] byte-compiling /home/hashizume/experiment/install/infra_enhancer/lib/python3.10/site-packages/infra_enhancer/normalize_node.py to normalize_node.cpython-310.pyc
[2.485s] byte-compiling /home/hashizume/experiment/install/infra_enhancer/lib/python3.10/site-packages/infra_enhancer/enhancer_node.py to enhancer_node.cpython-310.pyc
[2.486s] byte-compiling /home/hashizume/experiment/install/infra_enhancer/lib/python3.10/site-packages/infra_enhancer/clahe_node.py to clahe_node.cpython-310.pyc
[2.486s] byte-compiling /home/hashizume/experiment/install/infra_enhancer/lib/python3.10/site-packages/infra_enhancer/image_utils.py to image_utils.cpython-310.pyc
[2.486s] byte-compiling /home/hashizume/experiment/install/infra_enhancer/lib/python3.10/site-packages/infra_enhancer/__init__.py to __init__.cpython-310.pyc
[2.487s] byte-compiling /home/hashizume/experiment/install/infra_enhancer/lib/python3.10/site-packages/infra_enhancer/denoise_node.py to denoise_node.cpython-310.pyc
[2.487s] running install_data
[2.487s] creating /home/hashizume/experiment/install/infra_enhancer/share/infra_enhancer/launch
[2.487s] copying launch/infra_pipeline_launch.py -> /home/hashizume/experiment/install/infra_enhancer/share/infra_enhancer/launch
[2.487s] running install_egg_info
[2.489s] Copying ../../build/infra_enhancer/infra_enhancer.egg-info to /home/hashizume/experiment/install/infra_enhancer/lib/python3.10/site-packages/infra_enhancer-0.1.0-py3.10.egg-info
[2.490s] running install_scripts
[2.511s] Installing clahe_node script to /home/hashizume/experiment/install/infra_enhancer/bin
[2.511s] Installing denoise_node script to /home/hashizume/experiment/install/infra_enhancer/bin
[2.511s] Installing infra_enhancer_node script to /home/hashizume/experiment/install/infra_enhancer/bin
[2.511s] Installing normalize_node script to /home/hashizume/experiment/install/infra_enhancer/bin
[2.511s] writing list of installed files to '/home/hashizume/experiment/build/infra_enhancer/install.log'
[2.581s] Invoked command in '/home/hashizume/experiment/src/infra_enhancer' returned '0': PYTHONPATH=/home/hashizume/experiment/build/infra_enhancer/prefix_override:/usr/lib/python3/dist-packages/colcon_core/task/python/colcon_distutils_commands:/home/hashizume/experiment/install/infra_enhancer/lib/python3.10/site-packages:${PYTHONPATH} /usr/bin/python3 -W ignore:setup.py install is deprecated -W ignore:easy_install command is deprecated setup.py egg_info --egg-base ../../build/infra_enhancer build --build-base /home/hashizume/experiment/build/infra_enhancer/build install --record /home/hashizume/experiment/build/infra_enhancer/install.log --single-version-externally-managed install_data
