[1.969s] Invoking command in '/home/hashizume/experiment/src/rotate_odom': PYTHONPATH=/home/hashizume/experiment/build/rotate_odom/prefix_override:/usr/lib/python3/dist-packages/colcon_core/task/python/colcon_distutils_commands:/home/hashizume/experiment/install/rotate_odom/lib/python3.10/site-packages:${PYTHONPATH} /usr/bin/python3 -W ignore:setup.py install is deprecated -W ignore:easy_install command is deprecated setup.py egg_info --egg-base ../../build/rotate_odom build --build-base /home/hashizume/experiment/build/rotate_odom/build install --record /home/hashizume/experiment/build/rotate_odom/install.log --single-version-externally-managed
[2.245s] running egg_info
[2.246s] writing ../../build/rotate_odom/rotate_odom.egg-info/PKG-INFO
[2.246s] writing dependency_links to ../../build/rotate_odom/rotate_odom.egg-info/dependency_links.txt
[2.246s] writing entry points to ../../build/rotate_odom/rotate_odom.egg-info/entry_points.txt
[2.246s] writing requirements to ../../build/rotate_odom/rotate_odom.egg-info/requires.txt
[2.246s] writing top-level names to ../../build/rotate_odom/rotate_odom.egg-info/top_level.txt
[2.248s] reading manifest file '../../build/rotate_odom/rotate_odom.egg-info/SOURCES.txt'
[2.249s] writing manifest file '../../build/rotate_odom/rotate_odom.egg-info/SOURCES.txt'
[2.249s] running build
[2.249s] running build_py
[2.250s] running install
[2.251s] running install_lib
[2.252s] running install_egg_info
[2.254s] removing '/home/hashizume/experiment/install/rotate_odom/lib/python3.10/site-packages/rotate_odom-0.0.0-py3.10.egg-info' (and everything under it)
[2.254s] Copying ../../build/rotate_odom/rotate_odom.egg-info to /home/hashizume/experiment/install/rotate_odom/lib/python3.10/site-packages/rotate_odom-0.0.0-py3.10.egg-info
[2.255s] running install_scripts
[2.275s] Installing rotate_vs script to /home/hashizume/experiment/install/rotate_odom/lib/rotate_odom
[2.275s] writing list of installed files to '/home/hashizume/experiment/build/rotate_odom/install.log'
[2.328s] Invoked command in '/home/hashizume/experiment/src/rotate_odom' returned '0': PYTHONPATH=/home/hashizume/experiment/build/rotate_odom/prefix_override:/usr/lib/python3/dist-packages/colcon_core/task/python/colcon_distutils_commands:/home/hashizume/experiment/install/rotate_odom/lib/python3.10/site-packages:${PYTHONPATH} /usr/bin/python3 -W ignore:setup.py install is deprecated -W ignore:easy_install command is deprecated setup.py egg_info --egg-base ../../build/rotate_odom build --build-base /home/hashizume/experiment/build/rotate_odom/build install --record /home/hashizume/experiment/build/rotate_odom/install.log --single-version-externally-managed
