[2.387s] Invoking command in '/home/hashizume/experiment/src/forward_odom': PYTHONPATH=/home/hashizume/experiment/build/forward_odom/prefix_override:/usr/lib/python3/dist-packages/colcon_core/task/python/colcon_distutils_commands:/home/hashizume/experiment/install/forward_odom/lib/python3.10/site-packages:${PYTHONPATH} /usr/bin/python3 -W ignore:setup.py install is deprecated -W ignore:easy_install command is deprecated setup.py egg_info --egg-base ../../build/forward_odom build --build-base /home/hashizume/experiment/build/forward_odom/build install --record /home/hashizume/experiment/build/forward_odom/install.log --single-version-externally-managed
[2.609s] running egg_info
[2.610s] writing ../../build/forward_odom/forward_odom.egg-info/PKG-INFO
[2.610s] writing dependency_links to ../../build/forward_odom/forward_odom.egg-info/dependency_links.txt
[2.611s] writing entry points to ../../build/forward_odom/forward_odom.egg-info/entry_points.txt
[2.611s] writing requirements to ../../build/forward_odom/forward_odom.egg-info/requires.txt
[2.611s] writing top-level names to ../../build/forward_odom/forward_odom.egg-info/top_level.txt
[2.613s] reading manifest file '../../build/forward_odom/forward_odom.egg-info/SOURCES.txt'
[2.614s] writing manifest file '../../build/forward_odom/forward_odom.egg-info/SOURCES.txt'
[2.614s] running build
[2.614s] running build_py
[2.616s] running install
[2.616s] running install_lib
[2.617s] running install_egg_info
[2.619s] removing '/home/hashizume/experiment/install/forward_odom/lib/python3.10/site-packages/forward_odom-0.0.0-py3.10.egg-info' (and everything under it)
[2.619s] Copying ../../build/forward_odom/forward_odom.egg-info to /home/hashizume/experiment/install/forward_odom/lib/python3.10/site-packages/forward_odom-0.0.0-py3.10.egg-info
[2.620s] running install_scripts
[2.641s] Installing forward_odom script to /home/hashizume/experiment/install/forward_odom/lib/forward_odom
[2.641s] writing list of installed files to '/home/hashizume/experiment/build/forward_odom/install.log'
[2.702s] Invoked command in '/home/hashizume/experiment/src/forward_odom' returned '0': PYTHONPATH=/home/hashizume/experiment/build/forward_odom/prefix_override:/usr/lib/python3/dist-packages/colcon_core/task/python/colcon_distutils_commands:/home/hashizume/experiment/install/forward_odom/lib/python3.10/site-packages:${PYTHONPATH} /usr/bin/python3 -W ignore:setup.py install is deprecated -W ignore:easy_install command is deprecated setup.py egg_info --egg-base ../../build/forward_odom build --build-base /home/hashizume/experiment/build/forward_odom/build install --record /home/hashizume/experiment/build/forward_odom/install.log --single-version-externally-managed
