[0.083s] DEBUG:colcon:Command line arguments: ['/usr/bin/colcon', 'build']
[0.083s] DEBUG:colcon:Parsed command line arguments: Namespace(log_base=None, log_level=None, verb_name='build', build_base='build', install_base='install', merge_install=False, symlink_install=False, test_result_base=None, continue_on_error=False, executor='parallel', parallel_workers=16, event_handlers=None, ignore_user_meta=False, metas=['./colcon.meta'], base_paths=['.'], packages_ignore=None, packages_ignore_regex=None, paths=None, packages_up_to=None, packages_up_to_regex=None, packages_above=None, packages_above_and_dependencies=None, packages_above_depth=None, packages_select_by_dep=None, packages_skip_by_dep=None, packages_skip_up_to=None, packages_select_build_failed=False, packages_skip_build_finished=False, packages_select_test_failures=False, packages_skip_test_passed=False, packages_select=None, packages_skip=None, packages_select_regex=None, packages_skip_regex=None, packages_start=None, packages_end=None, allow_overriding=[], cmake_args=None, cmake_target=None, cmake_target_skip_unavailable=False, cmake_clean_cache=False, cmake_clean_first=False, cmake_force_configure=False, ament_cmake_args=None, catkin_cmake_args=None, catkin_skip_building_tests=False, verb_parser=<colcon_defaults.argument_parser.defaults.DefaultArgumentsDecorator object at 0x7e5df3541fc0>, verb_extension=<colcon_core.verb.build.BuildVerb object at 0x7e5df36c35e0>, main=<bound method BuildVerb.main of <colcon_core.verb.build.BuildVerb object at 0x7e5df36c35e0>>)
[0.221s] Level 1:colcon.colcon_core.package_discovery:discover_packages(colcon_meta) check parameters
[0.221s] Level 1:colcon.colcon_core.package_discovery:discover_packages(recursive) check parameters
[0.221s] Level 1:colcon.colcon_core.package_discovery:discover_packages(ignore) check parameters
[0.221s] Level 1:colcon.colcon_core.package_discovery:discover_packages(path) check parameters
[0.221s] Level 1:colcon.colcon_core.package_discovery:discover_packages(colcon_meta) discover
[0.222s] Level 1:colcon.colcon_core.package_discovery:discover_packages(recursive) discover
[0.222s] INFO:colcon.colcon_core.package_discovery:Crawling recursively for packages in '/home/hashizume/experiment'
[0.222s] Level 1:colcon.colcon_core.package_identification:_identify(.) by extensions ['ignore', 'ignore_ament_install']
[0.222s] Level 1:colcon.colcon_core.package_identification:_identify(.) by extension 'ignore'
[0.222s] Level 1:colcon.colcon_core.package_identification:_identify(.) by extension 'ignore_ament_install'
[0.222s] Level 1:colcon.colcon_core.package_identification:_identify(.) by extensions ['colcon_pkg']
[0.222s] Level 1:colcon.colcon_core.package_identification:_identify(.) by extension 'colcon_pkg'
[0.222s] Level 1:colcon.colcon_core.package_identification:_identify(.) by extensions ['colcon_meta']
[0.222s] Level 1:colcon.colcon_core.package_identification:_identify(.) by extension 'colcon_meta'
[0.222s] Level 1:colcon.colcon_core.package_identification:_identify(.) by extensions ['ros']
[0.222s] Level 1:colcon.colcon_core.package_identification:_identify(.) by extension 'ros'
[0.230s] Level 1:colcon.colcon_core.package_identification:_identify(.) by extensions ['cmake', 'python']
[0.230s] Level 1:colcon.colcon_core.package_identification:_identify(.) by extension 'cmake'
[0.230s] Level 1:colcon.colcon_core.package_identification:_identify(.) by extension 'python'
[0.230s] Level 1:colcon.colcon_core.package_identification:_identify(.) by extensions ['python_setup_py']
[0.230s] Level 1:colcon.colcon_core.package_identification:_identify(.) by extension 'python_setup_py'
[0.231s] Level 1:colcon.colcon_core.package_identification:_identify(build) by extensions ['ignore', 'ignore_ament_install']
[0.231s] Level 1:colcon.colcon_core.package_identification:_identify(build) by extension 'ignore'
[0.231s] Level 1:colcon.colcon_core.package_identification:_identify(build) ignored
[0.231s] Level 1:colcon.colcon_core.package_identification:_identify(install) by extensions ['ignore', 'ignore_ament_install']
[0.231s] Level 1:colcon.colcon_core.package_identification:_identify(install) by extension 'ignore'
[0.231s] Level 1:colcon.colcon_core.package_identification:_identify(install) ignored
[0.231s] Level 1:colcon.colcon_core.package_identification:_identify(log) by extensions ['ignore', 'ignore_ament_install']
[0.231s] Level 1:colcon.colcon_core.package_identification:_identify(log) by extension 'ignore'
[0.231s] Level 1:colcon.colcon_core.package_identification:_identify(log) ignored
[0.231s] Level 1:colcon.colcon_core.package_identification:_identify(src) by extensions ['ignore', 'ignore_ament_install']
[0.231s] Level 1:colcon.colcon_core.package_identification:_identify(src) by extension 'ignore'
[0.231s] Level 1:colcon.colcon_core.package_identification:_identify(src) by extension 'ignore_ament_install'
[0.231s] Level 1:colcon.colcon_core.package_identification:_identify(src) by extensions ['colcon_pkg']
[0.231s] Level 1:colcon.colcon_core.package_identification:_identify(src) by extension 'colcon_pkg'
[0.231s] Level 1:colcon.colcon_core.package_identification:_identify(src) by extensions ['colcon_meta']
[0.231s] Level 1:colcon.colcon_core.package_identification:_identify(src) by extension 'colcon_meta'
[0.232s] Level 1:colcon.colcon_core.package_identification:_identify(src) by extensions ['ros']
[0.232s] Level 1:colcon.colcon_core.package_identification:_identify(src) by extension 'ros'
[0.232s] Level 1:colcon.colcon_core.package_identification:_identify(src) by extensions ['cmake', 'python']
[0.232s] Level 1:colcon.colcon_core.package_identification:_identify(src) by extension 'cmake'
[0.232s] Level 1:colcon.colcon_core.package_identification:_identify(src) by extension 'python'
[0.232s] Level 1:colcon.colcon_core.package_identification:_identify(src) by extensions ['python_setup_py']
[0.232s] Level 1:colcon.colcon_core.package_identification:_identify(src) by extension 'python_setup_py'
[0.232s] Level 1:colcon.colcon_core.package_identification:_identify(src/forward_odom) by extensions ['ignore', 'ignore_ament_install']
[0.232s] Level 1:colcon.colcon_core.package_identification:_identify(src/forward_odom) by extension 'ignore'
[0.232s] Level 1:colcon.colcon_core.package_identification:_identify(src/forward_odom) by extension 'ignore_ament_install'
[0.232s] Level 1:colcon.colcon_core.package_identification:_identify(src/forward_odom) by extensions ['colcon_pkg']
[0.232s] Level 1:colcon.colcon_core.package_identification:_identify(src/forward_odom) by extension 'colcon_pkg'
[0.232s] Level 1:colcon.colcon_core.package_identification:_identify(src/forward_odom) by extensions ['colcon_meta']
[0.232s] Level 1:colcon.colcon_core.package_identification:_identify(src/forward_odom) by extension 'colcon_meta'
[0.232s] Level 1:colcon.colcon_core.package_identification:_identify(src/forward_odom) by extensions ['ros']
[0.232s] Level 1:colcon.colcon_core.package_identification:_identify(src/forward_odom) by extension 'ros'
[0.235s] DEBUG:colcon.colcon_core.package_identification:Package 'src/forward_odom' with type 'ros.ament_python' and name 'forward_odom'
[0.235s] Level 1:colcon.colcon_core.package_identification:_identify(src/forward_vs) by extensions ['ignore', 'ignore_ament_install']
[0.235s] Level 1:colcon.colcon_core.package_identification:_identify(src/forward_vs) by extension 'ignore'
[0.235s] Level 1:colcon.colcon_core.package_identification:_identify(src/forward_vs) by extension 'ignore_ament_install'
[0.235s] Level 1:colcon.colcon_core.package_identification:_identify(src/forward_vs) by extensions ['colcon_pkg']
[0.235s] Level 1:colcon.colcon_core.package_identification:_identify(src/forward_vs) by extension 'colcon_pkg'
[0.236s] Level 1:colcon.colcon_core.package_identification:_identify(src/forward_vs) by extensions ['colcon_meta']
[0.236s] Level 1:colcon.colcon_core.package_identification:_identify(src/forward_vs) by extension 'colcon_meta'
[0.236s] Level 1:colcon.colcon_core.package_identification:_identify(src/forward_vs) by extensions ['ros']
[0.236s] Level 1:colcon.colcon_core.package_identification:_identify(src/forward_vs) by extension 'ros'
[0.236s] DEBUG:colcon.colcon_core.package_identification:Package 'src/forward_vs' with type 'ros.ament_python' and name 'forward_vs'
[0.236s] Level 1:colcon.colcon_core.package_identification:_identify(src/rotate_odom) by extensions ['ignore', 'ignore_ament_install']
[0.237s] Level 1:colcon.colcon_core.package_identification:_identify(src/rotate_odom) by extension 'ignore'
[0.237s] Level 1:colcon.colcon_core.package_identification:_identify(src/rotate_odom) by extension 'ignore_ament_install'
[0.237s] Level 1:colcon.colcon_core.package_identification:_identify(src/rotate_odom) by extensions ['colcon_pkg']
[0.237s] Level 1:colcon.colcon_core.package_identification:_identify(src/rotate_odom) by extension 'colcon_pkg'
[0.237s] Level 1:colcon.colcon_core.package_identification:_identify(src/rotate_odom) by extensions ['colcon_meta']
[0.237s] Level 1:colcon.colcon_core.package_identification:_identify(src/rotate_odom) by extension 'colcon_meta'
[0.237s] Level 1:colcon.colcon_core.package_identification:_identify(src/rotate_odom) by extensions ['ros']
[0.237s] Level 1:colcon.colcon_core.package_identification:_identify(src/rotate_odom) by extension 'ros'
[0.237s] DEBUG:colcon.colcon_core.package_identification:Package 'src/rotate_odom' with type 'ros.ament_python' and name 'rotate_odom'
[0.237s] Level 1:colcon.colcon_core.package_identification:_identify(src/rotate_vs) by extensions ['ignore', 'ignore_ament_install']
[0.238s] Level 1:colcon.colcon_core.package_identification:_identify(src/rotate_vs) by extension 'ignore'
[0.238s] Level 1:colcon.colcon_core.package_identification:_identify(src/rotate_vs) by extension 'ignore_ament_install'
[0.238s] Level 1:colcon.colcon_core.package_identification:_identify(src/rotate_vs) by extensions ['colcon_pkg']
[0.238s] Level 1:colcon.colcon_core.package_identification:_identify(src/rotate_vs) by extension 'colcon_pkg'
[0.238s] Level 1:colcon.colcon_core.package_identification:_identify(src/rotate_vs) by extensions ['colcon_meta']
[0.238s] Level 1:colcon.colcon_core.package_identification:_identify(src/rotate_vs) by extension 'colcon_meta'
[0.238s] Level 1:colcon.colcon_core.package_identification:_identify(src/rotate_vs) by extensions ['ros']
[0.238s] Level 1:colcon.colcon_core.package_identification:_identify(src/rotate_vs) by extension 'ros'
[0.238s] DEBUG:colcon.colcon_core.package_identification:Package 'src/rotate_vs' with type 'ros.ament_python' and name 'rotate_vs'
[0.238s] Level 1:colcon.colcon_core.package_identification:_identify(src/square_odom) by extensions ['ignore', 'ignore_ament_install']
[0.239s] Level 1:colcon.colcon_core.package_identification:_identify(src/square_odom) by extension 'ignore'
[0.239s] Level 1:colcon.colcon_core.package_identification:_identify(src/square_odom) by extension 'ignore_ament_install'
[0.239s] Level 1:colcon.colcon_core.package_identification:_identify(src/square_odom) by extensions ['colcon_pkg']
[0.239s] Level 1:colcon.colcon_core.package_identification:_identify(src/square_odom) by extension 'colcon_pkg'
[0.239s] Level 1:colcon.colcon_core.package_identification:_identify(src/square_odom) by extensions ['colcon_meta']
[0.239s] Level 1:colcon.colcon_core.package_identification:_identify(src/square_odom) by extension 'colcon_meta'
[0.239s] Level 1:colcon.colcon_core.package_identification:_identify(src/square_odom) by extensions ['ros']
[0.239s] Level 1:colcon.colcon_core.package_identification:_identify(src/square_odom) by extension 'ros'
[0.239s] DEBUG:colcon.colcon_core.package_identification:Package 'src/square_odom' with type 'ros.ament_python' and name 'square_odom'
[0.239s] Level 1:colcon.colcon_core.package_identification:_identify(src/square_vs) by extensions ['ignore', 'ignore_ament_install']
[0.239s] Level 1:colcon.colcon_core.package_identification:_identify(src/square_vs) by extension 'ignore'
[0.240s] Level 1:colcon.colcon_core.package_identification:_identify(src/square_vs) by extension 'ignore_ament_install'
[0.240s] Level 1:colcon.colcon_core.package_identification:_identify(src/square_vs) by extensions ['colcon_pkg']
[0.240s] Level 1:colcon.colcon_core.package_identification:_identify(src/square_vs) by extension 'colcon_pkg'
[0.240s] Level 1:colcon.colcon_core.package_identification:_identify(src/square_vs) by extensions ['colcon_meta']
[0.240s] Level 1:colcon.colcon_core.package_identification:_identify(src/square_vs) by extension 'colcon_meta'
[0.240s] Level 1:colcon.colcon_core.package_identification:_identify(src/square_vs) by extensions ['ros']
[0.240s] Level 1:colcon.colcon_core.package_identification:_identify(src/square_vs) by extension 'ros'
[0.240s] DEBUG:colcon.colcon_core.package_identification:Package 'src/square_vs' with type 'ros.ament_python' and name 'square_vs'
[0.240s] Level 1:colcon.colcon_core.package_discovery:discover_packages(recursive) using defaults
[0.240s] Level 1:colcon.colcon_core.package_discovery:discover_packages(ignore) discover
[0.240s] Level 1:colcon.colcon_core.package_discovery:discover_packages(ignore) using defaults
[0.240s] Level 1:colcon.colcon_core.package_discovery:discover_packages(path) discover
[0.240s] Level 1:colcon.colcon_core.package_discovery:discover_packages(path) using defaults
[0.266s] Level 1:colcon.colcon_core.package_discovery:discover_packages(prefix_path) check parameters
[0.266s] Level 1:colcon.colcon_core.package_discovery:discover_packages(prefix_path) discover
[0.268s] DEBUG:colcon.colcon_installed_package_information.package_discovery:Found 6 installed packages in /home/hashizume/experiment/install
[0.269s] DEBUG:colcon.colcon_installed_package_information.package_discovery:Found 334 installed packages in /opt/ros/humble
[0.270s] Level 1:colcon.colcon_core.package_discovery:discover_packages(prefix_path) using defaults
[0.301s] Level 5:colcon.colcon_core.verb:set package 'forward_odom' build argument 'cmake_args' from command line to 'None'
[0.302s] Level 5:colcon.colcon_core.verb:set package 'forward_odom' build argument 'cmake_target' from command line to 'None'
[0.302s] Level 5:colcon.colcon_core.verb:set package 'forward_odom' build argument 'cmake_target_skip_unavailable' from command line to 'False'
[0.302s] Level 5:colcon.colcon_core.verb:set package 'forward_odom' build argument 'cmake_clean_cache' from command line to 'False'
[0.302s] Level 5:colcon.colcon_core.verb:set package 'forward_odom' build argument 'cmake_clean_first' from command line to 'False'
[0.302s] Level 5:colcon.colcon_core.verb:set package 'forward_odom' build argument 'cmake_force_configure' from command line to 'False'
[0.302s] Level 5:colcon.colcon_core.verb:set package 'forward_odom' build argument 'ament_cmake_args' from command line to 'None'
[0.302s] Level 5:colcon.colcon_core.verb:set package 'forward_odom' build argument 'catkin_cmake_args' from command line to 'None'
[0.302s] Level 5:colcon.colcon_core.verb:set package 'forward_odom' build argument 'catkin_skip_building_tests' from command line to 'False'
[0.302s] DEBUG:colcon.colcon_core.verb:Building package 'forward_odom' with the following arguments: {'ament_cmake_args': None, 'build_base': '/home/hashizume/experiment/build/forward_odom', 'catkin_cmake_args': None, 'catkin_skip_building_tests': False, 'cmake_args': None, 'cmake_clean_cache': False, 'cmake_clean_first': False, 'cmake_force_configure': False, 'cmake_target': None, 'cmake_target_skip_unavailable': False, 'install_base': '/home/hashizume/experiment/install/forward_odom', 'merge_install': False, 'path': '/home/hashizume/experiment/src/forward_odom', 'symlink_install': False, 'test_result_base': None}
[0.302s] Level 5:colcon.colcon_core.verb:set package 'forward_vs' build argument 'cmake_args' from command line to 'None'
[0.302s] Level 5:colcon.colcon_core.verb:set package 'forward_vs' build argument 'cmake_target' from command line to 'None'
[0.302s] Level 5:colcon.colcon_core.verb:set package 'forward_vs' build argument 'cmake_target_skip_unavailable' from command line to 'False'
[0.302s] Level 5:colcon.colcon_core.verb:set package 'forward_vs' build argument 'cmake_clean_cache' from command line to 'False'
[0.302s] Level 5:colcon.colcon_core.verb:set package 'forward_vs' build argument 'cmake_clean_first' from command line to 'False'
[0.302s] Level 5:colcon.colcon_core.verb:set package 'forward_vs' build argument 'cmake_force_configure' from command line to 'False'
[0.302s] Level 5:colcon.colcon_core.verb:set package 'forward_vs' build argument 'ament_cmake_args' from command line to 'None'
[0.302s] Level 5:colcon.colcon_core.verb:set package 'forward_vs' build argument 'catkin_cmake_args' from command line to 'None'
[0.302s] Level 5:colcon.colcon_core.verb:set package 'forward_vs' build argument 'catkin_skip_building_tests' from command line to 'False'
[0.302s] DEBUG:colcon.colcon_core.verb:Building package 'forward_vs' with the following arguments: {'ament_cmake_args': None, 'build_base': '/home/hashizume/experiment/build/forward_vs', 'catkin_cmake_args': None, 'catkin_skip_building_tests': False, 'cmake_args': None, 'cmake_clean_cache': False, 'cmake_clean_first': False, 'cmake_force_configure': False, 'cmake_target': None, 'cmake_target_skip_unavailable': False, 'install_base': '/home/hashizume/experiment/install/forward_vs', 'merge_install': False, 'path': '/home/hashizume/experiment/src/forward_vs', 'symlink_install': False, 'test_result_base': None}
[0.302s] Level 5:colcon.colcon_core.verb:set package 'rotate_odom' build argument 'cmake_args' from command line to 'None'
[0.303s] Level 5:colcon.colcon_core.verb:set package 'rotate_odom' build argument 'cmake_target' from command line to 'None'
[0.303s] Level 5:colcon.colcon_core.verb:set package 'rotate_odom' build argument 'cmake_target_skip_unavailable' from command line to 'False'
[0.303s] Level 5:colcon.colcon_core.verb:set package 'rotate_odom' build argument 'cmake_clean_cache' from command line to 'False'
[0.303s] Level 5:colcon.colcon_core.verb:set package 'rotate_odom' build argument 'cmake_clean_first' from command line to 'False'
[0.303s] Level 5:colcon.colcon_core.verb:set package 'rotate_odom' build argument 'cmake_force_configure' from command line to 'False'
[0.303s] Level 5:colcon.colcon_core.verb:set package 'rotate_odom' build argument 'ament_cmake_args' from command line to 'None'
[0.303s] Level 5:colcon.colcon_core.verb:set package 'rotate_odom' build argument 'catkin_cmake_args' from command line to 'None'
[0.303s] Level 5:colcon.colcon_core.verb:set package 'rotate_odom' build argument 'catkin_skip_building_tests' from command line to 'False'
[0.303s] DEBUG:colcon.colcon_core.verb:Building package 'rotate_odom' with the following arguments: {'ament_cmake_args': None, 'build_base': '/home/hashizume/experiment/build/rotate_odom', 'catkin_cmake_args': None, 'catkin_skip_building_tests': False, 'cmake_args': None, 'cmake_clean_cache': False, 'cmake_clean_first': False, 'cmake_force_configure': False, 'cmake_target': None, 'cmake_target_skip_unavailable': False, 'install_base': '/home/hashizume/experiment/install/rotate_odom', 'merge_install': False, 'path': '/home/hashizume/experiment/src/rotate_odom', 'symlink_install': False, 'test_result_base': None}
[0.303s] Level 5:colcon.colcon_core.verb:set package 'rotate_vs' build argument 'cmake_args' from command line to 'None'
[0.303s] Level 5:colcon.colcon_core.verb:set package 'rotate_vs' build argument 'cmake_target' from command line to 'None'
[0.303s] Level 5:colcon.colcon_core.verb:set package 'rotate_vs' build argument 'cmake_target_skip_unavailable' from command line to 'False'
[0.303s] Level 5:colcon.colcon_core.verb:set package 'rotate_vs' build argument 'cmake_clean_cache' from command line to 'False'
[0.303s] Level 5:colcon.colcon_core.verb:set package 'rotate_vs' build argument 'cmake_clean_first' from command line to 'False'
[0.303s] Level 5:colcon.colcon_core.verb:set package 'rotate_vs' build argument 'cmake_force_configure' from command line to 'False'
[0.303s] Level 5:colcon.colcon_core.verb:set package 'rotate_vs' build argument 'ament_cmake_args' from command line to 'None'
[0.303s] Level 5:colcon.colcon_core.verb:set package 'rotate_vs' build argument 'catkin_cmake_args' from command line to 'None'
[0.303s] Level 5:colcon.colcon_core.verb:set package 'rotate_vs' build argument 'catkin_skip_building_tests' from command line to 'False'
[0.303s] DEBUG:colcon.colcon_core.verb:Building package 'rotate_vs' with the following arguments: {'ament_cmake_args': None, 'build_base': '/home/hashizume/experiment/build/rotate_vs', 'catkin_cmake_args': None, 'catkin_skip_building_tests': False, 'cmake_args': None, 'cmake_clean_cache': False, 'cmake_clean_first': False, 'cmake_force_configure': False, 'cmake_target': None, 'cmake_target_skip_unavailable': False, 'install_base': '/home/hashizume/experiment/install/rotate_vs', 'merge_install': False, 'path': '/home/hashizume/experiment/src/rotate_vs', 'symlink_install': False, 'test_result_base': None}
[0.303s] Level 5:colcon.colcon_core.verb:set package 'square_odom' build argument 'cmake_args' from command line to 'None'
[0.303s] Level 5:colcon.colcon_core.verb:set package 'square_odom' build argument 'cmake_target' from command line to 'None'
[0.303s] Level 5:colcon.colcon_core.verb:set package 'square_odom' build argument 'cmake_target_skip_unavailable' from command line to 'False'
[0.303s] Level 5:colcon.colcon_core.verb:set package 'square_odom' build argument 'cmake_clean_cache' from command line to 'False'
[0.303s] Level 5:colcon.colcon_core.verb:set package 'square_odom' build argument 'cmake_clean_first' from command line to 'False'
[0.303s] Level 5:colcon.colcon_core.verb:set package 'square_odom' build argument 'cmake_force_configure' from command line to 'False'
[0.303s] Level 5:colcon.colcon_core.verb:set package 'square_odom' build argument 'ament_cmake_args' from command line to 'None'
[0.304s] Level 5:colcon.colcon_core.verb:set package 'square_odom' build argument 'catkin_cmake_args' from command line to 'None'
[0.304s] Level 5:colcon.colcon_core.verb:set package 'square_odom' build argument 'catkin_skip_building_tests' from command line to 'False'
[0.304s] DEBUG:colcon.colcon_core.verb:Building package 'square_odom' with the following arguments: {'ament_cmake_args': None, 'build_base': '/home/hashizume/experiment/build/square_odom', 'catkin_cmake_args': None, 'catkin_skip_building_tests': False, 'cmake_args': None, 'cmake_clean_cache': False, 'cmake_clean_first': False, 'cmake_force_configure': False, 'cmake_target': None, 'cmake_target_skip_unavailable': False, 'install_base': '/home/hashizume/experiment/install/square_odom', 'merge_install': False, 'path': '/home/hashizume/experiment/src/square_odom', 'symlink_install': False, 'test_result_base': None}
[0.304s] Level 5:colcon.colcon_core.verb:set package 'square_vs' build argument 'cmake_args' from command line to 'None'
[0.304s] Level 5:colcon.colcon_core.verb:set package 'square_vs' build argument 'cmake_target' from command line to 'None'
[0.304s] Level 5:colcon.colcon_core.verb:set package 'square_vs' build argument 'cmake_target_skip_unavailable' from command line to 'False'
[0.304s] Level 5:colcon.colcon_core.verb:set package 'square_vs' build argument 'cmake_clean_cache' from command line to 'False'
[0.304s] Level 5:colcon.colcon_core.verb:set package 'square_vs' build argument 'cmake_clean_first' from command line to 'False'
[0.304s] Level 5:colcon.colcon_core.verb:set package 'square_vs' build argument 'cmake_force_configure' from command line to 'False'
[0.304s] Level 5:colcon.colcon_core.verb:set package 'square_vs' build argument 'ament_cmake_args' from command line to 'None'
[0.304s] Level 5:colcon.colcon_core.verb:set package 'square_vs' build argument 'catkin_cmake_args' from command line to 'None'
[0.304s] Level 5:colcon.colcon_core.verb:set package 'square_vs' build argument 'catkin_skip_building_tests' from command line to 'False'
[0.304s] DEBUG:colcon.colcon_core.verb:Building package 'square_vs' with the following arguments: {'ament_cmake_args': None, 'build_base': '/home/hashizume/experiment/build/square_vs', 'catkin_cmake_args': None, 'catkin_skip_building_tests': False, 'cmake_args': None, 'cmake_clean_cache': False, 'cmake_clean_first': False, 'cmake_force_configure': False, 'cmake_target': None, 'cmake_target_skip_unavailable': False, 'install_base': '/home/hashizume/experiment/install/square_vs', 'merge_install': False, 'path': '/home/hashizume/experiment/src/square_vs', 'symlink_install': False, 'test_result_base': None}
[0.304s] INFO:colcon.colcon_core.executor:Executing jobs using 'parallel' executor
[0.305s] DEBUG:colcon.colcon_parallel_executor.executor.parallel:run_until_complete
[0.305s] INFO:colcon.colcon_ros.task.ament_python.build:Building ROS package in '/home/hashizume/experiment/src/forward_odom' with build type 'ament_python'
[0.305s] Level 1:colcon.colcon_core.shell:create_environment_hook('forward_odom', 'ament_prefix_path')
[0.307s] INFO:colcon.colcon_core.plugin_system:Skipping extension 'colcon_core.shell.bat': Not used on non-Windows systems
[0.307s] INFO:colcon.colcon_core.shell:Creating environment hook '/home/hashizume/experiment/install/forward_odom/share/forward_odom/hook/ament_prefix_path.ps1'
[0.308s] INFO:colcon.colcon_core.shell:Creating environment descriptor '/home/hashizume/experiment/install/forward_odom/share/forward_odom/hook/ament_prefix_path.dsv'
[0.308s] INFO:colcon.colcon_core.shell:Creating environment hook '/home/hashizume/experiment/install/forward_odom/share/forward_odom/hook/ament_prefix_path.sh'
[0.309s] INFO:colcon.colcon_core.shell:Skip shell extension 'powershell' for command environment: Not usable outside of PowerShell
[0.309s] DEBUG:colcon.colcon_core.shell:Skip shell extension 'dsv' for command environment
[0.311s] INFO:colcon.colcon_ros.task.ament_python.build:Building ROS package in '/home/hashizume/experiment/src/forward_vs' with build type 'ament_python'
[0.312s] Level 1:colcon.colcon_core.shell:create_environment_hook('forward_vs', 'ament_prefix_path')
[0.312s] INFO:colcon.colcon_core.shell:Creating environment hook '/home/hashizume/experiment/install/forward_vs/share/forward_vs/hook/ament_prefix_path.ps1'
[0.312s] INFO:colcon.colcon_core.shell:Creating environment descriptor '/home/hashizume/experiment/install/forward_vs/share/forward_vs/hook/ament_prefix_path.dsv'
[0.313s] INFO:colcon.colcon_core.shell:Creating environment hook '/home/hashizume/experiment/install/forward_vs/share/forward_vs/hook/ament_prefix_path.sh'
[0.313s] INFO:colcon.colcon_core.shell:Skip shell extension 'powershell' for command environment: Not usable outside of PowerShell
[0.313s] DEBUG:colcon.colcon_core.shell:Skip shell extension 'dsv' for command environment
[0.316s] INFO:colcon.colcon_ros.task.ament_python.build:Building ROS package in '/home/hashizume/experiment/src/rotate_odom' with build type 'ament_python'
[0.316s] Level 1:colcon.colcon_core.shell:create_environment_hook('rotate_odom', 'ament_prefix_path')
[0.317s] INFO:colcon.colcon_core.shell:Creating environment hook '/home/hashizume/experiment/install/rotate_odom/share/rotate_odom/hook/ament_prefix_path.ps1'
[0.317s] INFO:colcon.colcon_core.shell:Creating environment descriptor '/home/hashizume/experiment/install/rotate_odom/share/rotate_odom/hook/ament_prefix_path.dsv'
[0.317s] INFO:colcon.colcon_core.shell:Creating environment hook '/home/hashizume/experiment/install/rotate_odom/share/rotate_odom/hook/ament_prefix_path.sh'
[0.318s] INFO:colcon.colcon_core.shell:Skip shell extension 'powershell' for command environment: Not usable outside of PowerShell
[0.318s] DEBUG:colcon.colcon_core.shell:Skip shell extension 'dsv' for command environment
[0.322s] INFO:colcon.colcon_ros.task.ament_python.build:Building ROS package in '/home/hashizume/experiment/src/rotate_vs' with build type 'ament_python'
[0.322s] Level 1:colcon.colcon_core.shell:create_environment_hook('rotate_vs', 'ament_prefix_path')
[0.322s] INFO:colcon.colcon_core.shell:Creating environment hook '/home/hashizume/experiment/install/rotate_vs/share/rotate_vs/hook/ament_prefix_path.ps1'
[0.322s] INFO:colcon.colcon_core.shell:Creating environment descriptor '/home/hashizume/experiment/install/rotate_vs/share/rotate_vs/hook/ament_prefix_path.dsv'
[0.323s] INFO:colcon.colcon_core.shell:Creating environment hook '/home/hashizume/experiment/install/rotate_vs/share/rotate_vs/hook/ament_prefix_path.sh'
[0.323s] INFO:colcon.colcon_core.shell:Skip shell extension 'powershell' for command environment: Not usable outside of PowerShell
[0.323s] DEBUG:colcon.colcon_core.shell:Skip shell extension 'dsv' for command environment
[0.327s] INFO:colcon.colcon_ros.task.ament_python.build:Building ROS package in '/home/hashizume/experiment/src/square_odom' with build type 'ament_python'
[0.327s] Level 1:colcon.colcon_core.shell:create_environment_hook('square_odom', 'ament_prefix_path')
[0.327s] INFO:colcon.colcon_core.shell:Creating environment hook '/home/hashizume/experiment/install/square_odom/share/square_odom/hook/ament_prefix_path.ps1'
[0.328s] INFO:colcon.colcon_core.shell:Creating environment descriptor '/home/hashizume/experiment/install/square_odom/share/square_odom/hook/ament_prefix_path.dsv'
[0.328s] INFO:colcon.colcon_core.shell:Creating environment hook '/home/hashizume/experiment/install/square_odom/share/square_odom/hook/ament_prefix_path.sh'
[0.329s] INFO:colcon.colcon_core.shell:Skip shell extension 'powershell' for command environment: Not usable outside of PowerShell
[0.329s] DEBUG:colcon.colcon_core.shell:Skip shell extension 'dsv' for command environment
[0.332s] INFO:colcon.colcon_ros.task.ament_python.build:Building ROS package in '/home/hashizume/experiment/src/square_vs' with build type 'ament_python'
[0.332s] Level 1:colcon.colcon_core.shell:create_environment_hook('square_vs', 'ament_prefix_path')
[0.332s] INFO:colcon.colcon_core.shell:Creating environment hook '/home/hashizume/experiment/install/square_vs/share/square_vs/hook/ament_prefix_path.ps1'
[0.333s] INFO:colcon.colcon_core.shell:Creating environment descriptor '/home/hashizume/experiment/install/square_vs/share/square_vs/hook/ament_prefix_path.dsv'
[0.333s] INFO:colcon.colcon_core.shell:Creating environment hook '/home/hashizume/experiment/install/square_vs/share/square_vs/hook/ament_prefix_path.sh'
[0.333s] INFO:colcon.colcon_core.shell:Skip shell extension 'powershell' for command environment: Not usable outside of PowerShell
[0.333s] DEBUG:colcon.colcon_core.shell:Skip shell extension 'dsv' for command environment
[0.551s] WARNING:colcon.colcon_ros.task.ament_python.build:Package 'forward_odom' doesn't explicitly install a marker in the package index (colcon-ros currently does it implicitly but that fallback will be removed in the future)
[0.551s] WARNING:colcon.colcon_ros.task.ament_python.build:Package 'forward_odom' doesn't explicitly install the 'package.xml' file (colcon-ros currently does it implicitly but that fallback will be removed in the future)
[0.552s] INFO:colcon.colcon_core.task.python.build:Building Python package in '/home/hashizume/experiment/src/forward_odom'
[0.552s] INFO:colcon.colcon_core.shell:Skip shell extension 'powershell' for command environment: Not usable outside of PowerShell
[0.552s] DEBUG:colcon.colcon_core.shell:Skip shell extension 'dsv' for command environment
[0.774s] WARNING:colcon.colcon_ros.task.ament_python.build:Package 'forward_vs' doesn't explicitly install a marker in the package index (colcon-ros currently does it implicitly but that fallback will be removed in the future)
[0.775s] WARNING:colcon.colcon_ros.task.ament_python.build:Package 'forward_vs' doesn't explicitly install the 'package.xml' file (colcon-ros currently does it implicitly but that fallback will be removed in the future)
[0.775s] INFO:colcon.colcon_core.task.python.build:Building Python package in '/home/hashizume/experiment/src/forward_vs'
[0.775s] INFO:colcon.colcon_core.shell:Skip shell extension 'powershell' for command environment: Not usable outside of PowerShell
[0.775s] DEBUG:colcon.colcon_core.shell:Skip shell extension 'dsv' for command environment
[0.992s] WARNING:colcon.colcon_ros.task.ament_python.build:Package 'rotate_odom' doesn't explicitly install a marker in the package index (colcon-ros currently does it implicitly but that fallback will be removed in the future)
[0.993s] WARNING:colcon.colcon_ros.task.ament_python.build:Package 'rotate_odom' doesn't explicitly install the 'package.xml' file (colcon-ros currently does it implicitly but that fallback will be removed in the future)
[0.993s] INFO:colcon.colcon_core.task.python.build:Building Python package in '/home/hashizume/experiment/src/rotate_odom'
[0.993s] INFO:colcon.colcon_core.shell:Skip shell extension 'powershell' for command environment: Not usable outside of PowerShell
[0.993s] DEBUG:colcon.colcon_core.shell:Skip shell extension 'dsv' for command environment
[1.210s] WARNING:colcon.colcon_ros.task.ament_python.build:Package 'rotate_vs' doesn't explicitly install a marker in the package index (colcon-ros currently does it implicitly but that fallback will be removed in the future)
[1.210s] WARNING:colcon.colcon_ros.task.ament_python.build:Package 'rotate_vs' doesn't explicitly install the 'package.xml' file (colcon-ros currently does it implicitly but that fallback will be removed in the future)
[1.210s] INFO:colcon.colcon_core.task.python.build:Building Python package in '/home/hashizume/experiment/src/rotate_vs'
[1.210s] INFO:colcon.colcon_core.shell:Skip shell extension 'powershell' for command environment: Not usable outside of PowerShell
[1.210s] DEBUG:colcon.colcon_core.shell:Skip shell extension 'dsv' for command environment
[1.423s] WARNING:colcon.colcon_ros.task.ament_python.build:Package 'square_odom' doesn't explicitly install a marker in the package index (colcon-ros currently does it implicitly but that fallback will be removed in the future)
[1.423s] WARNING:colcon.colcon_ros.task.ament_python.build:Package 'square_odom' doesn't explicitly install the 'package.xml' file (colcon-ros currently does it implicitly but that fallback will be removed in the future)
[1.424s] INFO:colcon.colcon_core.task.python.build:Building Python package in '/home/hashizume/experiment/src/square_odom'
[1.424s] INFO:colcon.colcon_core.shell:Skip shell extension 'powershell' for command environment: Not usable outside of PowerShell
[1.424s] DEBUG:colcon.colcon_core.shell:Skip shell extension 'dsv' for command environment
[1.642s] WARNING:colcon.colcon_ros.task.ament_python.build:Package 'square_vs' doesn't explicitly install a marker in the package index (colcon-ros currently does it implicitly but that fallback will be removed in the future)
[1.643s] WARNING:colcon.colcon_ros.task.ament_python.build:Package 'square_vs' doesn't explicitly install the 'package.xml' file (colcon-ros currently does it implicitly but that fallback will be removed in the future)
[1.643s] INFO:colcon.colcon_core.task.python.build:Building Python package in '/home/hashizume/experiment/src/square_vs'
[1.643s] INFO:colcon.colcon_core.shell:Skip shell extension 'powershell' for command environment: Not usable outside of PowerShell
[1.643s] DEBUG:colcon.colcon_core.shell:Skip shell extension 'dsv' for command environment
[2.285s] DEBUG:colcon.colcon_core.event_handler.log_command:Invoking command in '/home/hashizume/experiment/src/square_odom': PYTHONPATH=/home/hashizume/experiment/build/square_odom/prefix_override:/usr/lib/python3/dist-packages/colcon_core/task/python/colcon_distutils_commands:/home/hashizume/experiment/install/square_odom/lib/python3.10/site-packages:${PYTHONPATH} /usr/bin/python3 -W ignore:setup.py install is deprecated -W ignore:easy_install command is deprecated setup.py egg_info --egg-base ../../build/square_odom build --build-base /home/hashizume/experiment/build/square_odom/build install --record /home/hashizume/experiment/build/square_odom/install.log --single-version-externally-managed
[2.291s] DEBUG:colcon.colcon_core.event_handler.log_command:Invoking command in '/home/hashizume/experiment/src/forward_odom': PYTHONPATH=/home/hashizume/experiment/build/forward_odom/prefix_override:/usr/lib/python3/dist-packages/colcon_core/task/python/colcon_distutils_commands:/home/hashizume/experiment/install/forward_odom/lib/python3.10/site-packages:${PYTHONPATH} /usr/bin/python3 -W ignore:setup.py install is deprecated -W ignore:easy_install command is deprecated setup.py egg_info --egg-base ../../build/forward_odom build --build-base /home/hashizume/experiment/build/forward_odom/build install --record /home/hashizume/experiment/build/forward_odom/install.log --single-version-externally-managed
[2.295s] DEBUG:colcon.colcon_core.event_handler.log_command:Invoking command in '/home/hashizume/experiment/src/square_vs': PYTHONPATH=/home/hashizume/experiment/build/square_vs/prefix_override:/usr/lib/python3/dist-packages/colcon_core/task/python/colcon_distutils_commands:/home/hashizume/experiment/install/square_vs/lib/python3.10/site-packages:${PYTHONPATH} /usr/bin/python3 -W ignore:setup.py install is deprecated -W ignore:easy_install command is deprecated setup.py egg_info --egg-base ../../build/square_vs build --build-base /home/hashizume/experiment/build/square_vs/build install --record /home/hashizume/experiment/build/square_vs/install.log --single-version-externally-managed
[2.296s] DEBUG:colcon.colcon_core.event_handler.log_command:Invoking command in '/home/hashizume/experiment/src/rotate_vs': PYTHONPATH=/home/hashizume/experiment/build/rotate_vs/prefix_override:/usr/lib/python3/dist-packages/colcon_core/task/python/colcon_distutils_commands:/home/hashizume/experiment/install/rotate_vs/lib/python3.10/site-packages:${PYTHONPATH} /usr/bin/python3 -W ignore:setup.py install is deprecated -W ignore:easy_install command is deprecated setup.py egg_info --egg-base ../../build/rotate_vs build --build-base /home/hashizume/experiment/build/rotate_vs/build install --record /home/hashizume/experiment/build/rotate_vs/install.log --single-version-externally-managed
[2.303s] DEBUG:colcon.colcon_core.event_handler.log_command:Invoking command in '/home/hashizume/experiment/src/forward_vs': PYTHONPATH=/home/hashizume/experiment/build/forward_vs/prefix_override:/usr/lib/python3/dist-packages/colcon_core/task/python/colcon_distutils_commands:/home/hashizume/experiment/install/forward_vs/lib/python3.10/site-packages:${PYTHONPATH} /usr/bin/python3 -W ignore:setup.py install is deprecated -W ignore:easy_install command is deprecated setup.py egg_info --egg-base ../../build/forward_vs build --build-base /home/hashizume/experiment/build/forward_vs/build install --record /home/hashizume/experiment/build/forward_vs/install.log --single-version-externally-managed
[2.315s] DEBUG:colcon.colcon_core.event_handler.log_command:Invoking command in '/home/hashizume/experiment/src/rotate_odom': PYTHONPATH=/home/hashizume/experiment/build/rotate_odom/prefix_override:/usr/lib/python3/dist-packages/colcon_core/task/python/colcon_distutils_commands:/home/hashizume/experiment/install/rotate_odom/lib/python3.10/site-packages:${PYTHONPATH} /usr/bin/python3 -W ignore:setup.py install is deprecated -W ignore:easy_install command is deprecated setup.py egg_info --egg-base ../../build/rotate_odom build --build-base /home/hashizume/experiment/build/rotate_odom/build install --record /home/hashizume/experiment/build/rotate_odom/install.log --single-version-externally-managed
[2.674s] DEBUG:colcon.colcon_core.event_handler.log_command:Invoked command in '/home/hashizume/experiment/src/square_vs' returned '0': PYTHONPATH=/home/hashizume/experiment/build/square_vs/prefix_override:/usr/lib/python3/dist-packages/colcon_core/task/python/colcon_distutils_commands:/home/hashizume/experiment/install/square_vs/lib/python3.10/site-packages:${PYTHONPATH} /usr/bin/python3 -W ignore:setup.py install is deprecated -W ignore:easy_install command is deprecated setup.py egg_info --egg-base ../../build/square_vs build --build-base /home/hashizume/experiment/build/square_vs/build install --record /home/hashizume/experiment/build/square_vs/install.log --single-version-externally-managed
[2.677s] Level 1:colcon.colcon_core.environment:checking '/home/hashizume/experiment/install/square_vs' for CMake module files
[2.677s] Level 1:colcon.colcon_core.environment:checking '/home/hashizume/experiment/install/square_vs' for CMake config files
[2.678s] Level 1:colcon.colcon_core.environment:checking '/home/hashizume/experiment/install/square_vs/lib'
[2.679s] Level 1:colcon.colcon_core.environment:checking '/home/hashizume/experiment/install/square_vs/bin'
[2.679s] Level 1:colcon.colcon_core.environment:checking '/home/hashizume/experiment/install/square_vs/lib/pkgconfig/square_vs.pc'
[2.679s] Level 1:colcon.colcon_core.environment:checking '/home/hashizume/experiment/install/square_vs/lib/python3.10/site-packages'
[2.679s] Level 1:colcon.colcon_core.shell:create_environment_hook('square_vs', 'pythonpath')
[2.679s] INFO:colcon.colcon_core.shell:Creating environment hook '/home/hashizume/experiment/install/square_vs/share/square_vs/hook/pythonpath.ps1'
[2.680s] INFO:colcon.colcon_core.shell:Creating environment descriptor '/home/hashizume/experiment/install/square_vs/share/square_vs/hook/pythonpath.dsv'
[2.681s] INFO:colcon.colcon_core.shell:Creating environment hook '/home/hashizume/experiment/install/square_vs/share/square_vs/hook/pythonpath.sh'
[2.681s] Level 1:colcon.colcon_core.environment:checking '/home/hashizume/experiment/install/square_vs/bin'
[2.681s] Level 1:colcon.colcon_core.environment:create_environment_scripts_only(square_vs)
[2.682s] INFO:colcon.colcon_core.shell:Creating package script '/home/hashizume/experiment/install/square_vs/share/square_vs/package.ps1'
[2.683s] INFO:colcon.colcon_core.shell:Creating package descriptor '/home/hashizume/experiment/install/square_vs/share/square_vs/package.dsv'
[2.683s] INFO:colcon.colcon_core.shell:Creating package script '/home/hashizume/experiment/install/square_vs/share/square_vs/package.sh'
[2.684s] INFO:colcon.colcon_core.shell:Creating package script '/home/hashizume/experiment/install/square_vs/share/square_vs/package.bash'
[2.685s] INFO:colcon.colcon_core.shell:Creating package script '/home/hashizume/experiment/install/square_vs/share/square_vs/package.zsh'
[2.686s] Level 1:colcon.colcon_core.environment:create_file_with_runtime_dependencies(/home/hashizume/experiment/install/square_vs/share/colcon-core/packages/square_vs)
[2.688s] Level 1:colcon.colcon_core.environment:checking '/home/hashizume/experiment/install/rotate_vs' for CMake module files
[2.688s] DEBUG:colcon.colcon_core.event_handler.log_command:Invoked command in '/home/hashizume/experiment/src/rotate_vs' returned '0': PYTHONPATH=/home/hashizume/experiment/build/rotate_vs/prefix_override:/usr/lib/python3/dist-packages/colcon_core/task/python/colcon_distutils_commands:/home/hashizume/experiment/install/rotate_vs/lib/python3.10/site-packages:${PYTHONPATH} /usr/bin/python3 -W ignore:setup.py install is deprecated -W ignore:easy_install command is deprecated setup.py egg_info --egg-base ../../build/rotate_vs build --build-base /home/hashizume/experiment/build/rotate_vs/build install --record /home/hashizume/experiment/build/rotate_vs/install.log --single-version-externally-managed
[2.689s] Level 1:colcon.colcon_core.environment:checking '/home/hashizume/experiment/install/rotate_vs' for CMake config files
[2.689s] Level 1:colcon.colcon_core.environment:checking '/home/hashizume/experiment/install/rotate_vs/lib'
[2.689s] Level 1:colcon.colcon_core.environment:checking '/home/hashizume/experiment/install/rotate_vs/bin'
[2.690s] Level 1:colcon.colcon_core.environment:checking '/home/hashizume/experiment/install/rotate_vs/lib/pkgconfig/rotate_vs.pc'
[2.690s] Level 1:colcon.colcon_core.environment:checking '/home/hashizume/experiment/install/rotate_vs/lib/python3.10/site-packages'
[2.690s] Level 1:colcon.colcon_core.shell:create_environment_hook('rotate_vs', 'pythonpath')
[2.690s] INFO:colcon.colcon_core.shell:Creating environment hook '/home/hashizume/experiment/install/rotate_vs/share/rotate_vs/hook/pythonpath.ps1'
[2.691s] INFO:colcon.colcon_core.shell:Creating environment descriptor '/home/hashizume/experiment/install/rotate_vs/share/rotate_vs/hook/pythonpath.dsv'
[2.691s] INFO:colcon.colcon_core.shell:Creating environment hook '/home/hashizume/experiment/install/rotate_vs/share/rotate_vs/hook/pythonpath.sh'
[2.691s] Level 1:colcon.colcon_core.environment:checking '/home/hashizume/experiment/install/rotate_vs/bin'
[2.691s] Level 1:colcon.colcon_core.environment:create_environment_scripts_only(rotate_vs)
[2.692s] INFO:colcon.colcon_core.shell:Creating package script '/home/hashizume/experiment/install/rotate_vs/share/rotate_vs/package.ps1'
[2.692s] INFO:colcon.colcon_core.shell:Creating package descriptor '/home/hashizume/experiment/install/rotate_vs/share/rotate_vs/package.dsv'
[2.692s] INFO:colcon.colcon_core.shell:Creating package script '/home/hashizume/experiment/install/rotate_vs/share/rotate_vs/package.sh'
[2.693s] INFO:colcon.colcon_core.shell:Creating package script '/home/hashizume/experiment/install/rotate_vs/share/rotate_vs/package.bash'
[2.693s] INFO:colcon.colcon_core.shell:Creating package script '/home/hashizume/experiment/install/rotate_vs/share/rotate_vs/package.zsh'
[2.694s] Level 1:colcon.colcon_core.environment:create_file_with_runtime_dependencies(/home/hashizume/experiment/install/rotate_vs/share/colcon-core/packages/rotate_vs)
[2.694s] Level 1:colcon.colcon_core.environment:checking '/home/hashizume/experiment/install/forward_odom' for CMake module files
[2.696s] DEBUG:colcon.colcon_core.event_handler.log_command:Invoked command in '/home/hashizume/experiment/src/forward_odom' returned '0': PYTHONPATH=/home/hashizume/experiment/build/forward_odom/prefix_override:/usr/lib/python3/dist-packages/colcon_core/task/python/colcon_distutils_commands:/home/hashizume/experiment/install/forward_odom/lib/python3.10/site-packages:${PYTHONPATH} /usr/bin/python3 -W ignore:setup.py install is deprecated -W ignore:easy_install command is deprecated setup.py egg_info --egg-base ../../build/forward_odom build --build-base /home/hashizume/experiment/build/forward_odom/build install --record /home/hashizume/experiment/build/forward_odom/install.log --single-version-externally-managed
[2.696s] Level 1:colcon.colcon_core.environment:checking '/home/hashizume/experiment/install/forward_odom' for CMake config files
[2.697s] Level 1:colcon.colcon_core.environment:checking '/home/hashizume/experiment/install/forward_odom/lib'
[2.697s] Level 1:colcon.colcon_core.environment:checking '/home/hashizume/experiment/install/forward_odom/bin'
[2.697s] Level 1:colcon.colcon_core.environment:checking '/home/hashizume/experiment/install/forward_odom/lib/pkgconfig/forward_odom.pc'
[2.697s] Level 1:colcon.colcon_core.environment:checking '/home/hashizume/experiment/install/forward_odom/lib/python3.10/site-packages'
[2.697s] Level 1:colcon.colcon_core.shell:create_environment_hook('forward_odom', 'pythonpath')
[2.698s] INFO:colcon.colcon_core.shell:Creating environment hook '/home/hashizume/experiment/install/forward_odom/share/forward_odom/hook/pythonpath.ps1'
[2.698s] INFO:colcon.colcon_core.shell:Creating environment descriptor '/home/hashizume/experiment/install/forward_odom/share/forward_odom/hook/pythonpath.dsv'
[2.699s] INFO:colcon.colcon_core.shell:Creating environment hook '/home/hashizume/experiment/install/forward_odom/share/forward_odom/hook/pythonpath.sh'
[2.699s] Level 1:colcon.colcon_core.environment:checking '/home/hashizume/experiment/install/forward_odom/bin'
[2.699s] Level 1:colcon.colcon_core.environment:create_environment_scripts_only(forward_odom)
[2.700s] INFO:colcon.colcon_core.shell:Creating package script '/home/hashizume/experiment/install/forward_odom/share/forward_odom/package.ps1'
[2.700s] INFO:colcon.colcon_core.shell:Creating package descriptor '/home/hashizume/experiment/install/forward_odom/share/forward_odom/package.dsv'
[2.701s] INFO:colcon.colcon_core.shell:Creating package script '/home/hashizume/experiment/install/forward_odom/share/forward_odom/package.sh'
[2.701s] INFO:colcon.colcon_core.shell:Creating package script '/home/hashizume/experiment/install/forward_odom/share/forward_odom/package.bash'
[2.702s] INFO:colcon.colcon_core.shell:Creating package script '/home/hashizume/experiment/install/forward_odom/share/forward_odom/package.zsh'
[2.702s] Level 1:colcon.colcon_core.environment:create_file_with_runtime_dependencies(/home/hashizume/experiment/install/forward_odom/share/colcon-core/packages/forward_odom)
[2.704s] Level 1:colcon.colcon_core.environment:checking '/home/hashizume/experiment/install/square_odom' for CMake module files
[2.705s] DEBUG:colcon.colcon_core.event_handler.log_command:Invoked command in '/home/hashizume/experiment/src/square_odom' returned '0': PYTHONPATH=/home/hashizume/experiment/build/square_odom/prefix_override:/usr/lib/python3/dist-packages/colcon_core/task/python/colcon_distutils_commands:/home/hashizume/experiment/install/square_odom/lib/python3.10/site-packages:${PYTHONPATH} /usr/bin/python3 -W ignore:setup.py install is deprecated -W ignore:easy_install command is deprecated setup.py egg_info --egg-base ../../build/square_odom build --build-base /home/hashizume/experiment/build/square_odom/build install --record /home/hashizume/experiment/build/square_odom/install.log --single-version-externally-managed
[2.705s] Level 1:colcon.colcon_core.environment:checking '/home/hashizume/experiment/install/square_odom' for CMake config files
[2.705s] Level 1:colcon.colcon_core.environment:checking '/home/hashizume/experiment/install/square_odom/lib'
[2.705s] Level 1:colcon.colcon_core.environment:checking '/home/hashizume/experiment/install/square_odom/bin'
[2.706s] Level 1:colcon.colcon_core.environment:checking '/home/hashizume/experiment/install/square_odom/lib/pkgconfig/square_odom.pc'
[2.706s] Level 1:colcon.colcon_core.environment:checking '/home/hashizume/experiment/install/square_odom/lib/python3.10/site-packages'
[2.706s] Level 1:colcon.colcon_core.shell:create_environment_hook('square_odom', 'pythonpath')
[2.706s] INFO:colcon.colcon_core.shell:Creating environment hook '/home/hashizume/experiment/install/square_odom/share/square_odom/hook/pythonpath.ps1'
[2.706s] INFO:colcon.colcon_core.shell:Creating environment descriptor '/home/hashizume/experiment/install/square_odom/share/square_odom/hook/pythonpath.dsv'
[2.707s] INFO:colcon.colcon_core.shell:Creating environment hook '/home/hashizume/experiment/install/square_odom/share/square_odom/hook/pythonpath.sh'
[2.707s] Level 1:colcon.colcon_core.environment:checking '/home/hashizume/experiment/install/square_odom/bin'
[2.707s] Level 1:colcon.colcon_core.environment:create_environment_scripts_only(square_odom)
[2.708s] INFO:colcon.colcon_core.shell:Creating package script '/home/hashizume/experiment/install/square_odom/share/square_odom/package.ps1'
[2.708s] INFO:colcon.colcon_core.shell:Creating package descriptor '/home/hashizume/experiment/install/square_odom/share/square_odom/package.dsv'
[2.709s] INFO:colcon.colcon_core.shell:Creating package script '/home/hashizume/experiment/install/square_odom/share/square_odom/package.sh'
[2.709s] INFO:colcon.colcon_core.shell:Creating package script '/home/hashizume/experiment/install/square_odom/share/square_odom/package.bash'
[2.710s] INFO:colcon.colcon_core.shell:Creating package script '/home/hashizume/experiment/install/square_odom/share/square_odom/package.zsh'
[2.710s] Level 1:colcon.colcon_core.environment:create_file_with_runtime_dependencies(/home/hashizume/experiment/install/square_odom/share/colcon-core/packages/square_odom)
[2.711s] Level 1:colcon.colcon_core.environment:checking '/home/hashizume/experiment/install/forward_vs' for CMake module files
[2.712s] DEBUG:colcon.colcon_core.event_handler.log_command:Invoked command in '/home/hashizume/experiment/src/forward_vs' returned '0': PYTHONPATH=/home/hashizume/experiment/build/forward_vs/prefix_override:/usr/lib/python3/dist-packages/colcon_core/task/python/colcon_distutils_commands:/home/hashizume/experiment/install/forward_vs/lib/python3.10/site-packages:${PYTHONPATH} /usr/bin/python3 -W ignore:setup.py install is deprecated -W ignore:easy_install command is deprecated setup.py egg_info --egg-base ../../build/forward_vs build --build-base /home/hashizume/experiment/build/forward_vs/build install --record /home/hashizume/experiment/build/forward_vs/install.log --single-version-externally-managed
[2.712s] Level 1:colcon.colcon_core.environment:checking '/home/hashizume/experiment/install/forward_vs' for CMake config files
[2.713s] Level 1:colcon.colcon_core.environment:checking '/home/hashizume/experiment/install/forward_vs/lib'
[2.713s] Level 1:colcon.colcon_core.environment:checking '/home/hashizume/experiment/install/forward_vs/bin'
[2.713s] Level 1:colcon.colcon_core.environment:checking '/home/hashizume/experiment/install/forward_vs/lib/pkgconfig/forward_vs.pc'
[2.713s] Level 1:colcon.colcon_core.environment:checking '/home/hashizume/experiment/install/forward_vs/lib/python3.10/site-packages'
[2.713s] Level 1:colcon.colcon_core.shell:create_environment_hook('forward_vs', 'pythonpath')
[2.714s] INFO:colcon.colcon_core.shell:Creating environment hook '/home/hashizume/experiment/install/forward_vs/share/forward_vs/hook/pythonpath.ps1'
[2.714s] INFO:colcon.colcon_core.shell:Creating environment descriptor '/home/hashizume/experiment/install/forward_vs/share/forward_vs/hook/pythonpath.dsv'
[2.715s] INFO:colcon.colcon_core.shell:Creating environment hook '/home/hashizume/experiment/install/forward_vs/share/forward_vs/hook/pythonpath.sh'
[2.715s] Level 1:colcon.colcon_core.environment:checking '/home/hashizume/experiment/install/forward_vs/bin'
[2.715s] Level 1:colcon.colcon_core.environment:create_environment_scripts_only(forward_vs)
[2.715s] INFO:colcon.colcon_core.shell:Creating package script '/home/hashizume/experiment/install/forward_vs/share/forward_vs/package.ps1'
[2.716s] INFO:colcon.colcon_core.shell:Creating package descriptor '/home/hashizume/experiment/install/forward_vs/share/forward_vs/package.dsv'
[2.716s] INFO:colcon.colcon_core.shell:Creating package script '/home/hashizume/experiment/install/forward_vs/share/forward_vs/package.sh'
[2.717s] INFO:colcon.colcon_core.shell:Creating package script '/home/hashizume/experiment/install/forward_vs/share/forward_vs/package.bash'
[2.717s] INFO:colcon.colcon_core.shell:Creating package script '/home/hashizume/experiment/install/forward_vs/share/forward_vs/package.zsh'
[2.718s] Level 1:colcon.colcon_core.environment:create_file_with_runtime_dependencies(/home/hashizume/experiment/install/forward_vs/share/colcon-core/packages/forward_vs)
[2.719s] Level 1:colcon.colcon_core.environment:checking '/home/hashizume/experiment/install/rotate_odom' for CMake module files
[2.720s] DEBUG:colcon.colcon_core.event_handler.log_command:Invoked command in '/home/hashizume/experiment/src/rotate_odom' returned '0': PYTHONPATH=/home/hashizume/experiment/build/rotate_odom/prefix_override:/usr/lib/python3/dist-packages/colcon_core/task/python/colcon_distutils_commands:/home/hashizume/experiment/install/rotate_odom/lib/python3.10/site-packages:${PYTHONPATH} /usr/bin/python3 -W ignore:setup.py install is deprecated -W ignore:easy_install command is deprecated setup.py egg_info --egg-base ../../build/rotate_odom build --build-base /home/hashizume/experiment/build/rotate_odom/build install --record /home/hashizume/experiment/build/rotate_odom/install.log --single-version-externally-managed
[2.720s] Level 1:colcon.colcon_core.environment:checking '/home/hashizume/experiment/install/rotate_odom' for CMake config files
[2.720s] Level 1:colcon.colcon_core.environment:checking '/home/hashizume/experiment/install/rotate_odom/lib'
[2.721s] Level 1:colcon.colcon_core.environment:checking '/home/hashizume/experiment/install/rotate_odom/bin'
[2.721s] Level 1:colcon.colcon_core.environment:checking '/home/hashizume/experiment/install/rotate_odom/lib/pkgconfig/rotate_odom.pc'
[2.721s] Level 1:colcon.colcon_core.environment:checking '/home/hashizume/experiment/install/rotate_odom/lib/python3.10/site-packages'
[2.721s] Level 1:colcon.colcon_core.shell:create_environment_hook('rotate_odom', 'pythonpath')
[2.721s] INFO:colcon.colcon_core.shell:Creating environment hook '/home/hashizume/experiment/install/rotate_odom/share/rotate_odom/hook/pythonpath.ps1'
[2.721s] INFO:colcon.colcon_core.shell:Creating environment descriptor '/home/hashizume/experiment/install/rotate_odom/share/rotate_odom/hook/pythonpath.dsv'
[2.722s] INFO:colcon.colcon_core.shell:Creating environment hook '/home/hashizume/experiment/install/rotate_odom/share/rotate_odom/hook/pythonpath.sh'
[2.722s] Level 1:colcon.colcon_core.environment:checking '/home/hashizume/experiment/install/rotate_odom/bin'
[2.722s] Level 1:colcon.colcon_core.environment:create_environment_scripts_only(rotate_odom)
[2.723s] INFO:colcon.colcon_core.shell:Creating package script '/home/hashizume/experiment/install/rotate_odom/share/rotate_odom/package.ps1'
[2.723s] INFO:colcon.colcon_core.shell:Creating package descriptor '/home/hashizume/experiment/install/rotate_odom/share/rotate_odom/package.dsv'
[2.724s] INFO:colcon.colcon_core.shell:Creating package script '/home/hashizume/experiment/install/rotate_odom/share/rotate_odom/package.sh'
[2.725s] INFO:colcon.colcon_core.shell:Creating package script '/home/hashizume/experiment/install/rotate_odom/share/rotate_odom/package.bash'
[2.725s] INFO:colcon.colcon_core.shell:Creating package script '/home/hashizume/experiment/install/rotate_odom/share/rotate_odom/package.zsh'
[2.726s] Level 1:colcon.colcon_core.environment:create_file_with_runtime_dependencies(/home/hashizume/experiment/install/rotate_odom/share/colcon-core/packages/rotate_odom)
[2.726s] DEBUG:colcon.colcon_parallel_executor.executor.parallel:closing loop
[2.727s] DEBUG:colcon.colcon_parallel_executor.executor.parallel:loop closed
[2.727s] DEBUG:colcon.colcon_parallel_executor.executor.parallel:run_until_complete finished with '0'
[2.727s] DEBUG:colcon.colcon_core.event_reactor:joining thread
[2.735s] INFO:colcon.colcon_core.plugin_system:Skipping extension 'colcon_notification.desktop_notification.terminal_notifier': Not used on non-Darwin systems
[2.735s] INFO:colcon.colcon_core.plugin_system:Skipping extension 'colcon_notification.desktop_notification.win32': Not used on non-Windows systems
[2.735s] INFO:colcon.colcon_notification.desktop_notification:Sending desktop notification using 'notify2'
[2.750s] DEBUG:colcon.colcon_core.event_reactor:joined thread
[2.751s] INFO:colcon.colcon_core.shell:Creating prefix script '/home/hashizume/experiment/install/local_setup.ps1'
[2.753s] INFO:colcon.colcon_core.shell:Creating prefix util module '/home/hashizume/experiment/install/_local_setup_util_ps1.py'
[2.755s] INFO:colcon.colcon_core.shell:Creating prefix chain script '/home/hashizume/experiment/install/setup.ps1'
[2.757s] INFO:colcon.colcon_core.shell:Creating prefix script '/home/hashizume/experiment/install/local_setup.sh'
[2.758s] INFO:colcon.colcon_core.shell:Creating prefix util module '/home/hashizume/experiment/install/_local_setup_util_sh.py'
[2.759s] INFO:colcon.colcon_core.shell:Creating prefix chain script '/home/hashizume/experiment/install/setup.sh'
[2.761s] INFO:colcon.colcon_core.shell:Creating prefix script '/home/hashizume/experiment/install/local_setup.bash'
[2.762s] INFO:colcon.colcon_core.shell:Creating prefix chain script '/home/hashizume/experiment/install/setup.bash'
[2.763s] INFO:colcon.colcon_core.shell:Creating prefix script '/home/hashizume/experiment/install/local_setup.zsh'
[2.765s] INFO:colcon.colcon_core.shell:Creating prefix chain script '/home/hashizume/experiment/install/setup.zsh'
