[1.949s] Invoking command in '/home/hashizume/experiment/src/rotate_vs': PYTHONPATH=/home/hashizume/experiment/build/rotate_vs/prefix_override:/usr/lib/python3/dist-packages/colcon_core/task/python/colcon_distutils_commands:/home/hashizume/experiment/install/rotate_vs/lib/python3.10/site-packages: /usr/bin/python3 -W ignore:setup.py install is deprecated -W ignore:easy_install command is deprecated setup.py egg_info --egg-base ../../build/rotate_vs build --build-base /home/hashizume/experiment/build/rotate_vs/build install --record /home/hashizume/experiment/build/rotate_vs/install.log --single-version-externally-managed install_data
[2.169s] running egg_info
[2.170s] creating ../../build/rotate_vs/rotate_vs.egg-info
[2.170s] writing ../../build/rotate_vs/rotate_vs.egg-info/PKG-INFO
[2.170s] writing dependency_links to ../../build/rotate_vs/rotate_vs.egg-info/dependency_links.txt
[2.170s] writing entry points to ../../build/rotate_vs/rotate_vs.egg-info/entry_points.txt
[2.170s] writing requirements to ../../build/rotate_vs/rotate_vs.egg-info/requires.txt
[2.170s] writing top-level names to ../../build/rotate_vs/rotate_vs.egg-info/top_level.txt
[2.170s] writing manifest file '../../build/rotate_vs/rotate_vs.egg-info/SOURCES.txt'
[2.172s] reading manifest file '../../build/rotate_vs/rotate_vs.egg-info/SOURCES.txt'
[2.172s] writing manifest file '../../build/rotate_vs/rotate_vs.egg-info/SOURCES.txt'
[2.173s] running build
[2.173s] running build_py
[2.173s] creating /home/hashizume/experiment/build/rotate_vs/build
[2.173s] creating /home/hashizume/experiment/build/rotate_vs/build/lib
[2.173s] creating /home/hashizume/experiment/build/rotate_vs/build/lib/rotate_vs
[2.173s] copying rotate_vs/__init__.py -> /home/hashizume/experiment/build/rotate_vs/build/lib/rotate_vs
[2.173s] running install
[2.173s] running install_lib
[2.174s] creating /home/hashizume/experiment/install/rotate_vs/lib/python3.10/site-packages/rotate_vs
[2.174s] copying /home/hashizume/experiment/build/rotate_vs/build/lib/rotate_vs/__init__.py -> /home/hashizume/experiment/install/rotate_vs/lib/python3.10/site-packages/rotate_vs
[2.175s] byte-compiling /home/hashizume/experiment/install/rotate_vs/lib/python3.10/site-packages/rotate_vs/__init__.py to __init__.cpython-310.pyc
[2.175s] running install_data
[2.175s] creating /home/hashizume/experiment/install/rotate_vs/share/ament_index
[2.175s] creating /home/hashizume/experiment/install/rotate_vs/share/ament_index/resource_index
[2.175s] creating /home/hashizume/experiment/install/rotate_vs/share/ament_index/resource_index/packages
[2.175s] copying resource/rotate_vs -> /home/hashizume/experiment/install/rotate_vs/share/ament_index/resource_index/packages
[2.175s] copying package.xml -> /home/hashizume/experiment/install/rotate_vs/share/rotate_vs
[2.175s] running install_egg_info
[2.177s] Copying ../../build/rotate_vs/rotate_vs.egg-info to /home/hashizume/experiment/install/rotate_vs/lib/python3.10/site-packages/rotate_vs-0.0.0-py3.10.egg-info
[2.178s] running install_scripts
[2.198s] writing list of installed files to '/home/hashizume/experiment/build/rotate_vs/install.log'
[2.248s] Invoked command in '/home/hashizume/experiment/src/rotate_vs' returned '0': PYTHONPATH=/home/hashizume/experiment/build/rotate_vs/prefix_override:/usr/lib/python3/dist-packages/colcon_core/task/python/colcon_distutils_commands:/home/hashizume/experiment/install/rotate_vs/lib/python3.10/site-packages: /usr/bin/python3 -W ignore:setup.py install is deprecated -W ignore:easy_install command is deprecated setup.py egg_info --egg-base ../../build/rotate_vs build --build-base /home/hashizume/experiment/build/rotate_vs/build install --record /home/hashizume/experiment/build/rotate_vs/install.log --single-version-externally-managed install_data
