[1.916s] Invoking command in '/home/hashizume/experiment/src/square_vs': PYTHONPATH=/home/hashizume/experiment/build/square_vs/prefix_override:/usr/lib/python3/dist-packages/colcon_core/task/python/colcon_distutils_commands:/home/hashizume/experiment/install/square_vs/lib/python3.10/site-packages:${PYTHONPATH} /usr/bin/python3 -W ignore:setup.py install is deprecated -W ignore:easy_install command is deprecated setup.py egg_info --egg-base ../../build/square_vs build --build-base /home/hashizume/experiment/build/square_vs/build install --record /home/hashizume/experiment/build/square_vs/install.log --single-version-externally-managed
[2.224s] running egg_info
[2.224s] writing ../../build/square_vs/square_vs.egg-info/PKG-INFO
[2.224s] writing dependency_links to ../../build/square_vs/square_vs.egg-info/dependency_links.txt
[2.224s] writing entry points to ../../build/square_vs/square_vs.egg-info/entry_points.txt
[2.225s] writing requirements to ../../build/square_vs/square_vs.egg-info/requires.txt
[2.225s] writing top-level names to ../../build/square_vs/square_vs.egg-info/top_level.txt
[2.226s] reading manifest file '../../build/square_vs/square_vs.egg-info/SOURCES.txt'
[2.227s] writing manifest file '../../build/square_vs/square_vs.egg-info/SOURCES.txt'
[2.227s] running build
[2.227s] running build_py
[2.228s] copying square_vs/square_vs.py -> /home/hashizume/experiment/build/square_vs/build/lib/square_vs
[2.229s] running install
[2.229s] running install_lib
[2.230s] copying /home/hashizume/experiment/build/square_vs/build/lib/square_vs/square_vs.py -> /home/hashizume/experiment/install/square_vs/lib/python3.10/site-packages/square_vs
[2.230s] byte-compiling /home/hashizume/experiment/install/square_vs/lib/python3.10/site-packages/square_vs/square_vs.py to square_vs.cpython-310.pyc
[2.231s] running install_egg_info
[2.233s] removing '/home/hashizume/experiment/install/square_vs/lib/python3.10/site-packages/square_vs-0.0.0-py3.10.egg-info' (and everything under it)
[2.233s] Copying ../../build/square_vs/square_vs.egg-info to /home/hashizume/experiment/install/square_vs/lib/python3.10/site-packages/square_vs-0.0.0-py3.10.egg-info
[2.234s] running install_scripts
[2.253s] Installing square_vs script to /home/hashizume/experiment/install/square_vs/lib/square_vs
[2.253s] writing list of installed files to '/home/hashizume/experiment/build/square_vs/install.log'
[2.288s] Invoked command in '/home/hashizume/experiment/src/square_vs' returned '0': PYTHONPATH=/home/hashizume/experiment/build/square_vs/prefix_override:/usr/lib/python3/dist-packages/colcon_core/task/python/colcon_distutils_commands:/home/hashizume/experiment/install/square_vs/lib/python3.10/site-packages:${PYTHONPATH} /usr/bin/python3 -W ignore:setup.py install is deprecated -W ignore:easy_install command is deprecated setup.py egg_info --egg-base ../../build/square_vs build --build-base /home/hashizume/experiment/build/square_vs/build install --record /home/hashizume/experiment/build/square_vs/install.log --single-version-externally-managed
