running egg_info
creating ../../build/square_gradual/square_gradual.egg-info
writing ../../build/square_gradual/square_gradual.egg-info/PKG-INFO
writing dependency_links to ../../build/square_gradual/square_gradual.egg-info/dependency_links.txt
writing entry points to ../../build/square_gradual/square_gradual.egg-info/entry_points.txt
writing requirements to ../../build/square_gradual/square_gradual.egg-info/requires.txt
writing top-level names to ../../build/square_gradual/square_gradual.egg-info/top_level.txt
writing manifest file '../../build/square_gradual/square_gradual.egg-info/SOURCES.txt'
reading manifest file '../../build/square_gradual/square_gradual.egg-info/SOURCES.txt'
writing manifest file '../../build/square_gradual/square_gradual.egg-info/SOURCES.txt'
running build
running build_py
creating /home/hashizume/experiment/build/square_gradual/build
creating /home/hashizume/experiment/build/square_gradual/build/lib
creating /home/hashizume/experiment/build/square_gradual/build/lib/square_gradual
copying square_gradual/__init__.py -> /home/hashizume/experiment/build/square_gradual/build/lib/square_gradual
copying square_gradual/square_gradual.py -> /home/hashizume/experiment/build/square_gradual/build/lib/square_gradual
running install
running install_lib
creating /home/hashizume/experiment/install/square_gradual/lib/python3.10/site-packages/square_gradual
copying /home/hashizume/experiment/build/square_gradual/build/lib/square_gradual/__init__.py -> /home/hashizume/experiment/install/square_gradual/lib/python3.10/site-packages/square_gradual
copying /home/hashizume/experiment/build/square_gradual/build/lib/square_gradual/square_gradual.py -> /home/hashizume/experiment/install/square_gradual/lib/python3.10/site-packages/square_gradual
byte-compiling /home/hashizume/experiment/install/square_gradual/lib/python3.10/site-packages/square_gradual/__init__.py to __init__.cpython-310.pyc
byte-compiling /home/hashizume/experiment/install/square_gradual/lib/python3.10/site-packages/square_gradual/square_gradual.py to square_gradual.cpython-310.pyc
running install_egg_info
Copying ../../build/square_gradual/square_gradual.egg-info to /home/hashizume/experiment/install/square_gradual/lib/python3.10/site-packages/square_gradual-0.0.0-py3.10.egg-info
running install_scripts
Installing square_gradual script to /home/hashizume/experiment/install/square_gradual/lib/square_gradual
writing list of installed files to '/home/hashizume/experiment/build/square_gradual/install.log'
