[2.251s] Invoking command in '/home/hashizume/experiment/src/square_gradual': PYTHONPATH=/home/hashizume/experiment/build/square_gradual/prefix_override:/usr/lib/python3/dist-packages/colcon_core/task/python/colcon_distutils_commands:/home/hashizume/experiment/install/square_gradual/lib/python3.10/site-packages:${PYTHONPATH} /usr/bin/python3 -W ignore:setup.py install is deprecated -W ignore:easy_install command is deprecated setup.py egg_info --egg-base ../../build/square_gradual build --build-base /home/hashizume/experiment/build/square_gradual/build install --record /home/hashizume/experiment/build/square_gradual/install.log --single-version-externally-managed
[2.459s] running egg_info
[2.460s] creating ../../build/square_gradual/square_gradual.egg-info
[2.460s] writing ../../build/square_gradual/square_gradual.egg-info/PKG-INFO
[2.461s] writing dependency_links to ../../build/square_gradual/square_gradual.egg-info/dependency_links.txt
[2.461s] writing entry points to ../../build/square_gradual/square_gradual.egg-info/entry_points.txt
[2.461s] writing requirements to ../../build/square_gradual/square_gradual.egg-info/requires.txt
[2.461s] writing top-level names to ../../build/square_gradual/square_gradual.egg-info/top_level.txt
[2.461s] writing manifest file '../../build/square_gradual/square_gradual.egg-info/SOURCES.txt'
[2.463s] reading manifest file '../../build/square_gradual/square_gradual.egg-info/SOURCES.txt'
[2.464s] writing manifest file '../../build/square_gradual/square_gradual.egg-info/SOURCES.txt'
[2.464s] running build
[2.464s] running build_py
[2.464s] creating /home/hashizume/experiment/build/square_gradual/build
[2.464s] creating /home/hashizume/experiment/build/square_gradual/build/lib
[2.465s] creating /home/hashizume/experiment/build/square_gradual/build/lib/square_gradual
[2.465s] copying square_gradual/__init__.py -> /home/hashizume/experiment/build/square_gradual/build/lib/square_gradual
[2.465s] copying square_gradual/square_gradual.py -> /home/hashizume/experiment/build/square_gradual/build/lib/square_gradual
[2.465s] running install
[2.465s] running install_lib
[2.466s] creating /home/hashizume/experiment/install/square_gradual/lib/python3.10/site-packages/square_gradual
[2.466s] copying /home/hashizume/experiment/build/square_gradual/build/lib/square_gradual/__init__.py -> /home/hashizume/experiment/install/square_gradual/lib/python3.10/site-packages/square_gradual
[2.468s] copying /home/hashizume/experiment/build/square_gradual/build/lib/square_gradual/square_gradual.py -> /home/hashizume/experiment/install/square_gradual/lib/python3.10/site-packages/square_gradual
[2.468s] byte-compiling /home/hashizume/experiment/install/square_gradual/lib/python3.10/site-packages/square_gradual/__init__.py to __init__.cpython-310.pyc
[2.469s] byte-compiling /home/hashizume/experiment/install/square_gradual/lib/python3.10/site-packages/square_gradual/square_gradual.py to square_gradual.cpython-310.pyc
[2.470s] running install_egg_info
[2.472s] Copying ../../build/square_gradual/square_gradual.egg-info to /home/hashizume/experiment/install/square_gradual/lib/python3.10/site-packages/square_gradual-0.0.0-py3.10.egg-info
[2.473s] running install_scripts
[2.495s] Installing square_gradual script to /home/hashizume/experiment/install/square_gradual/lib/square_gradual
[2.495s] writing list of installed files to '/home/hashizume/experiment/build/square_gradual/install.log'
[2.577s] Invoked command in '/home/hashizume/experiment/src/square_gradual' returned '0': PYTHONPATH=/home/hashizume/experiment/build/square_gradual/prefix_override:/usr/lib/python3/dist-packages/colcon_core/task/python/colcon_distutils_commands:/home/hashizume/experiment/install/square_gradual/lib/python3.10/site-packages:${PYTHONPATH} /usr/bin/python3 -W ignore:setup.py install is deprecated -W ignore:easy_install command is deprecated setup.py egg_info --egg-base ../../build/square_gradual build --build-base /home/hashizume/experiment/build/square_gradual/build install --record /home/hashizume/experiment/build/square_gradual/install.log --single-version-externally-managed
